TEST AUDIT RESULTS
================================================================================


File: test_backend_adapter_comprehensive.py
Status: UNKNOWN
Tests: 0P / 0F / 0S / 0E
Issue: Unknown
Details:
................................                                         [100%]
32 passed in 0.22s

--------------------------------------------------------------------------------

File: test_backend_error_handling.py
Status: UNKNOWN
Tests: 0P / 0F / 0S / 0E
Issue: Unknown
Details:
..........................................                               [100%]
42 passed in 0.16s

--------------------------------------------------------------------------------

File: test_cluster_api.py
Status: IMPORT_ERROR
Tests: 0P / 0F / 0S / 2E
Issue: Import/Dependency
Details:

==================================== ERRORS ====================================
_______________ ERROR collecting tests/unit/test_cluster_api.py ________________
ImportError while importing test module '/home/runner/work/ipfs_kit_py/ipfs_kit_py/tests/unit/test_cluster_api.py'.
Hint: make sure your test modules/packages have valid Python names.
Traceback:
/usr/lib/python3.12/importlib/__init__.py:90: in import_module
    return _bootstrap._gcd_import(name[level:], package, level)
           ^^^^
--------------------------------------------------------------------------------

File: test_cluster_backends.py
Status: IMPORT_ERROR
Tests: 0P / 0F / 0S / 2E
Issue: Import/Dependency
Details:

==================================== ERRORS ====================================
_____________ ERROR collecting tests/unit/test_cluster_backends.py _____________
ImportError while importing test module '/home/runner/work/ipfs_kit_py/ipfs_kit_py/tests/unit/test_cluster_backends.py'.
Hint: make sure your test modules/packages have valid Python names.
Traceback:
/usr/lib/python3.12/importlib/__init__.py:90: in import_module
    return _bootstrap._gcd_import(name[level:], package, level)
          
--------------------------------------------------------------------------------

File: test_cluster_follow_enhanced.py
Status: UNKNOWN
Tests: 0P / 0F / 0S / 0E
Issue: Unknown
Details:
....                                                                     [100%]
4 passed in 0.09s

--------------------------------------------------------------------------------

File: test_cluster_startup.py
Status: IMPORT_ERROR
Tests: 0P / 0F / 0S / 2E
Issue: Import/Dependency
Details:

==================================== ERRORS ====================================
_____________ ERROR collecting tests/unit/test_cluster_startup.py ______________
ImportError while importing test module '/home/runner/work/ipfs_kit_py/ipfs_kit_py/tests/unit/test_cluster_startup.py'.
Hint: make sure your test modules/packages have valid Python names.
Traceback:
/usr/lib/python3.12/importlib/__init__.py:90: in import_module
    return _bootstrap._gcd_import(name[level:], package, level)
           
--------------------------------------------------------------------------------

File: test_columnar_ipld_imports.py
Status: IMPORT_ERROR
Tests: 0P / 0F / 0S / 0E
Issue: Import/Dependency
Details:
F                                                                        [100%]
=================================== FAILURES ===================================
E   assert False
     +  where False = main()
----------------------------- Captured stderr call -----------------------------
Traceback (most recent call last):
  File "/home/runner/work/ipfs_kit_py/ipfs_kit_py/tests/unit/test_columnar_ipld_imports.py", line 25, in _try_import
    exec(import_statement)
  File "<string>", line 1, in <mo
--------------------------------------------------------------------------------

File: test_config_save.py
Status: IMPORT_ERROR
Tests: 0P / 0F / 0S / 2E
Issue: Import/Dependency
Details:

==================================== ERRORS ====================================
_______________ ERROR collecting tests/unit/test_config_save.py ________________
ImportError while importing test module '/home/runner/work/ipfs_kit_py/ipfs_kit_py/tests/unit/test_config_save.py'.
Hint: make sure your test modules/packages have valid Python names.
Traceback:
/usr/lib/python3.12/importlib/__init__.py:90: in import_module
    return _bootstrap._gcd_import(name[level:], package, level)
           ^^^^
--------------------------------------------------------------------------------

File: test_configured_backends.py
Status: UNKNOWN
Tests: 0P / 0F / 0S / 0E
Issue: Unknown
Details:
...                                                                      [100%]
3 passed in 0.08s

--------------------------------------------------------------------------------

File: test_daemon_indexing.py
Status: IMPORT_ERROR
Tests: 0P / 0F / 0S / 2E
Issue: Import/Dependency
Details:

==================================== ERRORS ====================================
_____________ ERROR collecting tests/unit/test_daemon_indexing.py ______________
ImportError while importing test module '/home/runner/work/ipfs_kit_py/ipfs_kit_py/tests/unit/test_daemon_indexing.py'.
Hint: make sure your test modules/packages have valid Python names.
Traceback:
/usr/lib/python3.12/importlib/__init__.py:90: in import_module
    return _bootstrap._gcd_import(name[level:], package, level)
           
--------------------------------------------------------------------------------

File: test_daemon_lockfile_mgmt.py
Status: IMPORT_ERROR
Tests: 0P / 0F / 0S / 2E
Issue: Import/Dependency
Details:

==================================== ERRORS ====================================
___________ ERROR collecting tests/unit/test_daemon_lockfile_mgmt.py ___________
ImportError while importing test module '/home/runner/work/ipfs_kit_py/ipfs_kit_py/tests/unit/test_daemon_lockfile_mgmt.py'.
Hint: make sure your test modules/packages have valid Python names.
Traceback:
/usr/lib/python3.12/importlib/__init__.py:90: in import_module
    return _bootstrap._gcd_import(name[level:], package, level)
      
--------------------------------------------------------------------------------

File: test_daemon_manager.py
Status: IMPORT_ERROR
Tests: 0P / 0F / 0S / 0E
Issue: Import/Dependency
Details:
F                                                                        [100%]
=================================== FAILURES ===================================
E   ModuleNotFoundError: No module named 'psutil'

During handling of the above exception, another exception occurred:
E   Failed: Daemon manager test failed: No module named 'psutil'
----------------------------- Captured stdout call -----------------------------
=== Testing Daemon Manager ===
1. Testing imports...
Error: No module name
--------------------------------------------------------------------------------

File: test_daemon_manager_complete.py
Status: IMPORT_ERROR
Tests: 0P / 0F / 0S / 0E
Issue: Import/Dependency
Details:
F.                                                                       [100%]
=================================== FAILURES ===================================
E   ModuleNotFoundError: No module named 'httpx'

During handling of the above exception, another exception occurred:
E   Failed: Import Error: No module named 'httpx'
----------------------------- Captured stdout call -----------------------------
üîß Testing IPFS Daemon Manager - Comprehensive Solution
===================================
--------------------------------------------------------------------------------

File: test_daemon_startup.py
Status: UNKNOWN
Tests: 0P / 0F / 0S / 0E
Issue: Unknown
Details:

no tests ran in 0.11s

--------------------------------------------------------------------------------

File: test_duckdb_pin_metadata.py
Status: UNKNOWN
Tests: 0P / 0F / 0S / 0E
Issue: Unknown
Details:

no tests ran in 0.07s

--------------------------------------------------------------------------------

File: test_enhanced_daemon_mgmt.py
Status: IMPORT_ERROR
Tests: 0P / 0F / 0S / 0E
Issue: Import/Dependency
Details:
.FF                                                                      [100%]
=================================== FAILURES ===================================
E   ModuleNotFoundError: No module named 'psutil'

During handling of the above exception, another exception occurred:
E   Failed: IPFSKit integration test failed: No module named 'psutil'
----------------------------- Captured stdout call -----------------------------

=== Testing IPFSKit Integration ===
‚ùå Error testing IPFSKit integrat
--------------------------------------------------------------------------------

File: test_enhanced_graphrag_mcp.py
Status: IMPORT_ERROR
Tests: 0P / 0F / 0S / 0E
Issue: Import/Dependency
Details:
F                                                                        [100%]
=================================== FAILURES ===================================
E   Failed: MCP server initialization failed: No valid response from server
----------------------------- Captured stdout call -----------------------------
üöÄ Testing Enhanced GraphRAG MCP Server
==================================================

üìã Test 1: Initialize MCP Server
------------------------------
Server stderr: Traceback (mo
--------------------------------------------------------------------------------

File: test_enhanced_libp2p.py
Status: UNKNOWN
Tests: 0P / 0F / 0S / 0E
Issue: Unknown
Details:

=========================== short test summary info ============================
SKIPPED [1] tests/unit/test_enhanced_libp2p.py:25: Opt-in integration smoke test. Set IPFS_KIT_RUN_LONG_INTEGRATION=1 to run.
1 skipped in 0.07s

--------------------------------------------------------------------------------

File: test_enhanced_vector_kb.py
Status: IMPORT_ERROR
Tests: 0P / 0F / 0S / 2E
Issue: Import/Dependency
Details:

==================================== ERRORS ====================================
____________ ERROR collecting tests/unit/test_enhanced_vector_kb.py ____________
ImportError while importing test module '/home/runner/work/ipfs_kit_py/ipfs_kit_py/tests/unit/test_enhanced_vector_kb.py'.
Hint: make sure your test modules/packages have valid Python names.
Traceback:
/usr/lib/python3.12/importlib/__init__.py:90: in import_module
    return _bootstrap._gcd_import(name[level:], package, level)
        
--------------------------------------------------------------------------------

File: test_fast_indexes.py
Status: UNKNOWN
Tests: 0P / 0F / 0S / 0E
Issue: Unknown
Details:

no tests ran in 0.07s

--------------------------------------------------------------------------------

File: test_filecoin_backend_extended.py
Status: UNKNOWN
Tests: 0P / 0F / 0S / 0E
Issue: Unknown
Details:
ssssssssssssssssssss.                                                    [100%]
=========================== short test summary info ============================
SKIPPED [1] tests/unit/test_filecoin_backend_extended.py:53: Failed to initialize Filecoin backend: No module named 'fastapi'
SKIPPED [1] tests/unit/test_filecoin_backend_extended.py:67: Failed to initialize Filecoin backend: No module named 'fastapi'
SKIPPED [1] tests/unit/test_filecoin_backend_extended.py:78: Failed to initialize Filec
--------------------------------------------------------------------------------

File: test_fixed_mcp_server.py
Status: UNKNOWN
Tests: 0P / 0F / 0S / 0E
Issue: Unknown
Details:
.                                                                        [100%]
1 passed in 0.07s

--------------------------------------------------------------------------------

File: test_ftp_kit.py
Status: UNKNOWN
Tests: 0P / 0F / 0S / 0E
Issue: Unknown
Details:
.......F...F......F.........                                             [100%]
=================================== FAILURES ===================================
E   Failed: DID NOT RAISE <class 'Exception'>
------------------------------ Captured log call -------------------------------
WARNING  ipfs_kit_py.ftp_kit:ftp_kit.py:156 FTP connection attempt 1 failed: 530 Login incorrect
WARNING  ipfs_kit_py.ftp_kit:ftp_kit.py:156 FTP connection attempt 2 failed: 530 Login incorrect
WARNING  ipfs_kit_
--------------------------------------------------------------------------------

File: test_gdrive_kit_comprehensive.py
Status: UNKNOWN
Tests: 0P / 0F / 0S / 0E
Issue: Unknown
Details:
....F.F..F..FFF..F.......F.F..F.F...                                     [100%]
=================================== FAILURES ===================================
E   AssertionError: unexpectedly None
/usr/lib/python3.12/unittest/case.py:715: AssertionError: unexpectedly None
E   AttributeError: 'bool' object has no attribute 'get'
------------------------------ Captured log call -------------------------------
ERROR    ipfs_kit_py.gdrive_kit:gdrive_kit.py:361 Failed to refresh Google Drive token:
--------------------------------------------------------------------------------

File: test_gdrive_sync.py
Status: IMPORT_ERROR
Tests: 0P / 0F / 0S / 2E
Issue: Import/Dependency
Details:

==================================== ERRORS ====================================
_______________ ERROR collecting tests/unit/test_gdrive_sync.py ________________
ImportError while importing test module '/home/runner/work/ipfs_kit_py/ipfs_kit_py/tests/unit/test_gdrive_sync.py'.
Hint: make sure your test modules/packages have valid Python names.
Traceback:
/usr/lib/python3.12/importlib/__init__.py:90: in import_module
    return _bootstrap._gcd_import(name[level:], package, level)
           ^^^^
--------------------------------------------------------------------------------

File: test_github_kit_comprehensive.py
Status: UNKNOWN
Tests: 0P / 0F / 0S / 0E
Issue: Unknown
Details:
.....F..F.F....F..F.F..FF...FFFF......                                   [100%]
=================================== FAILURES ===================================
E   AssertionError: False is not true
/usr/lib/python3.12/unittest/case.py:727: AssertionError: False is not true
E   KeyError: 'owner'
/home/runner/work/ipfs_kit_py/ipfs_kit_py/ipfs_kit_py/github_kit.py:194: KeyError: 'owner'
E   ValueError: Unsupported method: DELETE
/home/runner/work/ipfs_kit_py/ipfs_kit_py/ipfs_kit_py/github_kit.py:1
--------------------------------------------------------------------------------

File: test_graphrag_features.py
Status: UNKNOWN
Tests: 0P / 0F / 0S / 0E
Issue: Unknown
Details:
F                                                                        [100%]
=================================== FAILURES ===================================
E   FileNotFoundError: [Errno 2] No such file or directory: '/home/runner/work/ipfs_kit_py/ipfs_kit_py/.venv/bin/python'

During handling of the above exception, another exception occurred:
E   Failed: GraphRAG test failed: [Errno 2] No such file or directory: '/home/runner/work/ipfs_kit_py/ipfs_kit_py/.venv/bin/python'
-----------------
--------------------------------------------------------------------------------

File: test_health_api.py
Status: UNKNOWN
Tests: 0P / 0F / 0S / 0E
Issue: Unknown
Details:
.                                                                        [100%]
1 passed in 0.08s

--------------------------------------------------------------------------------

File: test_health_monitor_cluster.py
Status: UNKNOWN
Tests: 0P / 0F / 0S / 0E
Issue: Unknown
Details:
.                                                                        [100%]
1 passed in 0.08s

--------------------------------------------------------------------------------

File: test_huggingface_kit_extended.py
Status: UNKNOWN
Tests: 0P / 0F / 0S / 0E
Issue: Unknown
Details:
..............FF.......F.....                                            [100%]
=================================== FAILURES ===================================
E   AttributeError: <module 'ipfs_kit_py.huggingface_kit' from '/home/runner/work/ipfs_kit_py/ipfs_kit_py/ipfs_kit_py/huggingface_kit.py'> does not have the attribute 'hf_hub_download'
------------------------------ Captured log setup ------------------------------
WARNING  ipfs_kit_py.huggingface_kit:huggingface_kit.py:126 huggingface_h
--------------------------------------------------------------------------------

File: test_ipfs_health.py
Status: IMPORT_ERROR
Tests: 0P / 0F / 0S / 2E
Issue: Import/Dependency
Details:

==================================== ERRORS ====================================
_______________ ERROR collecting tests/unit/test_ipfs_health.py ________________
ImportError while importing test module '/home/runner/work/ipfs_kit_py/ipfs_kit_py/tests/unit/test_ipfs_health.py'.
Hint: make sure your test modules/packages have valid Python names.
Traceback:
/usr/lib/python3.12/importlib/__init__.py:90: in import_module
    return _bootstrap._gcd_import(name[level:], package, level)
           ^^^^
--------------------------------------------------------------------------------

File: test_lassie_kit_extended.py
Status: UNKNOWN
Tests: 0P / 0F / 0S / 0E
Issue: Unknown
Details:
...........................                                              [100%]
27 passed in 0.20s

--------------------------------------------------------------------------------

File: test_libp2p_health_api.py
Status: IMPORT_ERROR
Tests: 0P / 0F / 0S / 2E
Issue: Import/Dependency
Details:

==================================== ERRORS ====================================
____________ ERROR collecting tests/unit/test_libp2p_health_api.py _____________
ImportError while importing test module '/home/runner/work/ipfs_kit_py/ipfs_kit_py/tests/unit/test_libp2p_health_api.py'.
Hint: make sure your test modules/packages have valid Python names.
Traceback:
/usr/lib/python3.12/importlib/__init__.py:90: in import_module
    return _bootstrap._gcd_import(name[level:], package, level)
         
--------------------------------------------------------------------------------

File: test_log_styling.py
Status: UNKNOWN
Tests: 0P / 0F / 0S / 0E
Issue: Unknown
Details:
.                                                                        [100%]
1 passed in 1.11s

--------------------------------------------------------------------------------

File: test_lotus_daemon_status.py
Status: UNKNOWN
Tests: 0P / 0F / 0S / 0E
Issue: Unknown
Details:
.                                                                        [100%]
1 passed in 0.16s

--------------------------------------------------------------------------------

File: test_mcp_client_js_header.py
Status: IMPORT_ERROR
Tests: 0P / 0F / 0S / 2E
Issue: Import/Dependency
Details:

==================================== ERRORS ====================================
___________ ERROR collecting tests/unit/test_mcp_client_js_header.py ___________
ImportError while importing test module '/home/runner/work/ipfs_kit_py/ipfs_kit_py/tests/unit/test_mcp_client_js_header.py'.
Hint: make sure your test modules/packages have valid Python names.
Traceback:
/usr/lib/python3.12/importlib/__init__.py:90: in import_module
    return _bootstrap._gcd_import(name[level:], package, level)
      
--------------------------------------------------------------------------------

File: test_minimal_cli.py
Status: UNKNOWN
Tests: 0P / 0F / 0S / 0E
Issue: Unknown
Details:

no tests ran in 0.11s

--------------------------------------------------------------------------------

File: test_peer_endpoints.py
Status: IMPORT_ERROR
Tests: 0P / 0F / 0S / 2E
Issue: Import/Dependency
Details:

==================================== ERRORS ====================================
______________ ERROR collecting tests/unit/test_peer_endpoints.py ______________
ImportError while importing test module '/home/runner/work/ipfs_kit_py/ipfs_kit_py/tests/unit/test_peer_endpoints.py'.
Hint: make sure your test modules/packages have valid Python names.
Traceback:
/usr/lib/python3.12/importlib/__init__.py:90: in import_module
    return _bootstrap._gcd_import(name[level:], package, level)
           ^
--------------------------------------------------------------------------------

File: test_peer_id_generation.py
Status: IMPORT_ERROR
Tests: 0P / 0F / 0S / 2E
Issue: Import/Dependency
Details:

==================================== ERRORS ====================================
____________ ERROR collecting tests/unit/test_peer_id_generation.py ____________
ImportError while importing test module '/home/runner/work/ipfs_kit_py/ipfs_kit_py/tests/unit/test_peer_id_generation.py'.
Hint: make sure your test modules/packages have valid Python names.
Traceback:
/usr/lib/python3.12/importlib/__init__.py:90: in import_module
    return _bootstrap._gcd_import(name[level:], package, level)
        
--------------------------------------------------------------------------------

File: test_phase1.py
Status: IMPORT_ERROR
Tests: 0P / 0F / 0S / 0E
Issue: Import/Dependency
Details:
F                                                                        [100%]
=================================== FAILURES ===================================
E   ModuleNotFoundError: No module named 'fastapi'

During handling of the above exception, another exception occurred:
E   Failed: Tool Registry test failed: No module named 'fastapi'
----------------------------- Captured stdout call -----------------------------
Testing Phase 1 Components
========================================
1. Te
--------------------------------------------------------------------------------

File: test_phase2.py
Status: UNKNOWN
Tests: 0P / 0F / 0S / 0E
Issue: Unknown
Details:

=========================== short test summary info ============================
SKIPPED [1] tests/unit/test_phase2.py:5: Phase2 unit architecture removed; skipping test
1 skipped in 0.07s

--------------------------------------------------------------------------------

File: test_pin_metadata_index.py
Status: UNKNOWN
Tests: 0P / 0F / 0S / 0E
Issue: Unknown
Details:

=========================== short test summary info ============================
SKIPPED [1] tests/unit/test_pin_metadata_index.py:3: Deprecated test skipped: IPFSPinMetadataIndex subsystem removed from current codebase; retained for historical reference only.
1 skipped in 0.07s

--------------------------------------------------------------------------------

File: test_protobuf_fix.py
Status: IMPORT_ERROR
Tests: 0P / 0F / 0S / 0E
Issue: Import/Dependency
Details:
FFF                                                                      [100%]
=================================== FAILURES ===================================
E   ModuleNotFoundError: No module named 'google'

During handling of the above exception, another exception occurred:
E   Failed: Protobuf/libp2p test failed: No module named 'google'
----------------------------- Captured stdout call -----------------------------
üîç Testing protobuf fix...
‚ùå Protobuf/libp2p error: No module named 'googl
--------------------------------------------------------------------------------

File: test_role_component_disabling.py
Status: UNKNOWN
Tests: 0P / 0F / 0S / 0E
Issue: Unknown
Details:
..                                                                       [100%]
2 passed in 0.46s

--------------------------------------------------------------------------------

File: test_role_config.py
Status: UNKNOWN
Tests: 0P / 0F / 0S / 0E
Issue: Unknown
Details:

no tests ran in 0.07s

--------------------------------------------------------------------------------

File: test_secure_config.py
Status: IMPORT_ERROR
Tests: 0P / 0F / 0S / 2E
Issue: Import/Dependency
Details:

==================================== ERRORS ====================================
______________ ERROR collecting tests/unit/test_secure_config.py _______________
ImportError while importing test module '/home/runner/work/ipfs_kit_py/ipfs_kit_py/tests/unit/test_secure_config.py'.
Hint: make sure your test modules/packages have valid Python names.
Traceback:
/usr/lib/python3.12/importlib/__init__.py:90: in import_module
    return _bootstrap._gcd_import(name[level:], package, level)
           ^^
--------------------------------------------------------------------------------

File: test_simple_enhanced_mcp.py
Status: IMPORT_ERROR
Tests: 0P / 0F / 0S / 0E
Issue: Import/Dependency
Details:
F                                                                        [100%]
=================================== FAILURES ===================================
E   assert False

During handling of the above exception, another exception occurred:
E   Failed: Enhanced MCP server test failed: assert False
----------------------------- Captured stdout call -----------------------------
üöÄ Testing Enhanced GraphRAG MCP Server Startup
==================================================
üìã Server Output:
--------------------------------------------------------------------------------

File: test_sshfs_kit.py
Status: UNKNOWN
Tests: 0P / 0F / 0S / 0E
Issue: Unknown
Details:
...ssssssss..sssssss..                                                   [100%]
=========================== short test summary info ============================
SKIPPED [1] tests/unit/test_sshfs_kit.py:108: paramiko not available
SKIPPED [1] tests/unit/test_sshfs_kit.py:119: paramiko not available
SKIPPED [1] tests/unit/test_sshfs_kit.py:136: paramiko not available
SKIPPED [1] tests/unit/test_sshfs_kit.py:156: paramiko not available
SKIPPED [1] tests/unit/test_sshfs_kit.py:177: paramiko not avai
--------------------------------------------------------------------------------

File: test_vfs_version_tracking.py
Status: UNKNOWN
Tests: 0P / 0F / 0S / 0E
Issue: Unknown
Details:
...                                                                      [100%]
3 passed in 0.27s

--------------------------------------------------------------------------------
