TEST AUDIT RESULTS
================================================================================


File: test_backend_adapter_comprehensive.py
Status: UNKNOWN
Tests: 0P / 0F / 0S / 0E
Issue: Unknown
Details:
................................                                         [100%]
32 passed in 0.25s

--------------------------------------------------------------------------------

File: test_backend_error_handling.py
Status: UNKNOWN
Tests: 0P / 0F / 0S / 0E
Issue: Unknown
Details:
..........................................                               [100%]
42 passed in 0.16s

--------------------------------------------------------------------------------

File: test_cluster_api.py
Status: UNKNOWN
Tests: 0P / 0F / 0S / 0E
Issue: Unknown
Details:
..                                                                       [100%]
2 passed in 0.28s

--------------------------------------------------------------------------------

File: test_cluster_backends.py
Status: FAIL
Tests: 0P / 0F / 0S / 2E
Issue: Test Failures
Details:

==================================== ERRORS ====================================
_____________ ERROR collecting tests/unit/test_cluster_backends.py _____________
E   AttributeError: 'NoneType' object has no attribute 'Table'
=========================== short test summary info ============================
ERROR tests/unit/test_cluster_backends.py - AttributeError: 'NoneType' object has no attribute 'Table'
!!!!!!!!!!!!!!!!!!!! Interrupted: 1 error during collection !!!!!!!!!!!!!!!!!!!!
1 error i
--------------------------------------------------------------------------------

File: test_cluster_follow_enhanced.py
Status: UNKNOWN
Tests: 0P / 0F / 0S / 0E
Issue: Unknown
Details:
....                                                                     [100%]
4 passed in 0.91s

--------------------------------------------------------------------------------

File: test_cluster_startup.py
Status: UNKNOWN
Tests: 0P / 0F / 0S / 0E
Issue: Unknown
Details:
.                                                                        [100%]
1 passed in 0.23s

--------------------------------------------------------------------------------

File: test_columnar_ipld_imports.py
Status: IMPORT_ERROR
Tests: 0P / 0F / 0S / 0E
Issue: Import/Dependency
Details:
F                                                                        [100%]
=================================== FAILURES ===================================
E   assert False
     +  where False = main()
----------------------------- Captured stderr call -----------------------------
Traceback (most recent call last):
  File "/home/runner/work/ipfs_kit_py/ipfs_kit_py/tests/unit/test_columnar_ipld_imports.py", line 25, in _try_import
    exec(import_statement)
  File "<string>", line 1, in <mo
--------------------------------------------------------------------------------

File: test_config_save.py
Status: FAIL
Tests: 0P / 0F / 0S / 2E
Issue: Test Failures
Details:

==================================== ERRORS ====================================
_______________ ERROR collecting tests/unit/test_config_save.py ________________
E   AttributeError: 'NoneType' object has no attribute 'Table'
=========================== short test summary info ============================
ERROR tests/unit/test_config_save.py - AttributeError: 'NoneType' object has no attribute 'Table'
!!!!!!!!!!!!!!!!!!!! Interrupted: 1 error during collection !!!!!!!!!!!!!!!!!!!!
1 error in 0.8
--------------------------------------------------------------------------------

File: test_configured_backends.py
Status: UNKNOWN
Tests: 0P / 0F / 0S / 0E
Issue: Unknown
Details:
...                                                                      [100%]
3 passed in 0.88s

--------------------------------------------------------------------------------

File: test_daemon_indexing.py
Status: UNKNOWN
Tests: 0P / 0F / 0S / 0E
Issue: Unknown
Details:
+++++++++++++++++++++++++++++++++++ Timeout ++++++++++++++++++++++++++++++++++++
~~~~~~~~~~~~~~~~~~~~~~~~~~~~~~~ Captured stdout ~~~~~~~~~~~~~~~~~~~~~~~~~~~~~~~~
ðŸš€ Testing Enhanced Daemon Manager with Background Indexing
============================================================
ðŸ“‹ Initial State:
   Index update running: False
   Update interval: 5 seconds
   IPFS Kit path: /home/runner/.ipfs_kit
   IPFS daemon status: Not running

ðŸ”§ Testing Background Index Updates...
âœ… Background indexing sta
--------------------------------------------------------------------------------

File: test_daemon_lockfile_mgmt.py
Status: UNKNOWN
Tests: 0P / 0F / 0S / 0E
Issue: Unknown
Details:
.                                                                        [100%]
1 passed in 0.30s

--------------------------------------------------------------------------------

File: test_daemon_manager.py
Status: UNKNOWN
Tests: 0P / 0F / 0S / 0E
Issue: Unknown
Details:
.                                                                        [100%]
1 passed in 0.19s

--------------------------------------------------------------------------------

File: test_daemon_manager_complete.py
Status: UNKNOWN
Tests: 0P / 0F / 0S / 0E
Issue: Unknown
Details:
..                                                                       [100%]
2 passed in 0.48s

--------------------------------------------------------------------------------

File: test_daemon_startup.py
Status: UNKNOWN
Tests: 0P / 0F / 0S / 0E
Issue: Unknown
Details:

no tests ran in 0.12s

--------------------------------------------------------------------------------

File: test_duckdb_pin_metadata.py
Status: UNKNOWN
Tests: 0P / 0F / 0S / 0E
Issue: Unknown
Details:

no tests ran in 0.08s

--------------------------------------------------------------------------------

File: test_enhanced_daemon_mgmt.py
Status: IMPORT_ERROR
Tests: 0P / 0F / 0S / 0E
Issue: Import/Dependency
Details:
.FF                                                                      [100%]
=================================== FAILURES ===================================
E   ImportError: cannot import name 'ipfs_kit' from partially initialized module 'ipfs_kit_py.ipfs_kit' (most likely due to a circular import) (/home/runner/work/ipfs_kit_py/ipfs_kit_py/ipfs_kit_py/ipfs_kit.py). Did you mean: 'ipfs_py'?

During handling of the above exception, another exception occurred:
E   Failed: IPFSKit integration t
--------------------------------------------------------------------------------

File: test_enhanced_graphrag_mcp.py
Status: IMPORT_ERROR
Tests: 0P / 0F / 0S / 0E
Issue: Import/Dependency
Details:
F                                                                        [100%]
=================================== FAILURES ===================================
E   Failed: MCP server initialization failed: No valid response from server
----------------------------- Captured stdout call -----------------------------
ðŸš€ Testing Enhanced GraphRAG MCP Server
==================================================

ðŸ“‹ Test 1: Initialize MCP Server
------------------------------
Server stderr: Traceback (mo
--------------------------------------------------------------------------------

File: test_enhanced_libp2p.py
Status: UNKNOWN
Tests: 0P / 0F / 0S / 0E
Issue: Unknown
Details:

=========================== short test summary info ============================
SKIPPED [1] tests/unit/test_enhanced_libp2p.py:25: Opt-in integration smoke test. Set IPFS_KIT_RUN_LONG_INTEGRATION=1 to run.
1 skipped in 0.09s

--------------------------------------------------------------------------------

File: test_enhanced_vector_kb.py
Status: FAIL
Tests: 0P / 0F / 0S / 2E
Issue: Test Failures
Details:

==================================== ERRORS ====================================
____________ ERROR collecting tests/unit/test_enhanced_vector_kb.py ____________
E   AttributeError: 'NoneType' object has no attribute 'Table'
=========================== short test summary info ============================
ERROR tests/unit/test_enhanced_vector_kb.py - AttributeError: 'NoneType' object has no attribute 'Table'
!!!!!!!!!!!!!!!!!!!! Interrupted: 1 error during collection !!!!!!!!!!!!!!!!!!!!
1 error
--------------------------------------------------------------------------------

File: test_fast_indexes.py
Status: UNKNOWN
Tests: 0P / 0F / 0S / 0E
Issue: Unknown
Details:

no tests ran in 0.08s

--------------------------------------------------------------------------------

File: test_filecoin_backend_extended.py
Status: UNKNOWN
Tests: 0P / 0F / 0S / 0E
Issue: Unknown
Details:
s................FF..                                                    [100%]
=================================== FAILURES ===================================
E   AssertionError: Store failed: 'lotus_kit' object has no attribute 'lotus_client_deal'
    assert False
     +  where False = <built-in method get of dict object at 0x7f4efa8c47c0>('success')
     +    where <built-in method get of dict object at 0x7f4efa8c47c0> = {'backend': 'filecoin', 'error': "'lotus_kit' object has no attribute '
--------------------------------------------------------------------------------

File: test_fixed_mcp_server.py
Status: UNKNOWN
Tests: 0P / 0F / 0S / 0E
Issue: Unknown
Details:
.                                                                        [100%]
1 passed in 0.09s

--------------------------------------------------------------------------------

File: test_ftp_kit.py
Status: UNKNOWN
Tests: 0P / 0F / 0S / 0E
Issue: Unknown
Details:
.......F...F......F.........                                             [100%]
=================================== FAILURES ===================================
E   Failed: DID NOT RAISE <class 'Exception'>
------------------------------ Captured log call -------------------------------
WARNING  ipfs_kit_py.ftp_kit:ftp_kit.py:156 FTP connection attempt 1 failed: 530 Login incorrect
WARNING  ipfs_kit_py.ftp_kit:ftp_kit.py:156 FTP connection attempt 2 failed: 530 Login incorrect
WARNING  ipfs_kit_
--------------------------------------------------------------------------------

File: test_gdrive_kit_comprehensive.py
Status: UNKNOWN
Tests: 0P / 0F / 0S / 0E
Issue: Unknown
Details:
....F.F..F..FFF..F.......F.F..F.F...                                     [100%]
=================================== FAILURES ===================================
E   AssertionError: unexpectedly None
/usr/lib/python3.12/unittest/case.py:715: AssertionError: unexpectedly None
E   AttributeError: 'bool' object has no attribute 'get'
------------------------------ Captured log call -------------------------------
ERROR    ipfs_kit_py.gdrive_kit:gdrive_kit.py:361 Failed to refresh Google Drive token:
--------------------------------------------------------------------------------

File: test_gdrive_sync.py
Status: FAIL
Tests: 0P / 0F / 0S / 2E
Issue: Test Failures
Details:

==================================== ERRORS ====================================
_______________ ERROR collecting tests/unit/test_gdrive_sync.py ________________
E   AttributeError: 'NoneType' object has no attribute 'Table'
=========================== short test summary info ============================
ERROR tests/unit/test_gdrive_sync.py - AttributeError: 'NoneType' object has no attribute 'Table'
!!!!!!!!!!!!!!!!!!!! Interrupted: 1 error during collection !!!!!!!!!!!!!!!!!!!!
1 error in 0.8
--------------------------------------------------------------------------------

File: test_github_kit_comprehensive.py
Status: UNKNOWN
Tests: 0P / 0F / 0S / 0E
Issue: Unknown
Details:
.....F..F.F....F..F.F..FF...FFFF......                                   [100%]
=================================== FAILURES ===================================
E   AssertionError: False is not true
/usr/lib/python3.12/unittest/case.py:727: AssertionError: False is not true
E   KeyError: 'owner'
/home/runner/work/ipfs_kit_py/ipfs_kit_py/ipfs_kit_py/github_kit.py:194: KeyError: 'owner'
E   ValueError: Unsupported method: DELETE
/home/runner/work/ipfs_kit_py/ipfs_kit_py/ipfs_kit_py/github_kit.py:1
--------------------------------------------------------------------------------

File: test_graphrag_features.py
Status: UNKNOWN
Tests: 0P / 0F / 0S / 0E
Issue: Unknown
Details:
F                                                                        [100%]
=================================== FAILURES ===================================
E   FileNotFoundError: [Errno 2] No such file or directory: '/home/runner/work/ipfs_kit_py/ipfs_kit_py/.venv/bin/python'

During handling of the above exception, another exception occurred:
E   Failed: GraphRAG test failed: [Errno 2] No such file or directory: '/home/runner/work/ipfs_kit_py/ipfs_kit_py/.venv/bin/python'
-----------------
--------------------------------------------------------------------------------

File: test_health_api.py
Status: UNKNOWN
Tests: 0P / 0F / 0S / 0E
Issue: Unknown
Details:
.                                                                        [100%]
1 passed in 0.70s

--------------------------------------------------------------------------------

File: test_health_monitor_cluster.py
Status: UNKNOWN
Tests: 0P / 0F / 0S / 0E
Issue: Unknown
Details:
.                                                                        [100%]
1 passed in 0.70s

--------------------------------------------------------------------------------

File: test_huggingface_kit_extended.py
Status: UNKNOWN
Tests: 0P / 0F / 0S / 0E
Issue: Unknown
Details:
..............FF.......F.....                                            [100%]
=================================== FAILURES ===================================
E   AttributeError: <module 'ipfs_kit_py.huggingface_kit' from '/home/runner/work/ipfs_kit_py/ipfs_kit_py/ipfs_kit_py/huggingface_kit.py'> does not have the attribute 'hf_hub_download'
------------------------------ Captured log setup ------------------------------
WARNING  ipfs_kit_py.huggingface_kit:huggingface_kit.py:126 huggingface_h
--------------------------------------------------------------------------------

File: test_ipfs_health.py
Status: FAIL
Tests: 0P / 0F / 0S / 2E
Issue: Test Failures
Details:

==================================== ERRORS ====================================
_______________ ERROR collecting tests/unit/test_ipfs_health.py ________________
E   AttributeError: 'NoneType' object has no attribute 'Table'
=========================== short test summary info ============================
ERROR tests/unit/test_ipfs_health.py - AttributeError: 'NoneType' object has no attribute 'Table'
!!!!!!!!!!!!!!!!!!!! Interrupted: 1 error during collection !!!!!!!!!!!!!!!!!!!!
1 error in 0.8
--------------------------------------------------------------------------------

File: test_lassie_kit_extended.py
Status: UNKNOWN
Tests: 0P / 0F / 0S / 0E
Issue: Unknown
Details:
...........................                                              [100%]
27 passed in 0.19s

--------------------------------------------------------------------------------

File: test_libp2p_health_api.py
Status: UNKNOWN
Tests: 0P / 0F / 0S / 0E
Issue: Unknown
Details:

no tests ran in 0.35s

--------------------------------------------------------------------------------

File: test_log_styling.py
Status: UNKNOWN
Tests: 0P / 0F / 0S / 0E
Issue: Unknown
Details:
.                                                                        [100%]
1 passed in 1.12s

--------------------------------------------------------------------------------

File: test_lotus_daemon_status.py
Status: UNKNOWN
Tests: 0P / 0F / 0S / 0E
Issue: Unknown
Details:
.                                                                        [100%]
1 passed in 0.16s

--------------------------------------------------------------------------------

File: test_mcp_client_js_header.py
Status: FAIL
Tests: 0P / 0F / 0S / 2E
Issue: Test Failures
Details:

==================================== ERRORS ====================================
___________ ERROR collecting tests/unit/test_mcp_client_js_header.py ___________
E   AttributeError: 'NoneType' object has no attribute 'Table'
=========================== short test summary info ============================
ERROR tests/unit/test_mcp_client_js_header.py - AttributeError: 'NoneType' object has no attribute 'Table'
!!!!!!!!!!!!!!!!!!!! Interrupted: 1 error during collection !!!!!!!!!!!!!!!!!!!!
1 err
--------------------------------------------------------------------------------

File: test_minimal_cli.py
Status: UNKNOWN
Tests: 0P / 0F / 0S / 0E
Issue: Unknown
Details:

no tests ran in 0.12s

--------------------------------------------------------------------------------

File: test_peer_endpoints.py
Status: UNKNOWN
Tests: 0P / 0F / 0S / 0E
Issue: Unknown
Details:

no tests ran in 0.30s

--------------------------------------------------------------------------------

File: test_peer_id_generation.py
Status: UNKNOWN
Tests: 0P / 0F / 0S / 0E
Issue: Unknown
Details:
...                                                                      [100%]
3 passed in 0.21s

--------------------------------------------------------------------------------

File: test_phase1.py
Status: UNKNOWN
Tests: 0P / 0F / 0S / 0E
Issue: Unknown
Details:
F                                                                        [100%]
=================================== FAILURES ===================================
E   AttributeError: 'NoneType' object has no attribute 'Table'

During handling of the above exception, another exception occurred:
E   Failed: Tool Registry test failed: 'NoneType' object has no attribute 'Table'
----------------------------- Captured stdout call -----------------------------
Testing Phase 1 Components
=================
--------------------------------------------------------------------------------

File: test_phase2.py
Status: UNKNOWN
Tests: 0P / 0F / 0S / 0E
Issue: Unknown
Details:

=========================== short test summary info ============================
SKIPPED [1] tests/unit/test_phase2.py:5: Phase2 unit architecture removed; skipping test
1 skipped in 0.08s

--------------------------------------------------------------------------------

File: test_pin_metadata_index.py
Status: UNKNOWN
Tests: 0P / 0F / 0S / 0E
Issue: Unknown
Details:

=========================== short test summary info ============================
SKIPPED [1] tests/unit/test_pin_metadata_index.py:3: Deprecated test skipped: IPFSPinMetadataIndex subsystem removed from current codebase; retained for historical reference only.
1 skipped in 0.08s

--------------------------------------------------------------------------------

File: test_protobuf_fix.py
Status: IMPORT_ERROR
Tests: 0P / 0F / 0S / 0E
Issue: Import/Dependency
Details:
.FF                                                                      [100%]
=================================== FAILURES ===================================
E   ImportError: PyArrow is required for ParquetIPLDBridge

During handling of the above exception, another exception occurred:
E   Failed: Parquet bridge test failed: PyArrow is required for ParquetIPLDBridge
----------------------------- Captured stdout call -----------------------------

ðŸ§ª Testing Parquet IPLD Bridge...
âœ… ParquetIPLDB
--------------------------------------------------------------------------------

File: test_role_component_disabling.py
Status: UNKNOWN
Tests: 0P / 0F / 0S / 0E
Issue: Unknown
Details:
..                                                                       [100%]
=============================== warnings summary ===============================
tests/unit/test_role_component_disabling.py::test_leecher_role
  /home/runner/.local/lib/python3.12/site-packages/pydantic/_internal/_config.py:383: UserWarning: Valid config keys have changed in V2:
  * 'schema_extra' has been renamed to 'json_schema_extra'
    warnings.warn(message, UserWarning)

-- Docs: https://docs.pytest.org/en/sta
--------------------------------------------------------------------------------

File: test_role_config.py
Status: UNKNOWN
Tests: 0P / 0F / 0S / 0E
Issue: Unknown
Details:

no tests ran in 0.08s

--------------------------------------------------------------------------------

File: test_secure_config.py
Status: FAIL
Tests: 0P / 0F / 0S / 2E
Issue: Test Failures
Details:

==================================== ERRORS ====================================
______________ ERROR collecting tests/unit/test_secure_config.py _______________
E   AttributeError: 'NoneType' object has no attribute 'Table'
=========================== short test summary info ============================
ERROR tests/unit/test_secure_config.py - AttributeError: 'NoneType' object has no attribute 'Table'
!!!!!!!!!!!!!!!!!!!! Interrupted: 1 error during collection !!!!!!!!!!!!!!!!!!!!
1 error in 0
--------------------------------------------------------------------------------

File: test_simple_enhanced_mcp.py
Status: IMPORT_ERROR
Tests: 0P / 0F / 0S / 0E
Issue: Import/Dependency
Details:
F                                                                        [100%]
=================================== FAILURES ===================================
E   assert False

During handling of the above exception, another exception occurred:
E   Failed: Enhanced MCP server test failed: assert False
----------------------------- Captured stdout call -----------------------------
ðŸš€ Testing Enhanced GraphRAG MCP Server Startup
==================================================
ðŸ“‹ Server Output:
--------------------------------------------------------------------------------

File: test_sshfs_kit.py
Status: UNKNOWN
Tests: 0P / 0F / 0S / 0E
Issue: Unknown
Details:
...ssssssss..sssssss..                                                   [100%]
=========================== short test summary info ============================
SKIPPED [1] tests/unit/test_sshfs_kit.py:108: paramiko not available
SKIPPED [1] tests/unit/test_sshfs_kit.py:119: paramiko not available
SKIPPED [1] tests/unit/test_sshfs_kit.py:136: paramiko not available
SKIPPED [1] tests/unit/test_sshfs_kit.py:156: paramiko not available
SKIPPED [1] tests/unit/test_sshfs_kit.py:177: paramiko not avai
--------------------------------------------------------------------------------

File: test_vfs_version_tracking.py
Status: UNKNOWN
Tests: 0P / 0F / 0S / 0E
Issue: Unknown
Details:
...                                                                      [100%]
=============================== warnings summary ===============================
tests/unit/test_vfs_version_tracking.py::test_vfs_version_tracking
  /home/runner/.local/lib/python3.12/site-packages/pydantic/_internal/_config.py:383: UserWarning: Valid config keys have changed in V2:
  * 'schema_extra' has been renamed to 'json_schema_extra'
    warnings.warn(message, UserWarning)

-- Docs: https://docs.pytest.org/en
--------------------------------------------------------------------------------
