============================= test session starts ==============================
platform linux -- Python 3.12.3, pytest-8.3.5, pluggy-1.5.0 -- /home/barberb/ipfs_kit_py/.venv/bin/python
cachedir: .pytest_cache
Test order randomisation NOT enabled. Enable with --random-order or --random-order-bucket=<bucket_type>
rootdir: /home/barberb/ipfs_kit_py
configfile: pytest.ini
testpaths: test
plugins: asyncio-0.26.0, anyio-4.9.0, random-order-1.1.1, cov-6.1.0
asyncio: mode=Mode.STRICT, asyncio_default_fixture_loop_scope=function, asyncio_default_test_loop_scope=function
collecting ... 
----------------------------- live log collection ------------------------------
23:29:28 [    INFO] faiss.loader: Loading faiss with AVX2 support.
23:29:28 [    INFO] faiss.loader: Successfully loaded faiss with AVX2 support.
23:29:28 [    INFO] faiss: Failed to load GPU Faiss: name 'GpuIndexIVFFlat' is not defined. Will not load constructor refs for GPU indexes.
23:29:30 [    INFO] ipfs_kit_py.high_level_api: FSSpec integration available: True
23:29:31 [    INFO] ipfs_kit_py.huggingface_kit: Using existing HuggingFace Hub authentication as endomorphosis
23:29:31 [    INFO] ipfs_kit_py.ipfs_fsspec: Initialized tiered cache system with 100.0MB memory cache, 1.0GB disk cache
23:29:31 [    INFO] ipfs_kit_py.ipfs_fsspec: Initialized IPFSFileSystem with role leecher
23:29:31 [    INFO] ipfs_kit_py.high_level_api: IPFSFileSystem initialized successfully
23:29:31 [    INFO] ipfs_kit_py.high_level_api: IPFSSimpleAPI initialized with role: leecher
23:29:31 [    INFO] ipfs_kit_py.prometheus_exporter: Added Prometheus metrics endpoint at /metrics
23:29:31 [    INFO] ipfs_kit_py.api: Prometheus metrics enabled at /metrics
23:29:31 [    INFO] ipfs_kit_py.api: GraphQL API available at /graphql
23:29:31 [    INFO] ipfs_kit_py.storage_wal: Backend health check thread started
23:29:31 [    INFO] ipfs_kit_py.storage_wal: WAL processing thread started
23:29:31 [    INFO] ipfs_kit_py.wal_telemetry: WAL telemetry hooks installed successfully
23:29:31 [    INFO] ipfs_kit_py.wal_telemetry: WAL telemetry sampling thread started
23:29:31 [    INFO] ipfs_kit_py.wal_telemetry: WAL telemetry initialized with sampling interval 60s
23:29:31 [    INFO] ipfs_kit_py.wal_api: WAL telemetry initialized successfully.
23:29:31 [    INFO] ipfs_kit_py.wal_api: WAL API registered successfully with the FastAPI app.
23:29:31 [    INFO] ipfs_kit_py.api: WAL API available at /api/v0/wal
23:29:31 [    INFO] ipfs_kit_py.prometheus_exporter: Added Prometheus metrics endpoint at /metrics
23:29:31 [    INFO] ipfs_kit_py.api: Prometheus metrics endpoint added at /metrics
collected 965 items

test/test_advanced_partitioning.py::PartitionInfoTest::test_get_activity_score 
-------------------------------- live log setup --------------------------------
23:29:31 [    INFO] test.patch_cluster_state: ArrowClusterState and ClusterManager patches applied for testing
PASSED                                                                   [  0%]
test/test_advanced_partitioning.py::PartitionInfoTest::test_get_age_days PASSED [  0%]
test/test_advanced_partitioning.py::PartitionInfoTest::test_partition_info_creation PASSED [  0%]
test/test_advanced_partitioning.py::PartitionInfoTest::test_to_dict_from_dict PASSED [  0%]
test/test_advanced_partitioning.py::TimeBasedPartitionStrategyTest::test_create_partition_schema PASSED [  0%]
test/test_advanced_partitioning.py::TimeBasedPartitionStrategyTest::test_different_periods PASSED [  0%]
test/test_advanced_partitioning.py::TimeBasedPartitionStrategyTest::test_get_activity_timeframe PASSED [  0%]
test/test_advanced_partitioning.py::TimeBasedPartitionStrategyTest::test_get_partition_path PASSED [  0%]
test/test_advanced_partitioning.py::TimeBasedPartitionStrategyTest::test_partition_record 
-------------------------------- live log call ---------------------------------
23:29:31 [ WARNING] ipfs_kit_py.cache.advanced_partitioning_strategies: Timestamp column 'timestamp' not found in record, using current time
PASSED                                                                   [  0%]
test/test_advanced_partitioning.py::SizeBasedPartitionStrategyTest::test_get_partition_path PASSED [  1%]
test/test_advanced_partitioning.py::SizeBasedPartitionStrategyTest::test_initialize_partition PASSED [  1%]
test/test_advanced_partitioning.py::SizeBasedPartitionStrategyTest::test_partition_record PASSED [  1%]
test/test_advanced_partitioning.py::SizeBasedPartitionStrategyTest::test_should_rotate_partition PASSED [  1%]
test/test_advanced_partitioning.py::ContentTypePartitionStrategyTest::test_create_partition_schema PASSED [  1%]
test/test_advanced_partitioning.py::ContentTypePartitionStrategyTest::test_get_content_group PASSED [  1%]
test/test_advanced_partitioning.py::ContentTypePartitionStrategyTest::test_get_partition_path PASSED [  1%]
test/test_advanced_partitioning.py::ContentTypePartitionStrategyTest::test_normalize_content_type PASSED [  1%]
test/test_advanced_partitioning.py::ContentTypePartitionStrategyTest::test_partition_record PASSED [  1%]
test/test_advanced_partitioning.py::HashBasedPartitionStrategyTest::test_compute_hash 
-------------------------------- live log call ---------------------------------
23:29:31 [ WARNING] ipfs_kit_py.cache.advanced_partitioning_strategies: Adjusted num_partitions to next power of 2: 16
PASSED                                                                   [  1%]
test/test_advanced_partitioning.py::HashBasedPartitionStrategyTest::test_get_all_partition_paths 
-------------------------------- live log call ---------------------------------
23:29:31 [ WARNING] ipfs_kit_py.cache.advanced_partitioning_strategies: Adjusted num_partitions to next power of 2: 16
PASSED                                                                   [  2%]
test/test_advanced_partitioning.py::HashBasedPartitionStrategyTest::test_get_partition_number 
-------------------------------- live log call ---------------------------------
23:29:31 [ WARNING] ipfs_kit_py.cache.advanced_partitioning_strategies: Adjusted num_partitions to next power of 2: 16
PASSED                                                                   [  2%]
test/test_advanced_partitioning.py::HashBasedPartitionStrategyTest::test_get_partition_path 
-------------------------------- live log call ---------------------------------
23:29:31 [ WARNING] ipfs_kit_py.cache.advanced_partitioning_strategies: Adjusted num_partitions to next power of 2: 16
PASSED                                                                   [  2%]
test/test_advanced_partitioning.py::HashBasedPartitionStrategyTest::test_num_partitions_power_of_two 
-------------------------------- live log call ---------------------------------
23:29:31 [ WARNING] ipfs_kit_py.cache.advanced_partitioning_strategies: Adjusted num_partitions to next power of 2: 16
PASSED                                                                   [  2%]
test/test_advanced_partitioning.py::HashBasedPartitionStrategyTest::test_partition_record 
-------------------------------- live log call ---------------------------------
23:29:31 [ WARNING] ipfs_kit_py.cache.advanced_partitioning_strategies: Adjusted num_partitions to next power of 2: 16
23:29:31 [ WARNING] ipfs_kit_py.cache.advanced_partitioning_strategies: Key column 'cid' not found in record, using random key
PASSED                                                                   [  2%]
test/test_advanced_partitioning.py::DynamicPartitionManagerTest::test_get_optimal_strategy 
-------------------------------- live log call ---------------------------------
23:29:31 [    INFO] ipfs_kit_py.cache.advanced_partitioning_strategies: Partition registry file not found at /tmp/tmp8pm3u6oe/partition_registry.json, initializing empty registry
PASSED                                                                   [  2%]
test/test_advanced_partitioning.py::DynamicPartitionManagerTest::test_get_partition_for_record 
-------------------------------- live log call ---------------------------------
23:29:31 [    INFO] ipfs_kit_py.cache.advanced_partitioning_strategies: Partition registry file not found at /tmp/tmpk6ukn8ma/partition_registry.json, initializing empty registry
PASSED                                                                   [  2%]
test/test_advanced_partitioning.py::DynamicPartitionManagerTest::test_get_partitions_by_strategy 
-------------------------------- live log call ---------------------------------
23:29:31 [    INFO] ipfs_kit_py.cache.advanced_partitioning_strategies: Partition registry file not found at /tmp/tmpm4_3pf5n/partition_registry.json, initializing empty registry
PASSED                                                                   [  2%]
test/test_advanced_partitioning.py::DynamicPartitionManagerTest::test_get_strategy_for_record 
-------------------------------- live log call ---------------------------------
23:29:31 [    INFO] ipfs_kit_py.cache.advanced_partitioning_strategies: Partition registry file not found at /tmp/tmp5msjfucg/partition_registry.json, initializing empty registry
PASSED                                                                   [  2%]
test/test_advanced_partitioning.py::DynamicPartitionManagerTest::test_initialization 
-------------------------------- live log call ---------------------------------
23:29:31 [    INFO] ipfs_kit_py.cache.advanced_partitioning_strategies: Partition registry file not found at /tmp/tmpkjiifoxx/partition_registry.json, initializing empty registry
PASSED                                                                   [  3%]
test/test_advanced_partitioning.py::DynamicPartitionManagerTest::test_register_partition 
-------------------------------- live log call ---------------------------------
23:29:31 [    INFO] ipfs_kit_py.cache.advanced_partitioning_strategies: Partition registry file not found at /tmp/tmp___um9im/partition_registry.json, initializing empty registry
PASSED                                                                   [  3%]
test/test_advanced_partitioning.py::DynamicPartitionManagerTest::test_update_partition_stats 
-------------------------------- live log call ---------------------------------
23:29:31 [    INFO] ipfs_kit_py.cache.advanced_partitioning_strategies: Partition registry file not found at /tmp/tmp9hl6j8r9/partition_registry.json, initializing empty registry
PASSED                                                                   [  3%]
test/test_advanced_partitioning.py::DynamicPartitionManagerTest::test_update_workload_stats 
-------------------------------- live log call ---------------------------------
23:29:32 [    INFO] ipfs_kit_py.cache.advanced_partitioning_strategies: Partition registry file not found at /tmp/tmpy_cxsx1r/partition_registry.json, initializing empty registry
PASSED                                                                   [  3%]
test/test_advanced_partitioning.py::AdvancedPartitionManagerTest::test_analyze_workload 
-------------------------------- live log call ---------------------------------
23:29:32 [    INFO] ipfs_kit_py.cache.advanced_partitioning_strategies: Partition registry file not found at /tmp/tmpv2owy8hh/partition_registry.json, initializing empty registry
23:29:32 [    INFO] ipfs_kit_py.cache.advanced_partitioning_strategies: Initialized dynamic partitioning strategy at /tmp/tmpv2owy8hh
PASSED                                                                   [  3%]
test/test_advanced_partitioning.py::AdvancedPartitionManagerTest::test_get_partition_path 
-------------------------------- live log call ---------------------------------
23:29:32 [    INFO] ipfs_kit_py.cache.advanced_partitioning_strategies: Initialized hash_based partitioning strategy at /tmp/tmpnaqvxzyj
23:29:32 [ WARNING] ipfs_kit_py.cache.advanced_partitioning_strategies: xxhash not available, falling back to md5
PASSED                                                                   [  3%]
test/test_advanced_partitioning.py::AdvancedPartitionManagerTest::test_get_partition_statistics 
-------------------------------- live log call ---------------------------------
23:29:32 [    INFO] ipfs_kit_py.cache.advanced_partitioning_strategies: Initialized time_based partitioning strategy at /tmp/tmpv2fp49om
23:29:32 [    INFO] ipfs_kit_py.cache.advanced_partitioning_strategies: Initialized hash_based partitioning strategy at /tmp/tmpv2fp49om
23:29:32 [    INFO] ipfs_kit_py.cache.advanced_partitioning_strategies: Partition registry file not found at /tmp/tmpv2fp49om/partition_registry.json, initializing empty registry
23:29:32 [    INFO] ipfs_kit_py.cache.advanced_partitioning_strategies: Initialized dynamic partitioning strategy at /tmp/tmpv2fp49om
PASSED                                                                   [  3%]
test/test_advanced_partitioning.py::AdvancedPartitionManagerTest::test_init_with_different_strategies 
-------------------------------- live log call ---------------------------------
23:29:32 [    INFO] ipfs_kit_py.cache.advanced_partitioning_strategies: Initialized time_based partitioning strategy at /tmp/tmp_wtv539u
23:29:32 [    INFO] ipfs_kit_py.cache.advanced_partitioning_strategies: Initialized size_based partitioning strategy at /tmp/tmp_wtv539u
23:29:32 [    INFO] ipfs_kit_py.cache.advanced_partitioning_strategies: Initialized content_type partitioning strategy at /tmp/tmp_wtv539u
23:29:32 [    INFO] ipfs_kit_py.cache.advanced_partitioning_strategies: Initialized hash_based partitioning strategy at /tmp/tmp_wtv539u
23:29:32 [    INFO] ipfs_kit_py.cache.advanced_partitioning_strategies: Partition registry file not found at /tmp/tmp_wtv539u/partition_registry.json, initializing empty registry
23:29:32 [    INFO] ipfs_kit_py.cache.advanced_partitioning_strategies: Initialized dynamic partitioning strategy at /tmp/tmp_wtv539u
PASSED                                                                   [  3%]
test/test_advanced_partitioning.py::AdvancedPartitionManagerTest::test_register_access 
-------------------------------- live log call ---------------------------------
23:29:32 [    INFO] ipfs_kit_py.cache.advanced_partitioning_strategies: Partition registry file not found at /tmp/tmpu9au7y8m/partition_registry.json, initializing empty registry
23:29:32 [    INFO] ipfs_kit_py.cache.advanced_partitioning_strategies: Initialized dynamic partitioning strategy at /tmp/tmpu9au7y8m
PASSED                                                                   [  3%]
test/test_ai_ml_integration.py::TestModelRegistry::test_add_model 
-------------------------------- live log call ---------------------------------
23:29:32 [    INFO] ipfs_kit_py.ai_ml_integration: Model test_model v1.0.0 added to IPFS with CID: mock-dir-cid-fe76edf1-3fd8-45ff-b461-d58c1125e381
PASSED                                                                   [  3%]
test/test_ai_ml_integration.py::TestModelRegistry::test_framework_detection_sklearn PASSED [  4%]
test/test_ai_ml_integration.py::TestModelRegistry::test_init_and_empty_registry PASSED [  4%]
test/test_ai_ml_integration.py::TestModelRegistry::test_list_models 
-------------------------------- live log call ---------------------------------
23:29:32 [    INFO] ipfs_kit_py.ai_ml_integration: Detected framework: dummy for model model1
23:29:32 [    INFO] ipfs_kit_py.ai_ml_integration: Model model1 v1.0.0 added to IPFS with CID: mock-dir-cid-70b55cab-d823-42c3-b89f-86095705ed07
23:29:32 [    INFO] ipfs_kit_py.ai_ml_integration: Detected framework: dummy for model model1
23:29:32 [    INFO] ipfs_kit_py.ai_ml_integration: Model model1 v1.1.0 added to IPFS with CID: mock-dir-cid-70b55cab-d823-42c3-b89f-86095705ed07
23:29:32 [    INFO] ipfs_kit_py.ai_ml_integration: Detected framework: dummy for model model2
23:29:32 [    INFO] ipfs_kit_py.ai_ml_integration: Model model2 v1.0.0 added to IPFS with CID: mock-dir-cid-70b55cab-d823-42c3-b89f-86095705ed07
PASSED                                                                   [  4%]
test/test_ai_ml_integration.py::TestDatasetManager::test_add_dataset 
-------------------------------- live log call ---------------------------------
23:29:32 [    INFO] ipfs_kit_py.ai_ml_integration: Adding dataset to IPFS: /tmp/tmpj_1s6ex6/datasets/test_dataset/1.0.0
23:29:32 [    INFO] ipfs_kit_py.ai_ml_integration: Successfully added dataset to IPFS with CID: mock-dir-cid-59c9f52e-5c53-4836-85e9-967fd270e9ec
23:29:32 [    INFO] ipfs_kit_py.ai_ml_integration: Updated registry with dataset: test_dataset@1.0.0
PASSED                                                                   [  4%]
test/test_ai_ml_integration.py::TestDatasetManager::test_format_detection PASSED [  4%]
test/test_ai_ml_integration.py::TestDatasetManager::test_init_and_empty_registry PASSED [  4%]
test/test_ai_ml_integration.py::TestDatasetManager::test_list_datasets 
-------------------------------- live log call ---------------------------------
23:29:32 [    INFO] ipfs_kit_py.ai_ml_integration: Adding dataset to IPFS: /tmp/tmphw7lpnw4/datasets/dataset1/1.0.0
23:29:32 [    INFO] ipfs_kit_py.ai_ml_integration: Successfully added dataset to IPFS with CID: mock-dir-cid-29e7f242-8402-4042-a449-6830e9274d17
23:29:32 [    INFO] ipfs_kit_py.ai_ml_integration: Updated registry with dataset: dataset1@1.0.0
23:29:32 [    INFO] ipfs_kit_py.ai_ml_integration: Adding dataset to IPFS: /tmp/tmphw7lpnw4/datasets/dataset1/1.1.0
23:29:32 [    INFO] ipfs_kit_py.ai_ml_integration: Successfully added dataset to IPFS with CID: mock-dir-cid-29e7f242-8402-4042-a449-6830e9274d17
23:29:32 [    INFO] ipfs_kit_py.ai_ml_integration: Updated registry with dataset: dataset1@1.1.0
23:29:32 [    INFO] ipfs_kit_py.ai_ml_integration: Adding dataset to IPFS: /tmp/tmphw7lpnw4/datasets/dataset2/1.0.0
23:29:32 [    INFO] ipfs_kit_py.ai_ml_integration: Successfully added dataset to IPFS with CID: mock-dir-cid-29e7f242-8402-4042-a449-6830e9274d17
23:29:32 [    INFO] ipfs_kit_py.ai_ml_integration: Updated registry with dataset: dataset2@1.0.0
PASSED                                                                   [  4%]
test/test_ai_ml_integration.py::TestLangchainIntegration::test_check_availability PASSED [  4%]
test/test_ai_ml_integration.py::TestLangchainIntegration::test_create_document_loader PASSED [  4%]
test/test_ai_ml_integration.py::TestLangchainIntegration::test_create_ipfs_vectorstore PASSED [  4%]
test/test_ai_ml_integration.py::TestLlamaIndexIntegration::test_check_availability PASSED [  5%]
test/test_ai_ml_integration.py::TestLlamaIndexIntegration::test_create_ipfs_document_reader PASSED [  5%]
test/test_ai_ml_integration.py::TestIPFSDataLoader::test_close PASSED    [  5%]
test/test_ai_ml_integration.py::TestIPFSDataLoader::test_iteration PASSED [  5%]
test/test_ai_ml_integration.py::TestIPFSDataLoader::test_len PASSED      [  5%]
test/test_ai_ml_integration.py::TestIPFSDataLoader::test_load_dataset PASSED [  5%]
test/test_ai_ml_integration.py::TestIPFSDataLoader::test_load_embedded_datasets PASSED [  5%]
test/test_ai_ml_integration.py::TestIPFSDataLoader::test_to_pytorch_conversion SKIPPED [  5%]
test/test_ai_ml_integration.py::TestIPFSDataLoader::test_to_tensorflow_conversion PASSED [  5%]
test/test_ai_ml_integration.py::TestDistributedTraining::test_aggregate_training_results 
-------------------------------- live log call ---------------------------------
23:29:32 [    INFO] ipfs_kit_py.ai_ml_integration: Model test_model v1.0.0 added to IPFS with CID: test_model_cid
PASSED                                                                   [  6%]
test/test_ai_ml_integration.py::TestDistributedTraining::test_execute_training_task PASSED [  6%]
test/test_ai_ml_integration.py::TestDistributedTraining::test_prepare_distributed_task PASSED [  6%]
test/test_ai_ml_integration.py::TestTensorflowIntegration::test_create_data_loader SKIPPED [  6%]
test/test_ai_ml_integration.py::TestTensorflowIntegration::test_export_saved_model SKIPPED [  6%]
test/test_ai_ml_integration.py::TestTensorflowIntegration::test_init SKIPPED [  6%]
test/test_ai_ml_integration.py::TestTensorflowIntegration::test_load_model SKIPPED [  6%]
test/test_ai_ml_integration.py::TestTensorflowIntegration::test_optimize_for_inference SKIPPED [  6%]
test/test_ai_ml_integration.py::TestTensorflowIntegration::test_save_model SKIPPED [  6%]
test/test_ai_ml_integration.py::TestPyTorchIntegration::test_create_data_loader SKIPPED [  6%]
test/test_ai_ml_integration.py::TestPyTorchIntegration::test_export_onnx SKIPPED [  7%]
test/test_ai_ml_integration.py::TestPyTorchIntegration::test_init SKIPPED [  7%]
test/test_ai_ml_integration.py::TestPyTorchIntegration::test_load_model SKIPPED [  7%]
test/test_ai_ml_integration.py::TestPyTorchIntegration::test_optimize_for_inference SKIPPED [  7%]
test/test_ai_ml_integration.py::TestPyTorchIntegration::test_save_model SKIPPED [  7%]
test/test_ai_ml_integration.py::TestPyTorchIntegration::test_trace_model SKIPPED [  7%]
test/test_ai_ml_integration.py::TestAIMLIntegrationWithFixtures::test_dataloader_integration PASSED [  7%]
test/test_ai_ml_integration.py::TestAIMLIntegrationWithFixtures::test_dataset_integration 
-------------------------------- live log call ---------------------------------
23:29:32 [    INFO] ipfs_kit_py.ai_ml_integration: Adding dataset to IPFS: /tmp/tmpb2wfz9zw/datasets/test_dataset/1.0.0
23:29:32 [    INFO] ipfs_kit_py.ai_ml_integration: Successfully added dataset to IPFS with CID: <MagicMock name='mock.ipfs_add_path().get()' id='128636990066992'>
23:29:32 [    INFO] ipfs_kit_py.ai_ml_integration: Updated registry with dataset: test_dataset@1.0.0
PASSED                                                                   [  7%]
test/test_ai_ml_integration.py::TestAIMLIntegrationWithFixtures::test_pytorch_model_integration SKIPPED [  7%]
test/test_ai_ml_integration.py::TestAIMLIntegrationWithFixtures::test_sklearn_model_integration SKIPPED [  7%]
test/test_ai_ml_integration.py::TestAIMLIntegrationWithFixtures::test_tensorflow_model_integration SKIPPED [  8%]
test/test_ai_ml_visualization.py::TestAIMLVisualization::test_export_visualizations PASSED [  8%]
test/test_ai_ml_visualization.py::TestAIMLVisualization::test_factory_function PASSED [  8%]
test/test_ai_ml_visualization.py::TestAIMLVisualization::test_generate_html_report SKIPPED [  8%]
test/test_ai_ml_visualization.py::TestAIMLVisualization::test_graceful_degradation PASSED [  8%]
test/test_ai_ml_visualization.py::TestAIMLVisualization::test_initialization PASSED [  8%]
test/test_ai_ml_visualization.py::TestAIMLVisualization::test_library_detection PASSED [  8%]
test/test_ai_ml_visualization.py::TestAIMLVisualization::test_plot_comprehensive_dashboard PASSED [  8%]
test/test_ai_ml_visualization.py::TestAIMLVisualization::test_plot_dataset_load_times PASSED [  8%]
test/test_ai_ml_visualization.py::TestAIMLVisualization::test_plot_inference_latency PASSED [  9%]
test/test_ai_ml_visualization.py::TestAIMLVisualization::test_plot_training_metrics PASSED [  9%]
test/test_ai_ml_visualization.py::TestAIMLVisualization::test_plot_training_metrics_interactive SKIPPED [  9%]
test/test_ai_ml_visualization.py::TestAIMLVisualization::test_plot_worker_utilization PASSED [  9%]
test/test_api.py::test_health_check 
-------------------------------- live log call ---------------------------------
23:29:47 [    INFO] httpx: HTTP Request: GET http://testserver/health "HTTP/1.1 200 OK"
PASSED                                                                   [  9%]
test/test_api.py::test_api_method_normal 
-------------------------------- live log call ---------------------------------
23:29:47 [    INFO] httpx: HTTP Request: POST http://testserver/api/test_method "HTTP/1.1 200 OK"
PASSED                                                                   [  9%]
test/test_api.py::test_api_method_binary 
-------------------------------- live log call ---------------------------------
23:29:47 [    INFO] httpx: HTTP Request: POST http://testserver/api/binary_method "HTTP/1.1 200 OK"
PASSED                                                                   [  9%]
test/test_api.py::test_api_method_ipfs_error 
-------------------------------- live log call ---------------------------------
23:29:47 [    INFO] httpx: HTTP Request: POST http://testserver/api/error_method "HTTP/1.1 200 OK"
PASSED                                                                   [  9%]
test/test_api.py::test_api_method_unexpected_error 
-------------------------------- live log call ---------------------------------
23:29:47 [    INFO] httpx: HTTP Request: POST http://testserver/api/unexpected_error "HTTP/1.1 200 OK"
PASSED                                                                   [  9%]
test/test_api.py::test_upload_file 
-------------------------------- live log call ---------------------------------
23:29:47 [    INFO] ipfs_kit_py.api: Adding file test.txt to IPFS, size=17, pin=True
23:29:47 [    INFO] httpx: HTTP Request: POST http://testserver/api/v0/add "HTTP/1.1 200 OK"
PASSED                                                                   [  9%]
test/test_api.py::test_upload_file_no_file 
-------------------------------- live log call ---------------------------------
23:29:47 [    INFO] httpx: HTTP Request: POST http://testserver/api/v0/add "HTTP/1.1 422 Unprocessable Entity"
PASSED                                                                   [ 10%]
test/test_api.py::test_upload_file_error 
-------------------------------- live log call ---------------------------------
23:29:47 [    INFO] ipfs_kit_py.api: Adding file test.txt to IPFS, size=17, pin=True
23:29:47 [   ERROR] ipfs_kit_py.api: Error adding content: Test error during file upload
Traceback (most recent call last):
  File "/home/barberb/ipfs_kit_py/ipfs_kit_py/api.py", line 770, in add_content
    result = api.add(content, pin=pin, wrap_with_directory=wrap_with_directory)
             ^^^^^^^^^^^^^^^^^^^^^^^^^^^^^^^^^^^^^^^^^^^^^^^^^^^^^^^^^^^^^^^^^^
  File "/usr/lib/python3.12/unittest/mock.py", line 1134, in __call__
    return self._mock_call(*args, **kwargs)
           ^^^^^^^^^^^^^^^^^^^^^^^^^^^^^^^^
  File "/usr/lib/python3.12/unittest/mock.py", line 1138, in _mock_call
    return self._execute_mock_call(*args, **kwargs)
           ^^^^^^^^^^^^^^^^^^^^^^^^^^^^^^^^^^^^^^^^
  File "/usr/lib/python3.12/unittest/mock.py", line 1193, in _execute_mock_call
    raise effect
Exception: Test error during file upload
23:29:47 [    INFO] httpx: HTTP Request: POST http://testserver/api/v0/add "HTTP/1.1 500 Internal Server Error"
PASSED                                                                   [ 10%]
test/test_api.py::test_download_file 
-------------------------------- live log call ---------------------------------
23:29:47 [    INFO] httpx: HTTP Request: GET http://testserver/api/download/QmTest "HTTP/1.1 200 OK"
PASSED                                                                   [ 10%]
test/test_api.py::test_download_file_with_name 
-------------------------------- live log call ---------------------------------
23:29:47 [    INFO] httpx: HTTP Request: GET http://testserver/api/download/QmTest?filename=test.txt "HTTP/1.1 200 OK"
PASSED                                                                   [ 10%]
test/test_api.py::test_download_file_error 
-------------------------------- live log call ---------------------------------
23:29:47 [   ERROR] ipfs_kit_py.api: Error downloading file: Download error
Traceback (most recent call last):
  File "/home/barberb/ipfs_kit_py/ipfs_kit_py/api.py", line 3941, in download_file
    content = api.get(cid)
              ^^^^^^^^^^^^
  File "/home/barberb/ipfs_kit_py/test/test_api.py", line 274, in get
    raise Exception("Download error")
Exception: Download error
23:29:47 [    INFO] httpx: HTTP Request: GET http://testserver/api/download/QmTest "HTTP/1.1 200 OK"
PASSED                                                                   [ 10%]
test/test_api.py::test_get_config 
-------------------------------- live log call ---------------------------------
23:29:47 [    INFO] httpx: HTTP Request: GET http://testserver/api/config "HTTP/1.1 200 OK"
PASSED                                                                   [ 10%]
test/test_api.py::test_list_methods 
-------------------------------- live log call ---------------------------------
23:29:47 [    INFO] httpx: HTTP Request: GET http://testserver/api/methods "HTTP/1.1 200 OK"
PASSED                                                                   [ 10%]
test/test_api.py::test_model_classes PASSED                              [ 10%]
test/test_api.py::test_run_server PASSED                                 [ 10%]
test/test_api.py::test_main_with_config PASSED                           [ 10%]
test/test_api.py::test_openapi_schema 
-------------------------------- live log call ---------------------------------
23:29:47 [    INFO] httpx: HTTP Request: GET http://testserver/openapi.json "HTTP/1.1 200 OK"
23:29:47 [    INFO] httpx: HTTP Request: GET http://testserver/api/openapi "HTTP/1.1 200 OK"
PASSED                                                                   [ 11%]
test/test_arrow_metadata_index.py::TestArrowMetadataIndex::test_add_record 
-------------------------------- live log call ---------------------------------
23:29:47 [    INFO] ipfs_kit_py.arrow_metadata_index: Started metadata index sync thread with interval 300s
23:29:47 [    INFO] ipfs_kit_py.arrow_metadata_index: Metadata index sync thread stopped
PASSED                                                                   [ 11%]
test/test_arrow_metadata_index.py::TestArrowMetadataIndex::test_count 
-------------------------------- live log call ---------------------------------
23:29:47 [    INFO] ipfs_kit_py.arrow_metadata_index: Started metadata index sync thread with interval 300s
23:29:47 [    INFO] ipfs_kit_py.arrow_metadata_index: Metadata index sync thread stopped
PASSED                                                                   [ 11%]
test/test_arrow_metadata_index.py::TestArrowMetadataIndex::test_delete_record 
-------------------------------- live log call ---------------------------------
23:29:47 [    INFO] ipfs_kit_py.arrow_metadata_index: Started metadata index sync thread with interval 300s
23:29:47 [    INFO] ipfs_kit_py.arrow_metadata_index: Metadata index sync thread stopped
PASSED                                                                   [ 11%]
test/test_arrow_metadata_index.py::TestArrowMetadataIndex::test_download_partition_by_cid 
-------------------------------- live log call ---------------------------------
23:29:47 [    INFO] ipfs_kit_py.arrow_metadata_index: Started metadata index sync thread with interval 300s
23:29:47 [    INFO] ipfs_kit_py.arrow_metadata_index: Successfully downloaded partition 3 from CID QmTest1
23:29:47 [    INFO] ipfs_kit_py.arrow_metadata_index: Successfully downloaded partition 4 from CID QmTest2
23:29:47 [    INFO] ipfs_kit_py.arrow_metadata_index: Metadata index sync thread stopped
PASSED                                                                   [ 11%]
test/test_arrow_metadata_index.py::TestArrowMetadataIndex::test_get_peer_partitions 
-------------------------------- live log call ---------------------------------
23:29:47 [    INFO] ipfs_kit_py.arrow_metadata_index: Started metadata index sync thread with interval 300s
23:30:17 [ WARNING] ipfs_kit_py.arrow_metadata_index: Timeout waiting for partition data from peer peer1
23:30:17 [ WARNING] ipfs_kit_py.arrow_metadata_index: Pubsub publish failed, falling back to DAG-based exchange
23:30:17 [    INFO] ipfs_kit_py.arrow_metadata_index: Metadata index sync thread stopped
PASSED                                                                   [ 11%]
test/test_arrow_metadata_index.py::TestArrowMetadataIndex::test_handle_partition_request 
-------------------------------- live log call ---------------------------------
23:30:17 [    INFO] ipfs_kit_py.arrow_metadata_index: Started metadata index sync thread with interval 300s
23:30:17 [    INFO] ipfs_kit_py.arrow_metadata_index: Metadata index sync thread stopped
PASSED                                                                   [ 11%]
test/test_arrow_metadata_index.py::TestArrowMetadataIndex::test_init 
-------------------------------- live log call ---------------------------------
23:30:17 [    INFO] ipfs_kit_py.arrow_metadata_index: Started metadata index sync thread with interval 300s
23:30:17 [    INFO] ipfs_kit_py.arrow_metadata_index: Metadata index sync thread stopped
PASSED                                                                   [ 11%]
test/test_arrow_metadata_index.py::TestArrowMetadataIndex::test_publish_index_dag 
-------------------------------- live log call ---------------------------------
23:30:17 [    INFO] ipfs_kit_py.arrow_metadata_index: Started metadata index sync thread with interval 300s
23:30:17 [    INFO] ipfs_kit_py.arrow_metadata_index: Metadata index sync thread stopped
PASSED                                                                   [ 11%]
test/test_arrow_metadata_index.py::TestArrowMetadataIndex::test_query 
-------------------------------- live log call ---------------------------------
23:30:17 [    INFO] ipfs_kit_py.arrow_metadata_index: Started metadata index sync thread with interval 300s
23:30:17 [    INFO] ipfs_kit_py.arrow_metadata_index: Metadata index sync thread stopped
PASSED                                                                   [ 12%]
test/test_arrow_metadata_index.py::TestArrowMetadataIndex::test_text_search 
-------------------------------- live log call ---------------------------------
23:30:17 [    INFO] ipfs_kit_py.arrow_metadata_index: Started metadata index sync thread with interval 300s
23:30:17 [   ERROR] ipfs_kit_py.arrow_metadata_index: Error executing query: Function 'match_substring' has no kernel matching input types (int8)
23:30:17 [   ERROR] ipfs_kit_py.arrow_metadata_index: Error executing query: Function 'match_substring' has no kernel matching input types (int64)
23:30:17 [   ERROR] ipfs_kit_py.arrow_metadata_index: Error executing query: Function 'match_substring' has no kernel matching input types (int32)
23:30:17 [   ERROR] ipfs_kit_py.arrow_metadata_index: Error executing query: Function 'match_substring' has no kernel matching input types (int32)
23:30:17 [   ERROR] ipfs_kit_py.arrow_metadata_index: Error executing query: Function 'match_substring' has no kernel matching input types (bool)
23:30:17 [   ERROR] ipfs_kit_py.arrow_metadata_index: Error executing query: Function 'match_substring' has no kernel matching input types (bool)
23:30:17 [   ERROR] ipfs_kit_py.arrow_metadata_index: Error executing query: Function 'match_substring' has no kernel matching input types (list<item: string>)
23:30:17 [   ERROR] ipfs_kit_py.arrow_metadata_index: Error executing query: Function 'match_substring' has no kernel matching input types (int16)
23:30:17 [   ERROR] ipfs_kit_py.arrow_metadata_index: Error executing query: Function 'match_substring' has no kernel matching input types (timestamp[ms])
23:30:17 [   ERROR] ipfs_kit_py.arrow_metadata_index: Error executing query: Function 'match_substring' has no kernel matching input types (timestamp[ms])
23:30:17 [   ERROR] ipfs_kit_py.arrow_metadata_index: Error executing query: Function 'match_substring' has no kernel matching input types (int32)
23:30:17 [   ERROR] ipfs_kit_py.arrow_metadata_index: Error executing query: Function 'match_substring' has no kernel matching input types (list<item: string>)
23:30:17 [   ERROR] ipfs_kit_py.arrow_metadata_index: Error executing query: Function 'match_substring' has no kernel matching input types (struct<title: string, description: string, creator: string, source: string, license: string>)
23:30:17 [   ERROR] ipfs_kit_py.arrow_metadata_index: Error executing query: Function 'match_substring' has no kernel matching input types (bool)
23:30:17 [   ERROR] ipfs_kit_py.arrow_metadata_index: Error executing query: Function 'match_substring' has no kernel matching input types (int32)
23:30:17 [   ERROR] ipfs_kit_py.arrow_metadata_index: Error executing query: Function 'match_substring' has no kernel matching input types (timestamp[ms])
23:30:17 [    INFO] ipfs_kit_py.arrow_metadata_index: Metadata index sync thread stopped
PASSED                                                                   [ 12%]
test/test_arrow_metadata_index.py::TestArrowMetadataIndex::test_update_record 
-------------------------------- live log call ---------------------------------
23:30:17 [    INFO] ipfs_kit_py.arrow_metadata_index: Started metadata index sync thread with interval 300s
23:30:17 [    INFO] ipfs_kit_py.arrow_metadata_index: Metadata index sync thread stopped
PASSED                                                                   [ 12%]
test/test_arrow_metadata_index_additional.py::TestArrowMetadataIndexAdditional::test_add_with_error PASSED [ 12%]
test/test_arrow_metadata_index_additional.py::TestArrowMetadataIndexAdditional::test_clear_all_partitions PASSED [ 12%]
test/test_arrow_metadata_index_additional.py::TestArrowMetadataIndexAdditional::test_count_error_handling 
-------------------------------- live log call ---------------------------------
23:30:17 [   ERROR] ipfs_kit_py.arrow_metadata_index: Error counting records: Query error
PASSED                                                                   [ 12%]
test/test_arrow_metadata_index_additional.py::TestArrowMetadataIndexAdditional::test_create_default_schema PASSED [ 12%]
test/test_arrow_metadata_index_additional.py::TestArrowMetadataIndexAdditional::test_create_metadata_from_ipfs_file PASSED [ 12%]
test/test_arrow_metadata_index_additional.py::TestArrowMetadataIndexAdditional::test_create_metadata_with_directory PASSED [ 12%]
test/test_arrow_metadata_index_additional.py::TestArrowMetadataIndexAdditional::test_create_metadata_with_errors 
-------------------------------- live log call ---------------------------------
23:30:17 [   ERROR] ipfs_kit_py.arrow_metadata_index: Error creating metadata for CID QmTest: API error
PASSED                                                                   [ 12%]
test/test_arrow_metadata_index_additional.py::TestArrowMetadataIndexAdditional::test_delete_by_cid_nonexistent PASSED [ 13%]
test/test_arrow_metadata_index_additional.py::TestArrowMetadataIndexAdditional::test_discover_partitions PASSED [ 13%]
test/test_arrow_metadata_index_additional.py::TestArrowMetadataIndexAdditional::test_get_peer_partitions_via_dag 
-------------------------------- live log call ---------------------------------
23:30:17 [ WARNING] ipfs_kit_py.arrow_metadata_index: Failed to get DAG node from peer QmPeer1
23:30:17 [   ERROR] ipfs_kit_py.arrow_metadata_index: Error getting DAG node from peer QmPeer1: DAG error
PASSED                                                                   [ 13%]
test/test_arrow_metadata_index_additional.py::TestArrowMetadataIndexAdditional::test_get_peers 
-------------------------------- live log call ---------------------------------
23:30:17 [   ERROR] ipfs_kit_py.arrow_metadata_index: Error getting peers: Network error
PASSED                                                                   [ 13%]
test/test_arrow_metadata_index_additional.py::TestArrowMetadataIndexAdditional::test_initialization_error PASSED [ 13%]
test/test_arrow_metadata_index_additional.py::TestArrowMetadataIndexAdditional::test_master_role_initialization 
-------------------------------- live log call ---------------------------------
23:30:17 [    INFO] ipfs_kit_py.arrow_metadata_index: Started metadata index sync thread with interval 300s
PASSED                                                                   [ 13%]
test/test_arrow_metadata_index_additional.py::TestArrowMetadataIndexAdditional::test_query_error_handling PASSED [ 13%]
test/test_arrow_metadata_index_additional.py::TestArrowMetadataIndexAdditional::test_search_text_error_handling 
-------------------------------- live log call ---------------------------------
23:30:17 [   ERROR] ipfs_kit_py.arrow_metadata_index: Error executing text search: Query error
PASSED                                                                   [ 13%]
test/test_arrow_metadata_index_additional.py::TestArrowMetadataIndexAdditional::test_sync_thread_error_handling 
-------------------------------- live log call ---------------------------------
23:30:17 [    INFO] ipfs_kit_py.arrow_metadata_index: Metadata index sync thread stopped
PASSED                                                                   [ 13%]
test/test_arrow_metadata_index_additional.py::TestArrowMetadataIndexAdditional::test_sync_thread_main PASSED [ 13%]
test/test_arrow_metadata_index_additional.py::TestArrowMetadataIndexAdditional::test_update_stats_nonexistent PASSED [ 14%]
test/test_arrow_metadata_index_additional.py::TestArrowMetadataIndexAdditional::test_update_stats_with_error PASSED [ 14%]
test/test_arrow_metadata_index_additional.py::TestArrowMetadataIndexAdditional::test_worker_role_initialization 
-------------------------------- live log call ---------------------------------
23:30:17 [    INFO] ipfs_kit_py.arrow_metadata_index: Started metadata index sync thread with interval 300s
PASSED                                                                   [ 14%]
test/test_arrow_metadata_integration.py::TestModelRegistryMetadataIndexIntegration::test_model_registration_with_metadata_index 
-------------------------------- live log call ---------------------------------
23:30:17 [    INFO] ipfs_kit_py.ai_ml_integration: Detected framework: sklearn for model test_model
23:30:17 [    INFO] ipfs_kit_py.ai_ml_integration: Model test_model v1.0.0 added to IPFS with CID: mock-dir-cid
PASSED                                                                   [ 14%]
test/test_arrow_metadata_integration.py::TestDatasetManagerMetadataIndexIntegration::test_dataset_registration_with_metadata_index 
-------------------------------- live log call ---------------------------------
23:30:17 [    INFO] ipfs_kit_py.ai_ml_integration: Adding dataset to IPFS: /tmp/tmpa2ddvnye/datasets/test_dataset/1.0.0
23:30:17 [    INFO] ipfs_kit_py.ai_ml_integration: Successfully added dataset to IPFS with CID: mock-dataset-cid
23:30:17 [    INFO] ipfs_kit_py.ai_ml_integration: Updated registry with dataset: test_dataset@1.0.0
PASSED                                                                   [ 14%]
test/test_arrow_metadata_integration.py::TestMetadataIndexFallbackBehavior::test_dataset_manager_functions_without_metadata_index 
-------------------------------- live log call ---------------------------------
23:30:17 [    INFO] ipfs_kit_py.ai_ml_integration: Adding dataset to IPFS: /tmp/tmpu5fnz0fl/datasets/test_dataset/1.0.0
23:30:17 [    INFO] ipfs_kit_py.ai_ml_integration: Successfully added dataset to IPFS with CID: mock-dir-cid-fallback
23:30:17 [    INFO] ipfs_kit_py.ai_ml_integration: Updated registry with dataset: test_dataset@1.0.0
PASSED                                                                   [ 14%]
test/test_arrow_metadata_integration.py::TestMetadataIndexFallbackBehavior::test_model_registry_functions_without_metadata_index 
-------------------------------- live log call ---------------------------------
23:30:17 [    INFO] ipfs_kit_py.ai_ml_integration: Detected framework: dummy for model test_model
23:30:17 [    INFO] ipfs_kit_py.ai_ml_integration: Model test_model v1.0.0 added to IPFS with CID: mock-dir-cid-fallback
PASSED                                                                   [ 14%]
test/test_benchmark_framework.py::test_format_size PASSED                [ 14%]
test/test_benchmark_framework.py::test_format_time PASSED                [ 14%]
test/test_benchmark_framework.py::TestBenchmarkContext::test_init PASSED [ 15%]
test/test_benchmark_framework.py::TestBenchmarkContext::test_enter_exit PASSED [ 15%]
test/test_benchmark_framework.py::TestBenchmarkContext::test_record_system_metrics PASSED [ 15%]
test/test_benchmark_framework.py::TestBenchmarkContext::test_get_results PASSED [ 15%]
test/test_benchmark_framework.py::TestBenchmarkSuite::test_init PASSED   [ 15%]
test/test_benchmark_framework.py::TestBenchmarkSuite::test_init_with_config PASSED [ 15%]
test/test_benchmark_framework.py::TestBenchmarkSuite::test_setup PASSED  [ 15%]
test/test_benchmark_framework.py::TestBenchmarkSuite::test_run_benchmark 
-------------------------------- live log call ---------------------------------
23:30:18 [    INFO] ipfs_kit_py.benchmark_framework: Running benchmark: test_benchmark
23:30:18 [    INFO] ipfs_kit_py.benchmark_framework:   Iterations: 2
23:30:18 [    INFO] ipfs_kit_py.benchmark_framework:   Iteration 1/2
23:30:18 [    INFO] ipfs_kit_py.benchmark_framework:   Iteration 2/2
23:30:18 [    INFO] ipfs_kit_py.benchmark_framework: Running benchmark: error_benchmark
23:30:18 [    INFO] ipfs_kit_py.benchmark_framework:   Iterations: 1
23:30:18 [    INFO] ipfs_kit_py.benchmark_framework:   Iteration 1/1
PASSED                                                                   [ 15%]
test/test_benchmark_framework.py::TestBenchmarkSuite::test_save_results PASSED [ 15%]
test/test_benchmark_framework.py::TestBenchmarkSuite::test_analyze_results PASSED [ 15%]
test/test_benchmark_framework.py::TestBenchmarkSuite::test_create_test_file PASSED [ 16%]
test/test_benchmark_framework.py::TestBenchmarkSuite::test_cleanup_test_files PASSED [ 16%]
test/test_benchmark_framework.py::TestBenchmarkSuite::test_calculate_statistics PASSED [ 16%]
test/test_benchmark_framework.py::TestBenchmarkSuite::test_benchmarking_methods 
-------------------------------- live log call ---------------------------------
23:30:18 [    INFO] ipfs_kit_py.benchmark_framework: Running add benchmarks
23:30:18 [    INFO] ipfs_kit_py.benchmark_framework: Running get benchmarks
23:30:18 [    INFO] ipfs_kit_py.benchmark_framework: Added test file of size 1024b with CID: <MagicMock name='mock.ipfs_add_file().get()' id='128636820409040'>
23:30:18 [    INFO] ipfs_kit_py.benchmark_framework: Added test file of size 1048576b with CID: <MagicMock name='mock.ipfs_add_file().get()' id='128636820409040'>
23:30:18 [    INFO] ipfs_kit_py.benchmark_framework: Running cat benchmarks
23:30:18 [    INFO] ipfs_kit_py.benchmark_framework: Added test file of size 1024b with CID: <MagicMock name='mock.ipfs_add_file().get()' id='128636820409040'>
23:30:18 [    INFO] ipfs_kit_py.benchmark_framework: Added test file of size 1048576b with CID: <MagicMock name='mock.ipfs_add_file().get()' id='128636820409040'>
23:30:18 [    INFO] ipfs_kit_py.benchmark_framework: Running pin benchmarks
23:30:18 [    INFO] ipfs_kit_py.benchmark_framework: Added test file of size 1024b with CID: <MagicMock name='mock.ipfs_add_file().get()' id='128636820409040'>
23:30:18 [    INFO] ipfs_kit_py.benchmark_framework: Added test file of size 1048576b with CID: <MagicMock name='mock.ipfs_add_file().get()' id='128636820409040'>
23:30:18 [    INFO] ipfs_kit_py.benchmark_framework: Running cache benchmarks
23:30:18 [    INFO] ipfs_kit_py.benchmark_framework: Added test file 1/20 with CID: <MagicMock name='mock.ipfs_add_file().get()' id='128636820409040'>
23:30:18 [    INFO] ipfs_kit_py.benchmark_framework: Added test file 2/20 with CID: <MagicMock name='mock.ipfs_add_file().get()' id='128636820409040'>
23:30:18 [    INFO] ipfs_kit_py.benchmark_framework: Added test file 3/20 with CID: <MagicMock name='mock.ipfs_add_file().get()' id='128636820409040'>
23:30:18 [    INFO] ipfs_kit_py.benchmark_framework: Added test file 4/20 with CID: <MagicMock name='mock.ipfs_add_file().get()' id='128636820409040'>
23:30:18 [    INFO] ipfs_kit_py.benchmark_framework: Added test file 5/20 with CID: <MagicMock name='mock.ipfs_add_file().get()' id='128636820409040'>
23:30:18 [    INFO] ipfs_kit_py.benchmark_framework: Added test file 6/20 with CID: <MagicMock name='mock.ipfs_add_file().get()' id='128636820409040'>
23:30:18 [    INFO] ipfs_kit_py.benchmark_framework: Added test file 7/20 with CID: <MagicMock name='mock.ipfs_add_file().get()' id='128636820409040'>
23:30:18 [    INFO] ipfs_kit_py.benchmark_framework: Added test file 8/20 with CID: <MagicMock name='mock.ipfs_add_file().get()' id='128636820409040'>
23:30:18 [    INFO] ipfs_kit_py.benchmark_framework: Added test file 9/20 with CID: <MagicMock name='mock.ipfs_add_file().get()' id='128636820409040'>
23:30:18 [    INFO] ipfs_kit_py.benchmark_framework: Added test file 10/20 with CID: <MagicMock name='mock.ipfs_add_file().get()' id='128636820409040'>
23:30:18 [    INFO] ipfs_kit_py.benchmark_framework: Added test file 11/20 with CID: <MagicMock name='mock.ipfs_add_file().get()' id='128636820409040'>
23:30:18 [    INFO] ipfs_kit_py.benchmark_framework: Added test file 12/20 with CID: <MagicMock name='mock.ipfs_add_file().get()' id='128636820409040'>
23:30:18 [    INFO] ipfs_kit_py.benchmark_framework: Added test file 13/20 with CID: <MagicMock name='mock.ipfs_add_file().get()' id='128636820409040'>
23:30:18 [    INFO] ipfs_kit_py.benchmark_framework: Added test file 14/20 with CID: <MagicMock name='mock.ipfs_add_file().get()' id='128636820409040'>
23:30:18 [    INFO] ipfs_kit_py.benchmark_framework: Added test file 15/20 with CID: <MagicMock name='mock.ipfs_add_file().get()' id='128636820409040'>
23:30:18 [    INFO] ipfs_kit_py.benchmark_framework: Added test file 16/20 with CID: <MagicMock name='mock.ipfs_add_file().get()' id='128636820409040'>
23:30:18 [    INFO] ipfs_kit_py.benchmark_framework: Added test file 17/20 with CID: <MagicMock name='mock.ipfs_add_file().get()' id='128636820409040'>
23:30:18 [    INFO] ipfs_kit_py.benchmark_framework: Added test file 18/20 with CID: <MagicMock name='mock.ipfs_add_file().get()' id='128636820409040'>
23:30:18 [    INFO] ipfs_kit_py.benchmark_framework: Added test file 19/20 with CID: <MagicMock name='mock.ipfs_add_file().get()' id='128636820409040'>
23:30:18 [    INFO] ipfs_kit_py.benchmark_framework: Added test file 20/20 with CID: <MagicMock name='mock.ipfs_add_file().get()' id='128636820409040'>
23:30:18 [    INFO] ipfs_kit_py.benchmark_framework: Benchmarking sequential access pattern
23:30:18 [    INFO] ipfs_kit_py.benchmark_framework: Benchmarking random access pattern
23:30:18 [    INFO] ipfs_kit_py.benchmark_framework: Benchmarking repeated access pattern
23:30:18 [    INFO] ipfs_kit_py.benchmark_framework: Running API benchmarks
23:30:18 [    INFO] ipfs_kit_py.benchmark_framework: Running network benchmarks
PASSED                                                                   [ 16%]
test/test_binary_download.py::TestBinaryDownload::test_download_binaries 
-------------------------------- live log call ---------------------------------
23:30:18 [    INFO] ipfs_kit_py: Auto-downloading IPFS binaries for Linux x86_64
23:30:18 [    INFO] ipfs_kit_py: Downloaded IPFS daemon successfully
23:30:18 [    INFO] ipfs_kit_py: Downloaded IPFS cluster service successfully
23:30:18 [    INFO] ipfs_kit_py: Downloaded IPFS cluster control successfully
23:30:18 [    INFO] ipfs_kit_py: Downloaded IPFS cluster follow successfully
23:30:18 [    INFO] ipfs_kit_py: IPFS binary downloads completed
PASSED                                                                   [ 16%]
test/test_binary_download.py::TestBinaryDownload::test_install_ipfs PASSED [ 16%]
test/test_binary_download.py::TestBinaryDownload::test_ipfs_kit_initialization_download PASSED [ 16%]
test/test_binary_functionality.py::TestBinaryFunctionality::test_binary_exists_for_platform PASSED [ 16%]
test/test_binary_functionality.py::TestBinaryFunctionality::test_binary_is_executable PASSED [ 16%]
test/test_binary_functionality.py::TestBinaryFunctionality::test_binary_has_correct_architecture PASSED [ 16%]
test/test_binary_functionality.py::TestBinaryFunctionality::test_binary_returns_version PASSED [ 17%]
test/test_binary_functionality.py::TestBinaryFunctionality::test_ipfs_kit_uses_downloaded_binary SKIPPED [ 17%]
test/test_binary_functionality.py::TestBinaryFunctionality::test_unix_socket_if_available 
-------------------------------- live log call ---------------------------------
23:30:21 [    INFO] ipfs_kit_py.huggingface_kit: Using existing HuggingFace Hub authentication as endomorphosis
SKIPPED (Could not initialize IPFS for Unix socket test: 'ipfs_py' o...) [ 17%]
test/test_cli_basic.py::TestCLIBasic::test_cli_add_command PASSED        [ 17%]
test/test_cli_basic.py::TestCLIBasic::test_cli_get_command PASSED        [ 17%]
test/test_cli_basic.py::TestCLIBasic::test_cli_version_command PASSED    [ 17%]
test/test_cli_interface.py::test_cli_commands[add-args0-add-expected_args0-expected_kwargs0-QmTest123] SKIPPED [ 17%]
test/test_cli_interface.py::test_cli_commands[pin-args1-pin-expected_args1-expected_kwargs1-QmTest123] SKIPPED [ 17%]
test/test_cli_interface.py::test_cli_commands[unpin-args2-unpin-expected_args2-expected_kwargs2-QmTest123] SKIPPED [ 17%]
test/test_cli_interface.py::test_cli_commands[list-pins-args3-list_pins-expected_args3-expected_kwargs3-QmTest123] SKIPPED [ 18%]
test/test_cli_interface.py::test_cli_commands[peers-args4-peers-expected_args4-expected_kwargs4-QmPeer1] SKIPPED [ 18%]
test/test_cli_interface.py::test_cli_commands[exists-args5-exists-expected_args5-expected_kwargs5-exists] SKIPPED [ 18%]
test/test_cli_interface.py::test_version_command SKIPPED (CLI implem...) [ 18%]
test/test_cli_interface.py::test_output_format_options[text-success] SKIPPED [ 18%]
test/test_cli_interface.py::test_output_format_options[json-"success"] SKIPPED [ 18%]
test/test_cli_interface.py::test_output_format_options[yaml-success: true] SKIPPED [ 18%]
test/test_cli_interface.py::test_error_handling SKIPPED (CLI impleme...) [ 18%]
test/test_cli_interface.py::test_cli_with_colorized_output SKIPPED (...) [ 18%]
test/test_cli_interface.py::test_cli_command_options[command_args0-pin-expected_kwargs0-mock_return_value0-QmTest123] SKIPPED [ 18%]
test/test_cli_interface.py::test_cli_command_options[command_args1-unpin-expected_kwargs1-mock_return_value1-QmTest123] SKIPPED [ 19%]
test/test_cli_interface.py::test_cli_command_options[command_args2-list_pins-expected_kwargs2-mock_return_value2-None] SKIPPED [ 19%]
test/test_cli_interface.py::test_cli_param_parsing SKIPPED (CLI impl...) [ 19%]
test/test_cli_interface.py::test_cli_with_config_file SKIPPED (CLI i...) [ 19%]
test/test_cli_interface.py::TestCLIInterface::test_cli_add_command SKIPPED [ 19%]
test/test_cli_interface.py::TestCLIInterface::test_cli_colorized_output SKIPPED [ 19%]
test/test_cli_interface.py::TestCLIInterface::test_cli_daemon_command SKIPPED [ 19%]
test/test_cli_interface.py::TestCLIInterface::test_cli_error_handling SKIPPED [ 19%]
test/test_cli_interface.py::TestCLIInterface::test_cli_exists_command SKIPPED [ 19%]
test/test_cli_interface.py::TestCLIInterface::test_cli_generate_sdk_command SKIPPED [ 20%]
test/test_cli_interface.py::TestCLIInterface::test_cli_get_command SKIPPED [ 20%]
test/test_cli_interface.py::TestCLIInterface::test_cli_get_command_with_output SKIPPED [ 20%]
test/test_cli_interface.py::TestCLIInterface::test_cli_ls_command SKIPPED [ 20%]
test/test_cli_interface.py::TestCLIInterface::test_cli_pin_add_command SKIPPED [ 20%]
test/test_cli_interface.py::TestCLIInterface::test_cli_pin_ls_command SKIPPED [ 20%]
test/test_cli_interface.py::TestCLIInterface::test_cli_pin_rm_command SKIPPED [ 20%]
test/test_cli_interface.py::TestCLIInterface::test_cli_progress_display SKIPPED [ 20%]
test/test_cli_interface.py::TestCLIInterface::test_cli_publish_command SKIPPED [ 20%]
test/test_cli_interface.py::TestCLIInterface::test_cli_resolve_command SKIPPED [ 20%]
test/test_cli_interface.py::TestCLIInterface::test_cli_shutdown_command SKIPPED [ 21%]
test/test_cli_interface.py::TestCLIInterface::test_cli_swarm_connect_command SKIPPED [ 21%]
test/test_cli_interface.py::TestCLIInterface::test_cli_swarm_peers_command SKIPPED [ 21%]
test/test_cli_interface.py::TestCLIInterface::test_cli_version_command SKIPPED [ 21%]
test/test_cli_interface.py::TestCLIInterface::test_cli_with_additional_params SKIPPED [ 21%]
test/test_cli_interface.py::TestCLIInterface::test_cli_with_config_file SKIPPED [ 21%]
test/test_cli_interface.py::TestCLIInterface::test_cli_with_json_format SKIPPED [ 21%]
test/test_cli_interface.py::TestCLIInterface::test_cli_with_yaml_format SKIPPED [ 21%]
test/test_cli_interface_additional.py::test_cli_no_command_help 
-------------------------------- live log call ---------------------------------
23:30:21 [    INFO] ipfs_kit_py.huggingface_kit: Using existing HuggingFace Hub authentication as endomorphosis
23:30:21 [    INFO] ipfs_kit_py.high_level_api: IPFSFileSystem initialized successfully
23:30:21 [    INFO] ipfs_kit_py.high_level_api: IPFSSimpleAPI initialized with role: leecher
PASSED                                                                   [ 21%]
test/test_cli_interface_additional.py::test_cli_key_value_parsing PASSED [ 21%]
test/test_cli_interface_additional.py::test_cli_with_verbose_flag PASSED [ 22%]
test/test_cli_interface_additional.py::test_cli_with_no_color_flag PASSED [ 22%]
test/test_cli_interface_additional.py::test_cli_wal_status_command SKIPPED [ 22%]
test/test_cli_interface_additional.py::test_cli_wal_list_command SKIPPED [ 22%]
test/test_cli_interface_additional.py::test_cli_error_handling_validation_error PASSED [ 22%]
test/test_cli_interface_additional.py::test_cli_version_ipfs_version_error SKIPPED [ 22%]
test/test_cluster_authentication.py::TestIdentityVerification::test_generate_node_identity 
-------------------------------- live log setup --------------------------------
23:30:21 [    INFO] ipfs_kit_py.huggingface_kit: Using existing HuggingFace Hub authentication as endomorphosis
23:30:22 [    INFO] ipfs_kit_py.huggingface_kit: Using existing HuggingFace Hub authentication as endomorphosis
PASSED                                                                   [ 22%]
test/test_cluster_authentication.py::TestIdentityVerification::test_verify_peer_identity 
-------------------------------- live log setup --------------------------------
23:30:22 [    INFO] ipfs_kit_py.huggingface_kit: Using existing HuggingFace Hub authentication as endomorphosis
23:30:22 [    INFO] ipfs_kit_py.huggingface_kit: Using existing HuggingFace Hub authentication as endomorphosis
PASSED                                                                   [ 22%]
test/test_cluster_authentication.py::TestCertificateManagement::test_generate_cluster_certificates 
-------------------------------- live log setup --------------------------------
23:30:22 [    INFO] ipfs_kit_py.huggingface_kit: Using existing HuggingFace Hub authentication as endomorphosis
23:30:23 [    INFO] ipfs_kit_py.huggingface_kit: Using existing HuggingFace Hub authentication as endomorphosis
PASSED                                                                   [ 22%]
test/test_cluster_authentication.py::TestCertificateManagement::test_install_certificates 
-------------------------------- live log setup --------------------------------
23:30:23 [    INFO] ipfs_kit_py.huggingface_kit: Using existing HuggingFace Hub authentication as endomorphosis
23:30:23 [    INFO] ipfs_kit_py.huggingface_kit: Using existing HuggingFace Hub authentication as endomorphosis
PASSED                                                                   [ 23%]
test/test_cluster_authentication.py::TestUCANCapabilities::test_generate_ucan_token 
-------------------------------- live log setup --------------------------------
23:30:23 [    INFO] ipfs_kit_py.huggingface_kit: Using existing HuggingFace Hub authentication as endomorphosis
23:30:23 [    INFO] ipfs_kit_py.huggingface_kit: Using existing HuggingFace Hub authentication as endomorphosis
PASSED                                                                   [ 23%]
test/test_cluster_authentication.py::TestUCANCapabilities::test_verify_ucan_token 
-------------------------------- live log setup --------------------------------
23:30:24 [    INFO] ipfs_kit_py.huggingface_kit: Using existing HuggingFace Hub authentication as endomorphosis
23:30:24 [    INFO] ipfs_kit_py.huggingface_kit: Using existing HuggingFace Hub authentication as endomorphosis
PASSED                                                                   [ 23%]
test/test_cluster_authentication.py::TestSecureCommunication::test_tls_connection_setup 
-------------------------------- live log setup --------------------------------
23:30:24 [    INFO] ipfs_kit_py.huggingface_kit: Using existing HuggingFace Hub authentication as endomorphosis
23:30:24 [    INFO] ipfs_kit_py.huggingface_kit: Using existing HuggingFace Hub authentication as endomorphosis
PASSED                                                                   [ 23%]
test/test_cluster_authentication.py::TestSecureCommunication::test_secure_rpc_call 
-------------------------------- live log setup --------------------------------
23:30:24 [    INFO] ipfs_kit_py.huggingface_kit: Using existing HuggingFace Hub authentication as endomorphosis
23:30:24 [    INFO] ipfs_kit_py.huggingface_kit: Using existing HuggingFace Hub authentication as endomorphosis
PASSED                                                                   [ 23%]
test/test_cluster_authentication.py::TestRoleBasedAccessControl::test_verify_capability_for_operation 
-------------------------------- live log setup --------------------------------
23:30:25 [    INFO] ipfs_kit_py.huggingface_kit: Using existing HuggingFace Hub authentication as endomorphosis
23:30:25 [    INFO] ipfs_kit_py.huggingface_kit: Using existing HuggingFace Hub authentication as endomorphosis
PASSED                                                                   [ 23%]
test/test_cluster_authentication.py::TestRoleBasedAccessControl::test_enforce_access_control 
-------------------------------- live log setup --------------------------------
23:30:25 [    INFO] ipfs_kit_py.huggingface_kit: Using existing HuggingFace Hub authentication as endomorphosis
23:30:25 [    INFO] ipfs_kit_py.huggingface_kit: Using existing HuggingFace Hub authentication as endomorphosis
PASSED                                                                   [ 23%]
test/test_cluster_authentication.py::TestAuthenticationTokenManagement::test_issue_auth_token 
-------------------------------- live log setup --------------------------------
23:30:26 [    INFO] ipfs_kit_py.huggingface_kit: Using existing HuggingFace Hub authentication as endomorphosis
23:30:26 [    INFO] ipfs_kit_py.huggingface_kit: Using existing HuggingFace Hub authentication as endomorphosis
PASSED                                                                   [ 23%]
test/test_cluster_authentication.py::TestAuthenticationTokenManagement::test_revoke_auth_token 
-------------------------------- live log setup --------------------------------
23:30:26 [    INFO] ipfs_kit_py.huggingface_kit: Using existing HuggingFace Hub authentication as endomorphosis
23:30:27 [    INFO] ipfs_kit_py.huggingface_kit: Using existing HuggingFace Hub authentication as endomorphosis
PASSED                                                                   [ 23%]
test/test_cluster_authentication.py::TestAuthenticationTokenManagement::test_verify_auth_token 
-------------------------------- live log setup --------------------------------
23:30:27 [    INFO] ipfs_kit_py.huggingface_kit: Using existing HuggingFace Hub authentication as endomorphosis
23:30:27 [    INFO] ipfs_kit_py.huggingface_kit: Using existing HuggingFace Hub authentication as endomorphosis
PASSED                                                                   [ 23%]
test/test_cluster_management.py::TestRoleManager::test_authentication 
-------------------------------- live log call ---------------------------------
23:30:27 [    INFO] ipfs_kit_py.cluster.role_manager: Applying worker role optimizations
23:30:27 [    INFO] ipfs_kit_py.cluster.role_manager: Applied optimizations for role: worker
23:30:27 [    INFO] ipfs_kit_py.cluster.role_manager: Initialized RoleManager with role: worker for cluster: default-cluster
23:30:27 [ WARNING] ipfs_kit_py.cluster.role_manager: Failed authentication attempt from peer test-peer-2
PASSED                                                                   [ 24%]
test/test_cluster_management.py::TestRoleManager::test_config_overrides 
-------------------------------- live log call ---------------------------------
23:30:27 [    INFO] ipfs_kit_py.cluster.role_manager: Applying worker role optimizations
23:30:27 [    INFO] ipfs_kit_py.cluster.role_manager: Applied optimizations for role: worker
23:30:27 [    INFO] ipfs_kit_py.cluster.role_manager: Initialized RoleManager with role: worker for cluster: default-cluster
PASSED                                                                   [ 24%]
test/test_cluster_management.py::TestRoleManager::test_initialization 
-------------------------------- live log call ---------------------------------
23:30:27 [    INFO] ipfs_kit_py.cluster.role_manager: Applying worker role optimizations
23:30:27 [    INFO] ipfs_kit_py.cluster.role_manager: Applied optimizations for role: worker
23:30:27 [    INFO] ipfs_kit_py.cluster.role_manager: Initialized RoleManager with role: worker for cluster: default-cluster
PASSED                                                                   [ 24%]
test/test_cluster_management.py::TestRoleManager::test_node_info 
-------------------------------- live log call ---------------------------------
23:30:27 [    INFO] ipfs_kit_py.cluster.role_manager: Applying worker role optimizations
23:30:27 [    INFO] ipfs_kit_py.cluster.role_manager: Applied optimizations for role: worker
23:30:27 [    INFO] ipfs_kit_py.cluster.role_manager: Initialized RoleManager with role: worker for cluster: default-cluster
23:30:28 [    INFO] ipfs_kit_py.cluster.role_manager: Adapted to resource changes: low CPU usage (8.8%)
23:30:28 [    INFO] ipfs_kit_py.cluster.role_manager: Adapted to resource changes: low CPU usage (8.8%)
23:30:28 [    INFO] ipfs_kit_py.cluster.role_manager: Adapted to resource changes: low CPU usage (8.8%)
23:30:28 [    INFO] ipfs_kit_py.cluster.role_manager: Adapted to resource changes: low CPU usage (8.8%)
PASSED                                                                   [ 24%]
test/test_cluster_management.py::TestRoleManager::test_optimal_role_detection 
-------------------------------- live log call ---------------------------------
23:30:28 [    INFO] ipfs_kit_py.cluster.role_manager: Applying worker role optimizations
23:30:28 [    INFO] ipfs_kit_py.cluster.role_manager: Applied optimizations for role: worker
23:30:28 [    INFO] ipfs_kit_py.cluster.role_manager: Initialized RoleManager with role: worker for cluster: default-cluster
PASSED                                                                   [ 24%]
test/test_cluster_management.py::TestRoleManager::test_role_capability_check 
-------------------------------- live log call ---------------------------------
23:30:28 [    INFO] ipfs_kit_py.cluster.role_manager: Applying worker role optimizations
23:30:28 [    INFO] ipfs_kit_py.cluster.role_manager: Applied optimizations for role: worker
23:30:28 [    INFO] ipfs_kit_py.cluster.role_manager: Initialized RoleManager with role: worker for cluster: default-cluster
PASSED                                                                   [ 24%]
test/test_cluster_management.py::TestRoleManager::test_role_switching 
-------------------------------- live log call ---------------------------------
23:30:28 [    INFO] ipfs_kit_py.cluster.role_manager: Applying worker role optimizations
23:30:28 [    INFO] ipfs_kit_py.cluster.role_manager: Applied optimizations for role: worker
23:30:28 [    INFO] ipfs_kit_py.cluster.role_manager: Initialized RoleManager with role: worker for cluster: default-cluster
23:30:28 [    INFO] ipfs_kit_py.cluster.role_manager: Adapted to resource changes: low CPU usage (12.2%)
23:30:28 [    INFO] ipfs_kit_py.cluster.role_manager: Adapted to resource changes: low CPU usage (12.3%)
23:30:28 [    INFO] ipfs_kit_py.cluster.role_manager: Adapted to resource changes: low CPU usage (12.3%)
23:30:28 [    INFO] ipfs_kit_py.cluster.role_manager: Role changed from worker to leecher
23:30:28 [    INFO] ipfs_kit_py.cluster.role_manager: New role capabilities: {'cluster_management': False, 'dht_server': False, 'content_routing': False, 'task_distribution': False, 'metadata_indexing': False, 'persistent_storage': False, 'high_replication': False}
23:30:28 [    INFO] ipfs_kit_py.cluster.role_manager: Applying leecher role optimizations
23:30:28 [    INFO] ipfs_kit_py.cluster.role_manager: Applied optimizations for role: leecher
23:30:28 [    INFO] ipfs_kit_py.cluster.role_manager: Announcing role change from worker to leecher
23:30:28 [    INFO] ipfs_kit_py.cluster.role_manager: Successfully switched from worker to leecher
23:30:29 [    INFO] ipfs_kit_py.cluster.role_manager: Role changed from leecher to master
23:30:29 [    INFO] ipfs_kit_py.cluster.role_manager: New role capabilities: {'cluster_management': True, 'dht_server': True, 'content_routing': True, 'task_distribution': True, 'metadata_indexing': True, 'persistent_storage': True, 'high_replication': True}
23:30:29 [    INFO] ipfs_kit_py.cluster.role_manager: Applying master role optimizations
23:30:29 [    INFO] ipfs_kit_py.cluster.role_manager: Applied optimizations for role: master
23:30:29 [    INFO] ipfs_kit_py.cluster.role_manager: Node is now a master node for the cluster
23:30:29 [    INFO] ipfs_kit_py.cluster.role_manager: Announcing role change from leecher to master
23:30:29 [    INFO] ipfs_kit_py.cluster.role_manager: Successfully switched from leecher to master
PASSED                                                                   [ 24%]
test/test_cluster_management.py::TestMembershipManager::test_get_members 
-------------------------------- live log call ---------------------------------
23:30:29 [    INFO] ipfs_kit_py.cluster.distributed_coordination: Initialized MembershipManager for cluster test-cluster
23:30:29 [    INFO] ipfs_kit_py.cluster.distributed_coordination: New node test-node-2 joined the cluster
23:30:29 [    INFO] ipfs_kit_py.cluster.distributed_coordination: Shutting down MembershipManager
PASSED                                                                   [ 24%]
test/test_cluster_management.py::TestMembershipManager::test_handle_heartbeat 
-------------------------------- live log call ---------------------------------
23:30:29 [    INFO] ipfs_kit_py.cluster.distributed_coordination: Initialized MembershipManager for cluster test-cluster
23:30:29 [    INFO] ipfs_kit_py.cluster.distributed_coordination: New node test-node-2 joined the cluster
23:30:29 [    INFO] ipfs_kit_py.cluster.distributed_coordination: Shutting down MembershipManager
PASSED                                                                   [ 24%]
test/test_cluster_management.py::TestMembershipManager::test_initialization 
-------------------------------- live log call ---------------------------------
23:30:30 [    INFO] ipfs_kit_py.cluster.distributed_coordination: Initialized MembershipManager for cluster test-cluster
23:30:30 [    INFO] ipfs_kit_py.cluster.distributed_coordination: Shutting down MembershipManager
PASSED                                                                   [ 24%]
test/test_cluster_management.py::TestClusterCoordinator::test_create_cluster 
-------------------------------- live log call ---------------------------------
23:30:30 [    INFO] ipfs_kit_py.cluster.distributed_coordination: Initialized ClusterCoordinator for cluster test-cluster
23:30:30 [    INFO] ipfs_kit_py.cluster.distributed_coordination: Initialized MembershipManager for cluster new-cluster
23:30:30 [    INFO] ipfs_kit_py.cluster.distributed_coordination: Created new cluster with ID: new-cluster
PASSED                                                                   [ 25%]
test/test_cluster_management.py::TestClusterCoordinator::test_election 
-------------------------------- live log call ---------------------------------
23:30:30 [    INFO] ipfs_kit_py.cluster.distributed_coordination: Initialized ClusterCoordinator for cluster test-cluster
23:30:30 [    INFO] ipfs_kit_py.cluster.distributed_coordination: Initiating leader election
23:30:30 [    INFO] ipfs_kit_py.cluster.distributed_coordination: Finalizing leader election
23:30:30 [    INFO] ipfs_kit_py.cluster.distributed_coordination: Election complete. New leader: test-node-1
PASSED                                                                   [ 25%]
test/test_cluster_management.py::TestClusterCoordinator::test_initialization 
-------------------------------- live log call ---------------------------------
23:30:30 [    INFO] ipfs_kit_py.cluster.distributed_coordination: Initialized ClusterCoordinator for cluster test-cluster
PASSED                                                                   [ 25%]
test/test_cluster_management.py::TestClusterCoordinator::test_join_cluster 
-------------------------------- live log call ---------------------------------
23:30:30 [    INFO] ipfs_kit_py.cluster.distributed_coordination: Initialized ClusterCoordinator for cluster test-cluster
23:30:30 [    INFO] ipfs_kit_py.cluster.distributed_coordination: Initialized MembershipManager for cluster old-cluster
23:30:30 [    INFO] ipfs_kit_py.cluster.distributed_coordination: Initialized ClusterCoordinator for cluster old-cluster
23:30:30 [    INFO] ipfs_kit_py.cluster.distributed_coordination: Initialized MembershipManager for cluster new-cluster
23:30:30 [    INFO] ipfs_kit_py.cluster.distributed_coordination: Joined cluster new-cluster with master at master-address
PASSED                                                                   [ 25%]
test/test_cluster_management.py::TestClusterCoordinator::test_submit_task 
-------------------------------- live log call ---------------------------------
23:30:30 [    INFO] ipfs_kit_py.cluster.distributed_coordination: Initialized ClusterCoordinator for cluster test-cluster
PASSED                                                                   [ 25%]
test/test_cluster_management.py::TestMonitoring::test_alert_clearing 
-------------------------------- live log call ---------------------------------
23:30:30 [    INFO] ipfs_kit_py.cluster.monitoring: Initialized MetricsCollector for node test-node-1
23:30:30 [    INFO] ipfs_kit_py.cluster.monitoring: Initialized ClusterMonitor for node test-node-1
23:30:30 [    INFO] ipfs_kit_py.cluster.monitoring: Shutting down MetricsCollector
23:30:31 [   ERROR] ipfs_kit_py.wal_telemetry: Error storing metrics with Arrow: Cannot convert MagicMock to pyarrow.lib.Table
23:30:32 [    INFO] ipfs_kit_py.cluster.monitoring: Shutting down ClusterMonitor
23:30:33 [    INFO] ipfs_kit_py.cluster.monitoring: Shutting down MetricsCollector
PASSED                                                                   [ 25%]
test/test_cluster_management.py::TestMonitoring::test_alert_generation 
-------------------------------- live log call ---------------------------------
23:30:34 [    INFO] ipfs_kit_py.cluster.monitoring: Initialized MetricsCollector for node test-node-1
23:30:34 [    INFO] ipfs_kit_py.cluster.monitoring: Initialized ClusterMonitor for node test-node-1
23:30:34 [    INFO] ipfs_kit_py.cluster.monitoring: Shutting down MetricsCollector
23:30:36 [    INFO] ipfs_kit_py.cluster.monitoring: Shutting down ClusterMonitor
23:30:37 [    INFO] ipfs_kit_py.cluster.monitoring: Shutting down MetricsCollector
PASSED                                                                   [ 25%]
test/test_cluster_management.py::TestMonitoring::test_cluster_health 
-------------------------------- live log call ---------------------------------
23:30:38 [    INFO] ipfs_kit_py.cluster.monitoring: Initialized MetricsCollector for node test-node-1
23:30:38 [    INFO] ipfs_kit_py.cluster.monitoring: Initialized ClusterMonitor for node test-node-1
23:30:38 [    INFO] ipfs_kit_py.cluster.monitoring: Shutting down MetricsCollector
23:30:40 [    INFO] ipfs_kit_py.cluster.monitoring: Shutting down ClusterMonitor
23:30:41 [    INFO] ipfs_kit_py.cluster.monitoring: Shutting down MetricsCollector
PASSED                                                                   [ 25%]
test/test_cluster_management.py::TestMonitoring::test_metrics_collection 
-------------------------------- live log call ---------------------------------
23:30:42 [    INFO] ipfs_kit_py.cluster.monitoring: Initialized MetricsCollector for node test-node-1
23:30:42 [    INFO] ipfs_kit_py.cluster.monitoring: Initialized ClusterMonitor for node test-node-1
23:30:44 [    INFO] ipfs_kit_py.cluster.monitoring: Shutting down MetricsCollector
23:30:46 [    INFO] ipfs_kit_py.cluster.monitoring: Shutting down ClusterMonitor
23:30:47 [    INFO] ipfs_kit_py.cluster.monitoring: Shutting down MetricsCollector
PASSED                                                                   [ 25%]
test/test_cluster_state.py::TestArrowClusterState::test_access_via_c_data_interface 
-------------------------------- live log call ---------------------------------
23:30:48 [    INFO] test.patch_cluster_state: Using simplified test implementation of access_via_c_data_interface with path: /tmp/tmpb7bxxsi1/c_data_interface_test_6f779e0c29f14c669b0575f4bce811ad
PASSED                                                                   [ 26%]
test/test_cluster_state.py::TestArrowClusterState::test_add_node PASSED  [ 26%]
test/test_cluster_state.py::TestArrowClusterState::test_add_task PASSED  [ 26%]
test/test_cluster_state.py::TestArrowClusterState::test_assign_task PASSED [ 26%]
test/test_cluster_state.py::TestArrowClusterState::test_get_metadata_for_external_access PASSED [ 26%]
test/test_cluster_state.py::TestArrowClusterState::test_get_node_info 
-------------------------------- live log call ---------------------------------
23:30:48 [   ERROR] ipfs_kit_py.cluster_state: Error converting to pandas: Number of Block dimensions (<MagicMock name='mock.core.internals.make_block().ndim' id='128636798881424'>) must equal number of axes (2)
PASSED                                                                   [ 26%]
test/test_cluster_state.py::TestArrowClusterState::test_get_task_info 
-------------------------------- live log call ---------------------------------
23:30:48 [    INFO] test.patch_cluster_state: Using simplified test implementation of add_task
23:30:48 [   ERROR] test.patch_cluster_state: Error in simplified add_task: '>' not supported between instances of 'MagicMock' and 'int'
PASSED                                                                   [ 26%]
test/test_cluster_state.py::TestArrowClusterState::test_initialize_empty_state PASSED [ 26%]
test/test_cluster_state.py::TestArrowClusterState::test_schema_creation PASSED [ 26%]
test/test_cluster_state.py::TestArrowClusterState::test_update_task PASSED [ 26%]
test/test_cluster_state.py::TestClusterManagerStateIntegration::test_access_state_from_external_process SKIPPED [ 27%]
test/test_cluster_state.py::TestClusterManagerStateIntegration::test_get_state_interface_info 
-------------------------------- live log call ---------------------------------
23:30:48 [    INFO] ipfs_kit_py.cluster_management: Initialized libp2p peer with ID: <MagicMock name='IPFSLibp2pPeer().get_peer_id()' id='128636799438768'>
23:30:48 [ WARNING] ipfs_kit_py.cluster_management: Arrow not available, skipping Arrow-based state initialization
PASSED                                                                   [ 27%]
test/test_cluster_state_helpers.py::TestClusterStateHelpers::test_connect_to_state_store 
-------------------------------- live log call ---------------------------------
23:30:48 [ WARNING] ipfs_kit_py.cluster_state_helpers: Metadata file not found at /nonexistent/path/state_metadata.json
PASSED                                                                   [ 27%]
test/test_cluster_state_helpers.py::TestClusterStateHelpers::test_estimate_time_to_completion PASSED [ 27%]
test/test_cluster_state_helpers.py::TestClusterStateHelpers::test_export_state_to_json PASSED [ 27%]
test/test_cluster_state_helpers.py::TestClusterStateHelpers::test_find_available_node_for_task 
-------------------------------- live log call ---------------------------------
23:30:48 [ WARNING] ipfs_kit_py.cluster_state_helpers: Task task1 is already assigned
PASSED                                                                   [ 27%]
test/test_cluster_state_helpers.py::TestClusterStateHelpers::test_find_nodes_by_role PASSED [ 27%]
test/test_cluster_state_helpers.py::TestClusterStateHelpers::test_find_nodes_with_gpu PASSED [ 27%]
test/test_cluster_state_helpers.py::TestClusterStateHelpers::test_find_orphaned_content PASSED [ 27%]
test/test_cluster_state_helpers.py::TestClusterStateHelpers::test_find_tasks_by_resource_requirements PASSED [ 27%]
test/test_cluster_state_helpers.py::TestClusterStateHelpers::test_find_tasks_by_status PASSED [ 28%]
test/test_cluster_state_helpers.py::TestClusterStateHelpers::test_get_all_nodes PASSED [ 28%]
test/test_cluster_state_helpers.py::TestClusterStateHelpers::test_get_cluster_state 
-------------------------------- live log call ---------------------------------
23:30:48 [ WARNING] ipfs_kit_py.cluster_state_helpers: No metadata available, searching for parquet files
23:30:48 [   ERROR] ipfs_kit_py.cluster_state_helpers: No parquet files found in /tmp/tmp_w138_s6/cluster_state/does_not_exist
PASSED                                                                   [ 28%]
test/test_cluster_state_helpers.py::TestClusterStateHelpers::test_get_cluster_status_summary PASSED [ 28%]
test/test_cluster_state_helpers.py::TestClusterStateHelpers::test_get_network_topology PASSED [ 28%]
test/test_cluster_state_helpers.py::TestClusterStateHelpers::test_get_state_path_from_metadata PASSED [ 28%]
test/test_cluster_state_helpers.py::TestClusterStateHelpers::test_get_task_execution_metrics PASSED [ 28%]
test/test_cluster_state_helpers.py::TestClusterStateHelpersWithFixtures::test_find_nodes_by_role_with_fixtures PASSED [ 28%]
test/test_cluster_state_helpers.py::TestClusterStateHelpersWithFixtures::test_get_all_nodes_with_fixtures PASSED [ 28%]
test/test_cluster_state_helpers.py::TestClusterStateHelpersWithFixtures::test_get_task_execution_metrics_with_fixtures PASSED [ 29%]
test/test_content_aware_prefetch.py::TestContentTypeAnalyzer::test_content_fingerprint PASSED [ 29%]
test/test_content_aware_prefetch.py::TestContentTypeAnalyzer::test_detect_content_type_by_content PASSED [ 29%]
test/test_content_aware_prefetch.py::TestContentTypeAnalyzer::test_detect_content_type_by_extension PASSED [ 29%]
test/test_content_aware_prefetch.py::TestContentTypeAnalyzer::test_detect_content_type_by_mimetype PASSED [ 29%]
test/test_content_aware_prefetch.py::TestContentTypeAnalyzer::test_prefetch_strategy_for_dataset PASSED [ 29%]
test/test_content_aware_prefetch.py::TestContentTypeAnalyzer::test_prefetch_strategy_for_video PASSED [ 29%]
test/test_content_aware_prefetch.py::TestContentTypeAnalyzer::test_update_stats PASSED [ 29%]
test/test_content_aware_prefetch.py::TestContentAwarePrefetchManager::test_content_type_awareness PASSED [ 29%]
test/test_content_aware_prefetch.py::TestContentAwarePrefetchManager::test_prefetch_hit_tracking PASSED [ 29%]
test/test_content_aware_prefetch.py::TestContentAwarePrefetchManager::test_prefetch_operation PASSED [ 30%]
test/test_content_aware_prefetch.py::TestContentAwarePrefetchManager::test_prefetch_scheduling PASSED [ 30%]
test/test_content_aware_prefetch.py::TestContentAwarePrefetchManager::test_record_content_access PASSED [ 30%]
test/test_content_aware_prefetch.py::TestContentAwarePrefetchManager::test_resource_awareness PASSED [ 30%]
test/test_content_aware_prefetch.py::TestContentAwarePrefetchManager::test_sliding_window_candidates PASSED [ 30%]
test/test_content_aware_prefetch.py::TestContentAwarePrefetchManager::test_tiered_cache_integration 
-------------------------------- live log call ---------------------------------
23:30:56 [    INFO] ipfs_kit_py.tiered_cache: Initialized enhanced ARC cache with 1.0MB memory, 0.0GB disk cache, ghost_list_size=1024
23:30:56 [    INFO] ipfs_kit_py.tiered_cache: Initialized tiered cache system with 1.0MB memory cache, 0.0GB disk cache
PASSED                                                                   [ 30%]
test/test_create_knowledge_graph.py::TestAICreateKnowledgeGraph::test_ai_create_knowledge_graph_exception_handling PASSED [ 30%]
test/test_create_knowledge_graph.py::TestAICreateKnowledgeGraph::test_ai_create_knowledge_graph_failure_modes PASSED [ 30%]
test/test_create_knowledge_graph.py::TestAICreateKnowledgeGraph::test_ai_create_knowledge_graph_with_ai_ml PASSED [ 30%]
test/test_create_knowledge_graph.py::TestAICreateKnowledgeGraph::test_ai_create_knowledge_graph_with_custom_parameters PASSED [ 30%]
test/test_create_knowledge_graph.py::TestAICreateKnowledgeGraph::test_ai_create_knowledge_graph_with_intermediate_results PASSED [ 31%]
test/test_create_knowledge_graph.py::TestAICreateKnowledgeGraph::test_ai_create_knowledge_graph_with_simulation PASSED [ 31%]
test/test_create_knowledge_graph.py::TestAICreateKnowledgeGraph::test_docstring_completeness PASSED [ 31%]
test/test_create_knowledge_graph.py::TestAICreateKnowledgeGraph::test_keyword_only_parameters PASSED [ 31%]
test/test_create_knowledge_graph.py::TestAICreateKnowledgeGraph::test_type_annotations PASSED [ 31%]
test/test_data_science_integration.py::TestDataScienceIntegration::test_dask_integration SKIPPED [ 31%]
test/test_data_science_integration.py::TestDataScienceIntegration::test_image_data_integration 
-------------------------------- live log call ---------------------------------
23:30:58 [    INFO] ipfs_kit_py.ipfs_fsspec: Initialized tiered cache system with 100.0MB memory cache, 1.0GB disk cache
23:30:58 [    INFO] ipfs_kit_py.ipfs_fsspec: Initialized IPFSFileSystem with role leecher
PASSED                                                                   [ 31%]
test/test_data_science_integration.py::TestDataScienceIntegration::test_pandas_csv_integration PASSED [ 31%]
test/test_data_science_integration.py::TestDataScienceIntegration::test_pandas_parquet_integration SKIPPED [ 31%]
test/test_data_science_integration.py::TestDataScienceIntegration::test_parquet_dataset_integration SKIPPED [ 32%]
test/test_data_science_integration.py::TestDataScienceIntegration::test_pyarrow_integration SKIPPED [ 32%]
test/test_data_science_integration.py::TestDataScienceIntegration::test_scikit_learn_integration SKIPPED [ 32%]
test/test_data_science_integration.py::TestDataScienceIntegration::test_seaborn_visualization SKIPPED [ 32%]
test/test_data_science_integration.py::TestDataScienceIntegration::test_workflow_integration SKIPPED [ 32%]
test/test_dependency_handling.py::TestDependencyHandling::test_ai_ml_integration_import PASSED [ 32%]
test/test_dependency_handling.py::TestDependencyHandling::test_arrow_metadata_index_class PASSED [ 32%]
test/test_dependency_handling.py::TestDependencyHandling::test_arrow_module_import PASSED [ 32%]
test/test_dependency_handling.py::TestDependencyHandling::test_core_package_import PASSED [ 32%]
test/test_dependency_handling.py::TestDependencyHandling::test_fsspec_handling PASSED [ 32%]
test/test_dependency_handling.py::TestDependencyHandling::test_high_level_api_graceful_degradation 
-------------------------------- live log call ---------------------------------
23:30:58 [    INFO] ipfs_kit_py.high_level_api: IPFSFileSystem initialized successfully
23:30:58 [    INFO] ipfs_kit_py.high_level_api: IPFSSimpleAPI initialized with role: leecher
PASSED                                                                   [ 33%]
test/test_dependency_handling.py::TestDependencyHandling::test_model_registry_class PASSED [ 33%]
test/test_distributed_coordination.py::TestDistributedTaskDistribution::test_task_creation_and_distribution 
-------------------------------- live log setup --------------------------------
23:30:58 [    INFO] ipfs_kit_py.ipfs_kit: Setting up libp2p peer for direct P2P communication...
23:30:58 [   ERROR] ipfs_kit_py.libp2p_peer: libp2p is not available. Install with pip install libp2p
23:30:58 [   ERROR] ipfs_kit_py.ipfs_kit: Failed to set up libp2p peer: libp2p is not available
23:30:58 [    INFO] ipfs_kit_py.ipfs_kit: Setting up libp2p peer for direct P2P communication...
23:30:58 [   ERROR] ipfs_kit_py.libp2p_peer: libp2p is not available. Install with pip install libp2p
23:30:58 [   ERROR] ipfs_kit_py.ipfs_kit: Failed to set up libp2p peer: libp2p is not available
23:30:58 [    INFO] ipfs_kit_py.ipfs_kit: Setting up libp2p peer for direct P2P communication...
23:30:58 [   ERROR] ipfs_kit_py.libp2p_peer: libp2p is not available. Install with pip install libp2p
23:30:58 [   ERROR] ipfs_kit_py.ipfs_kit: Failed to set up libp2p peer: libp2p is not available
23:30:58 [    INFO] ipfs_kit_py.ipfs_kit: Setting up libp2p peer for direct P2P communication...
23:30:58 [   ERROR] ipfs_kit_py.libp2p_peer: libp2p is not available. Install with pip install libp2p
23:30:58 [   ERROR] ipfs_kit_py.ipfs_kit: Failed to set up libp2p peer: libp2p is not available
PASSED                                                                   [ 33%]
test/test_distributed_coordination.py::TestDistributedTaskDistribution::test_worker_task_reception_and_execution 
-------------------------------- live log setup --------------------------------
23:30:58 [    INFO] ipfs_kit_py.ipfs_kit: Setting up libp2p peer for direct P2P communication...
23:30:58 [   ERROR] ipfs_kit_py.libp2p_peer: libp2p is not available. Install with pip install libp2p
23:30:58 [   ERROR] ipfs_kit_py.ipfs_kit: Failed to set up libp2p peer: libp2p is not available
23:30:58 [    INFO] ipfs_kit_py.ipfs_kit: Setting up libp2p peer for direct P2P communication...
23:30:58 [   ERROR] ipfs_kit_py.libp2p_peer: libp2p is not available. Install with pip install libp2p
23:30:58 [   ERROR] ipfs_kit_py.ipfs_kit: Failed to set up libp2p peer: libp2p is not available
23:30:58 [    INFO] ipfs_kit_py.ipfs_kit: Setting up libp2p peer for direct P2P communication...
23:30:58 [   ERROR] ipfs_kit_py.libp2p_peer: libp2p is not available. Install with pip install libp2p
23:30:58 [   ERROR] ipfs_kit_py.ipfs_kit: Failed to set up libp2p peer: libp2p is not available
23:30:58 [    INFO] ipfs_kit_py.ipfs_kit: Setting up libp2p peer for direct P2P communication...
23:30:58 [   ERROR] ipfs_kit_py.libp2p_peer: libp2p is not available. Install with pip install libp2p
23:30:58 [   ERROR] ipfs_kit_py.ipfs_kit: Failed to set up libp2p peer: libp2p is not available
PASSED                                                                   [ 33%]
test/test_distributed_coordination.py::TestDistributedTaskDistribution::test_master_task_result_collection 
-------------------------------- live log setup --------------------------------
23:30:58 [    INFO] ipfs_kit_py.ipfs_kit: Setting up libp2p peer for direct P2P communication...
23:30:58 [   ERROR] ipfs_kit_py.libp2p_peer: libp2p is not available. Install with pip install libp2p
23:30:58 [   ERROR] ipfs_kit_py.ipfs_kit: Failed to set up libp2p peer: libp2p is not available
23:30:58 [    INFO] ipfs_kit_py.ipfs_kit: Setting up libp2p peer for direct P2P communication...
23:30:58 [   ERROR] ipfs_kit_py.libp2p_peer: libp2p is not available. Install with pip install libp2p
23:30:58 [   ERROR] ipfs_kit_py.ipfs_kit: Failed to set up libp2p peer: libp2p is not available
23:30:58 [    INFO] ipfs_kit_py.ipfs_kit: Setting up libp2p peer for direct P2P communication...
23:30:58 [   ERROR] ipfs_kit_py.libp2p_peer: libp2p is not available. Install with pip install libp2p
23:30:58 [   ERROR] ipfs_kit_py.ipfs_kit: Failed to set up libp2p peer: libp2p is not available
23:30:58 [    INFO] ipfs_kit_py.ipfs_kit: Setting up libp2p peer for direct P2P communication...
23:30:58 [   ERROR] ipfs_kit_py.libp2p_peer: libp2p is not available. Install with pip install libp2p
23:30:58 [   ERROR] ipfs_kit_py.ipfs_kit: Failed to set up libp2p peer: libp2p is not available
PASSED                                                                   [ 33%]
test/test_distributed_coordination.py::TestResourceAwarePinAllocation::test_pin_allocation_based_on_resources 
-------------------------------- live log setup --------------------------------
23:30:58 [    INFO] ipfs_kit_py.ipfs_kit: Setting up libp2p peer for direct P2P communication...
23:30:58 [   ERROR] ipfs_kit_py.libp2p_peer: libp2p is not available. Install with pip install libp2p
23:30:58 [   ERROR] ipfs_kit_py.ipfs_kit: Failed to set up libp2p peer: libp2p is not available
23:30:58 [    INFO] ipfs_kit_py.ipfs_kit: Setting up libp2p peer for direct P2P communication...
23:30:58 [   ERROR] ipfs_kit_py.libp2p_peer: libp2p is not available. Install with pip install libp2p
23:30:58 [   ERROR] ipfs_kit_py.ipfs_kit: Failed to set up libp2p peer: libp2p is not available
23:30:58 [    INFO] ipfs_kit_py.ipfs_kit: Setting up libp2p peer for direct P2P communication...
23:30:58 [   ERROR] ipfs_kit_py.libp2p_peer: libp2p is not available. Install with pip install libp2p
23:30:58 [   ERROR] ipfs_kit_py.ipfs_kit: Failed to set up libp2p peer: libp2p is not available
23:30:58 [    INFO] ipfs_kit_py.ipfs_kit: Setting up libp2p peer for direct P2P communication...
23:30:58 [   ERROR] ipfs_kit_py.libp2p_peer: libp2p is not available. Install with pip install libp2p
23:30:58 [   ERROR] ipfs_kit_py.ipfs_kit: Failed to set up libp2p peer: libp2p is not available
PASSED                                                                   [ 33%]
test/test_distributed_coordination.py::TestResourceAwarePinAllocation::test_dynamic_reallocation_on_resource_changes 
-------------------------------- live log setup --------------------------------
23:30:58 [    INFO] ipfs_kit_py.ipfs_kit: Setting up libp2p peer for direct P2P communication...
23:30:58 [   ERROR] ipfs_kit_py.libp2p_peer: libp2p is not available. Install with pip install libp2p
23:30:58 [   ERROR] ipfs_kit_py.ipfs_kit: Failed to set up libp2p peer: libp2p is not available
23:30:58 [    INFO] ipfs_kit_py.ipfs_kit: Setting up libp2p peer for direct P2P communication...
23:30:58 [   ERROR] ipfs_kit_py.libp2p_peer: libp2p is not available. Install with pip install libp2p
23:30:58 [   ERROR] ipfs_kit_py.ipfs_kit: Failed to set up libp2p peer: libp2p is not available
23:30:58 [    INFO] ipfs_kit_py.ipfs_kit: Setting up libp2p peer for direct P2P communication...
23:30:58 [   ERROR] ipfs_kit_py.libp2p_peer: libp2p is not available. Install with pip install libp2p
23:30:58 [   ERROR] ipfs_kit_py.ipfs_kit: Failed to set up libp2p peer: libp2p is not available
23:30:58 [    INFO] ipfs_kit_py.ipfs_kit: Setting up libp2p peer for direct P2P communication...
23:30:58 [   ERROR] ipfs_kit_py.libp2p_peer: libp2p is not available. Install with pip install libp2p
23:30:58 [   ERROR] ipfs_kit_py.ipfs_kit: Failed to set up libp2p peer: libp2p is not available
PASSED                                                                   [ 33%]
test/test_distributed_coordination.py::TestLeaderElectionAndConsensus::test_leader_election_process 
-------------------------------- live log setup --------------------------------
23:30:58 [    INFO] ipfs_kit_py.ipfs_kit: Setting up libp2p peer for direct P2P communication...
23:30:58 [   ERROR] ipfs_kit_py.libp2p_peer: libp2p is not available. Install with pip install libp2p
23:30:58 [   ERROR] ipfs_kit_py.ipfs_kit: Failed to set up libp2p peer: libp2p is not available
23:30:58 [    INFO] ipfs_kit_py.ipfs_kit: Setting up libp2p peer for direct P2P communication...
23:30:58 [   ERROR] ipfs_kit_py.libp2p_peer: libp2p is not available. Install with pip install libp2p
23:30:58 [   ERROR] ipfs_kit_py.ipfs_kit: Failed to set up libp2p peer: libp2p is not available
23:30:58 [    INFO] ipfs_kit_py.ipfs_kit: Setting up libp2p peer for direct P2P communication...
23:30:58 [   ERROR] ipfs_kit_py.libp2p_peer: libp2p is not available. Install with pip install libp2p
23:30:58 [   ERROR] ipfs_kit_py.ipfs_kit: Failed to set up libp2p peer: libp2p is not available
23:30:58 [    INFO] ipfs_kit_py.ipfs_kit: Setting up libp2p peer for direct P2P communication...
23:30:58 [   ERROR] ipfs_kit_py.libp2p_peer: libp2p is not available. Install with pip install libp2p
23:30:58 [   ERROR] ipfs_kit_py.ipfs_kit: Failed to set up libp2p peer: libp2p is not available
PASSED                                                                   [ 33%]
test/test_distributed_coordination.py::TestLeaderElectionAndConsensus::test_consensus_on_configuration_changes 
-------------------------------- live log setup --------------------------------
23:30:58 [    INFO] ipfs_kit_py.ipfs_kit: Setting up libp2p peer for direct P2P communication...
23:30:58 [   ERROR] ipfs_kit_py.libp2p_peer: libp2p is not available. Install with pip install libp2p
23:30:58 [   ERROR] ipfs_kit_py.ipfs_kit: Failed to set up libp2p peer: libp2p is not available
23:30:58 [    INFO] ipfs_kit_py.ipfs_kit: Setting up libp2p peer for direct P2P communication...
23:30:58 [   ERROR] ipfs_kit_py.libp2p_peer: libp2p is not available. Install with pip install libp2p
23:30:58 [   ERROR] ipfs_kit_py.ipfs_kit: Failed to set up libp2p peer: libp2p is not available
23:30:58 [    INFO] ipfs_kit_py.ipfs_kit: Setting up libp2p peer for direct P2P communication...
23:30:58 [   ERROR] ipfs_kit_py.libp2p_peer: libp2p is not available. Install with pip install libp2p
23:30:58 [   ERROR] ipfs_kit_py.ipfs_kit: Failed to set up libp2p peer: libp2p is not available
23:30:58 [    INFO] ipfs_kit_py.ipfs_kit: Setting up libp2p peer for direct P2P communication...
23:30:58 [   ERROR] ipfs_kit_py.libp2p_peer: libp2p is not available. Install with pip install libp2p
23:30:58 [   ERROR] ipfs_kit_py.ipfs_kit: Failed to set up libp2p peer: libp2p is not available
PASSED                                                                   [ 33%]
test/test_distributed_coordination.py::TestLeaderElectionAndConsensus::test_handling_network_partitions 
-------------------------------- live log setup --------------------------------
23:30:58 [    INFO] ipfs_kit_py.ipfs_kit: Setting up libp2p peer for direct P2P communication...
23:30:58 [   ERROR] ipfs_kit_py.libp2p_peer: libp2p is not available. Install with pip install libp2p
23:30:58 [   ERROR] ipfs_kit_py.ipfs_kit: Failed to set up libp2p peer: libp2p is not available
23:30:58 [    INFO] ipfs_kit_py.ipfs_kit: Setting up libp2p peer for direct P2P communication...
23:30:58 [   ERROR] ipfs_kit_py.libp2p_peer: libp2p is not available. Install with pip install libp2p
23:30:58 [   ERROR] ipfs_kit_py.ipfs_kit: Failed to set up libp2p peer: libp2p is not available
23:30:58 [    INFO] ipfs_kit_py.ipfs_kit: Setting up libp2p peer for direct P2P communication...
23:30:58 [   ERROR] ipfs_kit_py.libp2p_peer: libp2p is not available. Install with pip install libp2p
23:30:58 [   ERROR] ipfs_kit_py.ipfs_kit: Failed to set up libp2p peer: libp2p is not available
23:30:58 [    INFO] ipfs_kit_py.ipfs_kit: Setting up libp2p peer for direct P2P communication...
23:30:58 [   ERROR] ipfs_kit_py.libp2p_peer: libp2p is not available. Install with pip install libp2p
23:30:58 [   ERROR] ipfs_kit_py.ipfs_kit: Failed to set up libp2p peer: libp2p is not available
PASSED                                                                   [ 33%]
test/test_distributed_state_sync.py::TestStateReplication::test_state_initialization PASSED [ 34%]
test/test_distributed_state_sync.py::TestStateReplication::test_state_synchronization PASSED [ 34%]
test/test_distributed_state_sync.py::TestPartialStateUpdates::test_create_partial_update PASSED [ 34%]
test/test_distributed_state_sync.py::TestPartialStateUpdates::test_apply_partial_update PASSED [ 34%]
test/test_distributed_state_sync.py::TestVectorClocks::test_vector_clock_comparison PASSED [ 34%]
test/test_distributed_state_sync.py::TestVectorClocks::test_increment_vector_clock PASSED [ 34%]
test/test_distributed_state_sync.py::TestVectorClocks::test_merge_vector_clocks PASSED [ 34%]
test/test_distributed_state_sync.py::TestConflictResolution::test_detect_conflicts PASSED [ 34%]
test/test_distributed_state_sync.py::TestConflictResolution::test_last_write_wins_resolution PASSED [ 34%]
test/test_distributed_state_sync.py::TestConflictResolution::test_custom_merge_resolution PASSED [ 35%]
test/test_distributed_state_sync.py::TestGossipBasedSynchronization::test_gossip_protocol PASSED [ 35%]
test/test_distributed_state_sync.py::TestGossipBasedSynchronization::test_gossip_message_handling PASSED [ 35%]
test/test_dynamic_role_switching.py::TestRoleRequirements::test_get_role_requirements PASSED [ 35%]
test/test_dynamic_role_switching.py::TestRoleRequirements::test_get_available_resources PASSED [ 35%]
test/test_dynamic_role_switching.py::TestDynamicRoleDetermination::test_evaluate_potential_roles PASSED [ 35%]
test/test_dynamic_role_switching.py::TestDynamicRoleDetermination::test_determine_optimal_role PASSED [ 35%]
test/test_dynamic_role_switching.py::TestRoleSwitchingImplementation::test_upgrade_leecher_to_worker PASSED [ 35%]
test/test_dynamic_role_switching.py::TestRoleSwitchingImplementation::test_upgrade_worker_to_master PASSED [ 35%]
test/test_dynamic_role_switching.py::TestRoleSwitchingImplementation::test_downgrade_worker_to_leecher PASSED [ 35%]
test/test_dynamic_role_switching.py::TestAutomatedRoleSwitching::test_resource_monitor PASSED [ 36%]
test/test_dynamic_role_switching.py::TestAutomatedRoleSwitching::test_automated_role_check PASSED [ 36%]
test/test_dynamic_role_switching.py::TestUserControlledRoleSwitching::test_user_initiated_role_change PASSED [ 36%]
test/test_error_handling.py::TestErrorHandlingPatterns::test_batch_operations_partial_success PASSED [ 36%]
test/test_error_handling.py::TestErrorHandlingPatterns::test_correlation_id_tracking PASSED [ 36%]
test/test_error_handling.py::TestErrorHandlingPatterns::test_error_result_dictionary PASSED [ 36%]
test/test_error_handling.py::TestErrorHandlingPatterns::test_operation_error_type_classification PASSED [ 36%]
test/test_error_handling.py::TestErrorHandlingPatterns::test_result_dictionary_pattern PASSED [ 36%]
test/test_error_handling.py::TestErrorHandlingPatterns::test_retry_mechanism PASSED [ 36%]
test/test_error_handling.py::TestErrorExceptions::test_error_inheritance PASSED [ 36%]
test/test_error_handling.py::TestErrorExceptions::test_ipfs_error_hierarchy PASSED [ 37%]
test/test_example.py::TestSimpleExample::test_simple_initialization 
-------------------------------- live log call ---------------------------------
23:30:59 [    INFO] ipfs_kit_py.high_level_api: IPFSFileSystem initialized successfully
23:30:59 [    INFO] ipfs_kit_py.high_level_api: IPFSSimpleAPI initialized with role: leecher
PASSED                                                                   [ 37%]
test/test_first_run_initialization.py::TestFirstRunInitialization::test_cli_first_run_init SKIPPED [ 37%]
test/test_first_run_initialization.py::TestFirstRunInitialization::test_ipfs_kit_binary_path_creation SKIPPED [ 37%]
test/test_first_run_initialization.py::TestFirstRunInitialization::test_ipfs_kit_initialization_download SKIPPED [ 37%]
test/test_first_run_initialization.py::TestFirstRunInitialization::test_ipfs_kit_path_creation SKIPPED [ 37%]
test/test_first_run_initialization.py::TestFirstRunInitialization::test_ipfs_kit_uses_existing_path SKIPPED [ 37%]
test/test_get_filesystem.py::TestGetFilesystem::test_fsspec_import_error PASSED [ 37%]
test/test_graphql_api.py::TestGraphQLSchema::test_add_content_mutation PASSED [ 37%]
test/test_graphql_api.py::TestGraphQLSchema::test_query_pins PASSED      [ 38%]
test/test_graphql_api.py::TestGraphQLSchema::test_query_version PASSED   [ 38%]
test/test_graphql_api.py::TestGraphQLEndpoint::test_graphql_endpoint_mutation 
-------------------------------- live log call ---------------------------------
23:30:59 [    INFO] httpx: HTTP Request: POST http://testserver/graphql "HTTP/1.1 200 OK"
PASSED                                                                   [ 38%]
test/test_graphql_api.py::TestGraphQLEndpoint::test_graphql_endpoint_query 
-------------------------------- live log call ---------------------------------
23:30:59 [    INFO] httpx: HTTP Request: POST http://testserver/graphql "HTTP/1.1 200 OK"
PASSED                                                                   [ 38%]
test/test_graphql_api.py::TestGraphQLEndpoint::test_graphql_error_handling 
-------------------------------- live log call ---------------------------------
23:30:59 [    INFO] httpx: HTTP Request: POST http://testserver/graphql "HTTP/1.1 200 OK"
PASSED                                                                   [ 38%]
test/test_helper_functions.py::TestHelperFunctions::test_estimate_time_to_completion PASSED [ 38%]
test/test_helper_functions.py::TestHelperFunctions::test_find_orphaned_content PASSED [ 38%]
test/test_helper_functions.py::TestHelperFunctions::test_find_tasks_by_resource_requirements PASSED [ 38%]
test/test_helper_functions.py::TestHelperFunctions::test_get_network_topology PASSED [ 38%]
test/test_helpers.py::TestNewHelperFunctions::test_find_tasks_by_resource_requirements PASSED [ 38%]
test/test_high_level_api.py::TestHighLevelAPI::test_add_file_path 
-------------------------------- live log call ---------------------------------
23:30:59 [    INFO] ipfs_kit_py.ipfs_fsspec: Initialized tiered cache system with 100.0MB memory cache, 1.0GB disk cache
23:30:59 [    INFO] ipfs_kit_py.ipfs_fsspec: Initialized IPFSFileSystem with role worker
PASSED                                                                   [ 39%]
test/test_high_level_api.py::TestHighLevelAPI::test_add_string PASSED    [ 39%]
test/test_high_level_api.py::TestHighLevelAPI::test_call_method PASSED   [ 39%]
test/test_high_level_api.py::TestHighLevelAPI::test_call_nonexistent_method PASSED [ 39%]
test/test_high_level_api.py::TestHighLevelAPI::test_cluster_operations_leecher PASSED [ 39%]
test/test_high_level_api.py::TestHighLevelAPI::test_connect PASSED       [ 39%]
test/test_high_level_api.py::TestHighLevelAPI::test_exists PASSED        [ 39%]
test/test_high_level_api.py::TestHighLevelAPI::test_generate_python_sdk PASSED [ 39%]
test/test_high_level_api.py::TestHighLevelAPI::test_get PASSED           [ 39%]
test/test_high_level_api.py::TestHighLevelAPI::test_initialization PASSED [ 40%]
test/test_high_level_api.py::TestHighLevelAPI::test_initialization_with_kwargs 
-------------------------------- live log call ---------------------------------
23:30:59 [    INFO] ipfs_kit_py.ipfs_fsspec: Initialized tiered cache system with 100.0MB memory cache, 1.0GB disk cache
23:30:59 [    INFO] ipfs_kit_py.ipfs_fsspec: Initialized IPFSFileSystem with role master
PASSED                                                                   [ 40%]
test/test_high_level_api.py::TestHighLevelAPI::test_list_pins PASSED     [ 40%]
test/test_high_level_api.py::TestHighLevelAPI::test_ls PASSED            [ 40%]
test/test_high_level_api.py::TestHighLevelAPI::test_open PASSED          [ 40%]
test/test_high_level_api.py::TestHighLevelAPI::test_peers PASSED         [ 40%]
test/test_high_level_api.py::TestHighLevelAPI::test_pin PASSED           [ 40%]
test/test_high_level_api.py::TestHighLevelAPI::test_plugin_base PASSED   [ 40%]
test/test_high_level_api.py::TestHighLevelAPI::test_publish PASSED       [ 40%]
test/test_high_level_api.py::TestHighLevelAPI::test_read PASSED          [ 40%]
test/test_high_level_api.py::TestHighLevelAPI::test_resolve PASSED       [ 41%]
test/test_high_level_api.py::TestHighLevelAPI::test_save_config PASSED   [ 41%]
test/test_high_level_api.py::TestHighLevelAPI::test_unpin PASSED         [ 41%]
test/test_high_level_api.py::TestPluginSystem::test_call_extension PASSED [ 41%]
test/test_high_level_api.py::TestPluginSystem::test_call_extension_via_call PASSED [ 41%]
test/test_high_level_api.py::TestPluginSystem::test_extension_registration PASSED [ 41%]
test/test_high_level_api.py::TestPluginSystem::test_plugin_loading PASSED [ 41%]
test/test_high_level_api.py::TestPluginSystem::test_register_custom_extension PASSED [ 41%]
test/test_high_level_api_ai_ml.py::TestHighLevelAPIAIML::test_ai_benchmark_model PASSED [ 41%]
test/test_high_level_api_ai_ml.py::TestHighLevelAPIAIML::test_ai_calculate_graph_metrics PASSED [ 41%]
test/test_high_level_api_ai_ml.py::TestHighLevelAPIAIML::test_ai_create_embeddings PASSED [ 42%]
test/test_high_level_api_ai_ml.py::TestHighLevelAPIAIML::test_ai_create_knowledge_graph PASSED [ 42%]
test/test_high_level_api_ai_ml.py::TestHighLevelAPIAIML::test_ai_create_knowledge_graph_failure PASSED [ 42%]
test/test_high_level_api_ai_ml.py::TestHighLevelAPIAIML::test_ai_create_vector_index PASSED [ 42%]
test/test_high_level_api_ai_ml.py::TestHighLevelAPIAIML::test_ai_data_loader PASSED [ 42%]
test/test_high_level_api_ai_ml.py::TestHighLevelAPIAIML::test_ai_deploy_model PASSED [ 42%]
test/test_high_level_api_ai_ml.py::TestHighLevelAPIAIML::test_ai_distributed_training_aggregate_results PASSED [ 42%]
test/test_high_level_api_ai_ml.py::TestHighLevelAPIAIML::test_ai_distributed_training_cancel_job PASSED [ 42%]
test/test_high_level_api_ai_ml.py::TestHighLevelAPIAIML::test_ai_distributed_training_get_status PASSED [ 42%]
test/test_high_level_api_ai_ml.py::TestHighLevelAPIAIML::test_ai_distributed_training_submit_job PASSED [ 43%]
test/test_high_level_api_ai_ml.py::TestHighLevelAPIAIML::test_ai_expand_knowledge_graph PASSED [ 43%]
test/test_high_level_api_ai_ml.py::TestHighLevelAPIAIML::test_ai_get_endpoint_status PASSED [ 43%]
test/test_high_level_api_ai_ml.py::TestHighLevelAPIAIML::test_ai_hybrid_search PASSED [ 43%]
test/test_high_level_api_ai_ml.py::TestHighLevelAPIAIML::test_ai_langchain_create_vectorstore PASSED [ 43%]
test/test_high_level_api_ai_ml.py::TestHighLevelAPIAIML::test_ai_langchain_load_documents PASSED [ 43%]
test/test_high_level_api_ai_ml.py::TestHighLevelAPIAIML::test_ai_langchain_query PASSED [ 43%]
test/test_high_level_api_ai_ml.py::TestHighLevelAPIAIML::test_ai_list_models PASSED [ 43%]
test/test_high_level_api_ai_ml.py::TestHighLevelAPIAIML::test_ai_llama_index_create_index PASSED [ 43%]
test/test_high_level_api_ai_ml.py::TestHighLevelAPIAIML::test_ai_llama_index_load_documents PASSED [ 43%]
test/test_high_level_api_ai_ml.py::TestHighLevelAPIAIML::test_ai_llama_index_query PASSED [ 44%]
test/test_high_level_api_ai_ml.py::TestHighLevelAPIAIML::test_ai_optimize_model PASSED [ 44%]
test/test_high_level_api_ai_ml.py::TestHighLevelAPIAIML::test_ai_query_knowledge_graph PASSED [ 44%]
test/test_high_level_api_ai_ml.py::TestHighLevelAPIAIML::test_ai_register_dataset PASSED [ 44%]
test/test_high_level_api_ai_ml.py::TestHighLevelAPIAIML::test_ai_register_model PASSED [ 44%]
test/test_high_level_api_ai_ml.py::TestHighLevelAPIAIML::test_ai_test_inference PASSED [ 44%]
test/test_high_level_api_ai_ml.py::TestHighLevelAPIAIML::test_ai_update_deployment PASSED [ 44%]
test/test_huggingface_kit.py::TestHuggingFaceKit::test_create_repo 
-------------------------------- live log call ---------------------------------
23:30:59 [ WARNING] ipfs_kit_py.huggingface_kit: Failed to authenticate with HuggingFace Hub: Invalid user token.
PASSED                                                                   [ 44%]
test/test_huggingface_kit.py::TestHuggingFaceKit::test_download_file 
-------------------------------- live log call ---------------------------------
23:30:59 [ WARNING] ipfs_kit_py.huggingface_kit: Failed to authenticate with HuggingFace Hub: Invalid user token.
PASSED                                                                   [ 44%]
test/test_huggingface_kit.py::TestHuggingFaceKit::test_initialization 
-------------------------------- live log call ---------------------------------
23:30:59 [ WARNING] ipfs_kit_py.huggingface_kit: Failed to authenticate with HuggingFace Hub: Invalid user token.
PASSED                                                                   [ 44%]
test/test_huggingface_kit.py::TestHuggingFaceKit::test_list_files 
-------------------------------- live log call ---------------------------------
23:30:59 [ WARNING] ipfs_kit_py.huggingface_kit: Failed to authenticate with HuggingFace Hub: Invalid user token.
PASSED                                                                   [ 45%]
test/test_huggingface_kit.py::TestHuggingFaceKit::test_list_repos 
-------------------------------- live log call ---------------------------------
23:30:59 [ WARNING] ipfs_kit_py.huggingface_kit: Failed to authenticate with HuggingFace Hub: Invalid user token.
PASSED                                                                   [ 45%]
test/test_huggingface_kit.py::TestHuggingFaceKit::test_login 
-------------------------------- live log call ---------------------------------
23:30:59 [ WARNING] ipfs_kit_py.huggingface_kit: Failed to authenticate with HuggingFace Hub: Invalid user token.
PASSED                                                                   [ 45%]
test/test_huggingface_kit.py::TestHuggingFaceKit::test_method_call 
-------------------------------- live log call ---------------------------------
23:30:59 [ WARNING] ipfs_kit_py.huggingface_kit: Failed to authenticate with HuggingFace Hub: Invalid user token.
PASSED                                                                   [ 45%]
test/test_huggingface_kit.py::TestHuggingFaceKit::test_repo_info 
-------------------------------- live log call ---------------------------------
23:30:59 [ WARNING] ipfs_kit_py.huggingface_kit: Failed to authenticate with HuggingFace Hub: Invalid user token.
PASSED                                                                   [ 45%]
test/test_huggingface_kit.py::TestHuggingFaceKit::test_upload_file 
-------------------------------- live log call ---------------------------------
23:30:59 [ WARNING] ipfs_kit_py.huggingface_kit: Failed to authenticate with HuggingFace Hub: Invalid user token.
PASSED                                                                   [ 45%]
test/test_huggingface_kit.py::TestHuggingFaceKit::test_whoami 
-------------------------------- live log call ---------------------------------
23:30:59 [ WARNING] ipfs_kit_py.huggingface_kit: Failed to authenticate with HuggingFace Hub: Invalid user token.
PASSED                                                                   [ 45%]
test/test_integrated_search.py::TestIntegratedSearch::test_combined_search 
-------------------------------- live log call ---------------------------------
23:30:59 [ WARNING] ipfs_kit_py.integrated_search: DistributedQueryOptimizer initialized without master role or cluster manager. Some functionality may be limited.
PASSED                                                                   [ 45%]
test/test_integrated_search.py::TestIntegratedSearch::test_error_handling 
-------------------------------- live log call ---------------------------------
23:30:59 [ WARNING] ipfs_kit_py.integrated_search: DistributedQueryOptimizer initialized without master role or cluster manager. Some functionality may be limited.
23:30:59 [   ERROR] ipfs_kit_py.integrated_search: Vector search error: Simulated failure
PASSED                                                                   [ 45%]
test/test_integrated_search.py::TestIntegratedSearch::test_index_entity 
-------------------------------- live log call ---------------------------------
23:30:59 [ WARNING] ipfs_kit_py.integrated_search: DistributedQueryOptimizer initialized without master role or cluster manager. Some functionality may be limited.
PASSED                                                                   [ 46%]
test/test_integrated_search.py::TestIntegratedSearch::test_llm_context_generation 
-------------------------------- live log call ---------------------------------
23:30:59 [ WARNING] ipfs_kit_py.integrated_search: DistributedQueryOptimizer initialized without master role or cluster manager. Some functionality may be limited.
PASSED                                                                   [ 46%]
test/test_integrated_search.py::TestIntegratedSearch::test_metadata_only_search 
-------------------------------- live log call ---------------------------------
23:30:59 [ WARNING] ipfs_kit_py.integrated_search: DistributedQueryOptimizer initialized without master role or cluster manager. Some functionality may be limited.
PASSED                                                                   [ 46%]
test/test_integrated_search.py::TestIntegratedSearch::test_text_query_conversion 
-------------------------------- live log call ---------------------------------
23:30:59 [ WARNING] ipfs_kit_py.integrated_search: DistributedQueryOptimizer initialized without master role or cluster manager. Some functionality may be limited.
PASSED                                                                   [ 46%]
test/test_integrated_search.py::TestIntegratedSearch::test_vector_only_search 
-------------------------------- live log call ---------------------------------
23:30:59 [ WARNING] ipfs_kit_py.integrated_search: DistributedQueryOptimizer initialized without master role or cluster manager. Some functionality may be limited.
PASSED                                                                   [ 46%]
test/test_ipfs_core_operations.py::TestIPFSCoreOperations::test_ipfs_add_directory SKIPPED [ 46%]
test/test_ipfs_core_operations.py::TestIPFSCoreOperations::test_ipfs_add_file SKIPPED [ 46%]
test/test_ipfs_core_operations.py::TestIPFSCoreOperations::test_ipfs_add_pin SKIPPED [ 46%]
test/test_ipfs_core_operations.py::TestIPFSCoreOperations::test_ipfs_cat SKIPPED [ 46%]
test/test_ipfs_core_operations.py::TestIPFSCoreOperations::test_ipfs_daemon_start SKIPPED [ 46%]
test/test_ipfs_core_operations.py::TestIPFSCoreOperations::test_ipfs_daemon_stop SKIPPED [ 47%]
test/test_ipfs_core_operations.py::TestIPFSCoreOperations::test_ipfs_dht_findprovs SKIPPED [ 47%]
test/test_ipfs_core_operations.py::TestIPFSCoreOperations::test_ipfs_dht_provide SKIPPED [ 47%]
test/test_ipfs_core_operations.py::TestIPFSCoreOperations::test_ipfs_get SKIPPED [ 47%]
test/test_ipfs_core_operations.py::TestIPFSCoreOperations::test_ipfs_get_config SKIPPED [ 47%]
test/test_ipfs_core_operations.py::TestIPFSCoreOperations::test_ipfs_id SKIPPED [ 47%]
test/test_ipfs_core_operations.py::TestIPFSCoreOperations::test_ipfs_ls_pinset SKIPPED [ 47%]
test/test_ipfs_core_operations.py::TestIPFSCoreOperations::test_ipfs_name_publish SKIPPED [ 47%]
test/test_ipfs_core_operations.py::TestIPFSCoreOperations::test_ipfs_name_resolve SKIPPED [ 47%]
test/test_ipfs_core_operations.py::TestIPFSCoreOperations::test_ipfs_remove_pin SKIPPED [ 47%]
test/test_ipfs_core_operations.py::TestIPFSCoreOperations::test_ipfs_set_config_value SKIPPED [ 48%]
test/test_ipfs_core_operations.py::TestIPFSCoreOperations::test_ipfs_swarm_connect SKIPPED [ 48%]
test/test_ipfs_core_operations.py::TestIPFSCoreOperations::test_ipfs_swarm_disconnect SKIPPED [ 48%]
test/test_ipfs_core_operations.py::TestIPFSCoreOperations::test_ipfs_swarm_peers SKIPPED [ 48%]
test/test_ipfs_dataloader.py::TestIPFSDataLoader::test_advanced_prefetch_thread_management PASSED [ 48%]
test/test_ipfs_dataloader.py::TestIPFSDataLoader::test_batch_iteration PASSED [ 48%]
test/test_ipfs_dataloader.py::TestIPFSDataLoader::test_clear PASSED      [ 48%]
test/test_ipfs_dataloader.py::TestIPFSDataLoader::test_close 
-------------------------------- live log call ---------------------------------
23:30:59 [ WARNING] ipfs_kit_py.ai_ml_integration: Thread mock-prefetch-thread did not stop within timeout
23:30:59 [ WARNING] ipfs_kit_py.ai_ml_integration: Failed to stop all threads: 0/1 stopped
PASSED                                                                   [ 48%]
test/test_ipfs_dataloader.py::TestIPFSDataLoader::test_close_resource_cleanup PASSED [ 48%]
test/test_ipfs_dataloader.py::TestIPFSDataLoader::test_close_with_errors 
-------------------------------- live log call ---------------------------------
23:30:59 [   ERROR] ipfs_kit_py.ai_ml_integration: Error during thread shutdown: Thread join error
Traceback (most recent call last):
  File "/home/barberb/ipfs_kit_py/ipfs_kit_py/ai_ml_integration.py", line 10984, in close
    thread.join(timeout=0.5)
  File "/usr/lib/python3.12/unittest/mock.py", line 1134, in __call__
    return self._mock_call(*args, **kwargs)
           ^^^^^^^^^^^^^^^^^^^^^^^^^^^^^^^^
  File "/usr/lib/python3.12/unittest/mock.py", line 1138, in _mock_call
    return self._execute_mock_call(*args, **kwargs)
           ^^^^^^^^^^^^^^^^^^^^^^^^^^^^^^^^^^^^^^^^
  File "/usr/lib/python3.12/unittest/mock.py", line 1193, in _execute_mock_call
    raise effect
RuntimeError: Thread join error
23:30:59 [ WARNING] ipfs_kit_py.ai_ml_integration: Failed to stop all threads: 0/1 stopped
PASSED                                                                   [ 49%]
test/test_ipfs_dataloader.py::TestIPFSDataLoader::test_context_manager PASSED [ 49%]
test/test_ipfs_dataloader.py::TestIPFSDataLoader::test_dataloader_init PASSED [ 49%]
test/test_ipfs_dataloader.py::TestIPFSDataLoader::test_dataloader_length PASSED [ 49%]
test/test_ipfs_dataloader.py::TestIPFSDataLoader::test_fetch_image PASSED [ 49%]
test/test_ipfs_dataloader.py::TestIPFSDataLoader::test_fetch_image_with_transform PASSED [ 49%]
test/test_ipfs_dataloader.py::TestIPFSDataLoader::test_get_performance_metrics PASSED [ 49%]
test/test_ipfs_dataloader.py::TestIPFSDataLoader::test_handle_missing_samples PASSED [ 49%]
test/test_ipfs_dataloader.py::TestIPFSDataLoader::test_load_dataset PASSED [ 49%]
test/test_ipfs_dataloader.py::TestIPFSDataLoader::test_load_embedded_dataset PASSED [ 49%]
test/test_ipfs_dataloader.py::TestIPFSDataLoader::test_load_multimodal_dataset PASSED [ 50%]
test/test_ipfs_dataloader.py::TestIPFSDataLoader::test_prefetch_mechanism PASSED [ 50%]
test/test_ipfs_dataloader.py::TestIPFSDataLoader::test_process_text PASSED [ 50%]
test/test_ipfs_dataloader.py::TestIPFSDataLoader::test_shuffled_batch_iteration PASSED [ 50%]
test/test_ipfs_dataloader.py::TestIPFSDataLoader::test_to_pytorch PASSED [ 50%]
test/test_ipfs_dataloader.py::TestIPFSDataLoader::test_to_pytorch_unavailable PASSED [ 50%]
test/test_ipfs_dataloader.py::TestIPFSDataLoader::test_to_tensorflow PASSED [ 50%]
test/test_ipfs_dataloader.py::TestIPFSDataLoader::test_to_tensorflow_unavailable PASSED [ 50%]
test/test_ipfs_dataloader.py::TestIPFSDataLoader::test_worker_error_recovery PASSED [ 50%]
test/test_ipfs_fsspec_metrics.py::TestPerformanceMetrics::test_metrics_collection PASSED [ 50%]
test/test_ipfs_fsspec_metrics.py::TestPerformanceMetrics::test_metrics_disabled PASSED [ 51%]
test/test_ipfs_fsspec_metrics.py::TestIPFSFileSystemMetrics::test_filesystem_metrics PASSED [ 51%]
test/test_ipfs_fsspec_mocked.py::test_ar_cache_basic PASSED              [ 51%]
test/test_ipfs_fsspec_mocked.py::test_ar_cache_size_limit PASSED         [ 51%]
test/test_ipfs_fsspec_mocked.py::test_disk_cache_basic PASSED            [ 51%]
test/test_ipfs_fsspec_mocked.py::test_tiered_cache_basic 
-------------------------------- live log setup --------------------------------
23:30:59 [    INFO] ipfs_kit_py.ipfs_fsspec: Initialized tiered cache system with 1.0MB memory cache, 0.0GB disk cache
PASSED                                                                   [ 51%]
test/test_ipfs_fsspec_mocked.py::test_tiered_cache_promotion 
-------------------------------- live log setup --------------------------------
23:30:59 [    INFO] ipfs_kit_py.ipfs_fsspec: Initialized tiered cache system with 1.0MB memory cache, 0.0GB disk cache
PASSED                                                                   [ 51%]
test/test_ipfs_fsspec_mocked.py::test_ipfs_memory_file PASSED            [ 51%]
test/test_ipfs_fsspec_mocked.py::test_ipfs_fs_path_to_cid 
-------------------------------- live log setup --------------------------------
23:30:59 [    INFO] ipfs_kit_py.ipfs_fsspec: Initialized tiered cache system with 100.0MB memory cache, 1.0GB disk cache
23:30:59 [    INFO] ipfs_kit_py.ipfs_fsspec: Initialized IPFSFileSystem with role leecher
PASSED                                                                   [ 51%]
test/test_ipfs_fsspec_mocked.py::test_ipfs_fs_open PASSED                [ 52%]
test/test_ipfs_fsspec_mocked.py::test_ipfs_fs_ls PASSED                  [ 52%]
test/test_ipfs_fsspec_mocked.py::test_ipfs_fs_cat PASSED                 [ 52%]
test/test_ipfs_fsspec_mocked.py::test_ipfs_fs_pin PASSED                 [ 52%]
test/test_ipfs_fsspec_mocked.py::test_ipfs_fs_error_handling PASSED      [ 52%]
test/test_ipfs_fsspec_mocked.py::test_ipfs_fs_cached_access PASSED       [ 52%]
test/test_ipfs_fsspec_mocked.py::test_ipfs_fs_put PASSED                 [ 52%]
test/test_ipfs_gateway_compatibility.py::TestGatewayCompatibility::test_gateway_configuration PASSED [ 52%]
test/test_ipfs_gateway_compatibility.py::TestGatewayCompatibility::test_gateway_content_cached PASSED [ 52%]
test/test_ipfs_gateway_compatibility.py::TestGatewayCompatibility::test_gateway_fallback_chain PASSED [ 52%]
test/test_ipfs_gateway_compatibility.py::TestGatewayCompatibility::test_gateway_http_method_handling PASSED [ 53%]
test/test_ipfs_gateway_compatibility.py::TestGatewayCompatibility::test_gateway_only_mode PASSED [ 53%]
test/test_ipfs_gateway_compatibility.py::TestGatewayCompatibility::test_gateway_operation_metrics PASSED [ 53%]
test/test_ipfs_gateway_compatibility.py::TestGatewayCompatibility::test_gateway_path_formatting PASSED [ 53%]
test/test_ipfs_gateway_compatibility.py::TestGatewayCompatibility::test_local_daemon_fallback_to_gateway PASSED [ 53%]
test/test_ipfs_kit_mocked.py::test_init PASSED                           [ 53%]
test/test_ipfs_kit_mocked.py::test_add_content PASSED                    [ 53%]
test/test_ipfs_kit_mocked.py::test_cat_content PASSED                    [ 53%]
test/test_ipfs_kit_mocked.py::test_pin_add PASSED                        [ 53%]
test/test_ipfs_kit_mocked.py::test_pin_ls PASSED                         [ 53%]
test/test_ipfs_kit_mocked.py::test_pin_rm PASSED                         [ 54%]
test/test_ipfs_kit_mocked.py::test_swarm_peers PASSED                    [ 54%]
test/test_ipfs_kit_mocked.py::test_id PASSED                             [ 54%]
test/test_ipfs_kit_mocked.py::test_error_handling PASSED                 [ 54%]
test/test_ipfs_kit_mocked.py::test_role_based_behavior PASSED            [ 54%]
test/test_ipfs_py_mocked.py::test_init PASSED                            [ 54%]
test/test_ipfs_py_mocked.py::test_run_ipfs_command PASSED                [ 54%]
test/test_ipfs_py_mocked.py::test_run_ipfs_command_raw_output PASSED     [ 54%]
test/test_ipfs_py_mocked.py::test_run_ipfs_command_error 
-------------------------------- live log call ---------------------------------
23:31:00 [   ERROR] ipfs_kit_py.ipfs: Command failed: ipfs add nonexistent_file
Return code: 1
Stderr: Error: open nonexistent_file: no such file or directory
PASSED                                                                   [ 54%]
test/test_ipfs_py_mocked.py::test_run_ipfs_command_timeout 
-------------------------------- live log call ---------------------------------
23:31:00 [   ERROR] ipfs_kit_py.ipfs: Timeout running command: ipfs cat QmTest123
PASSED                                                                   [ 55%]
test/test_ipfs_py_mocked.py::test_add PASSED                             [ 55%]
test/test_ipfs_py_mocked.py::test_cat PASSED                             [ 55%]
test/test_ipfs_py_mocked.py::test_pin_add PASSED                         [ 55%]
test/test_ipfs_py_mocked.py::test_pin_ls PASSED                          [ 55%]
test/test_ipfs_py_mocked.py::test_pin_rm PASSED                          [ 55%]
test/test_ipfs_py_mocked.py::test_perform_with_retry 
-------------------------------- live log call ---------------------------------
23:31:00 [ WARNING] ipfs_kit_py.error: Retry attempt 1 after error: Connection error. Waiting 0.01s before retry.
23:31:00 [ WARNING] ipfs_kit_py.error: Retry attempt 2 after error: Timeout error. Waiting 0.0001s before retry.
PASSED                                                                   [ 55%]
test/test_ipfs_py_mocked.py::test_perform_with_retry_fail PASSED         [ 55%]
test/test_ipfs_to_s3.py::test_init PASSED                                [ 55%]
test/test_ipfs_to_s3.py::test_migrate_file PASSED                        [ 55%]
test/test_ipfs_to_s3.py::test_migrate_file_with_filename PASSED          [ 56%]
test/test_ipfs_to_s3.py::test_migrate_directory PASSED                   [ 56%]
test/test_ipfs_to_s3.py::test_migrate_by_list PASSED                     [ 56%]
test/test_ipfs_to_s3.py::test_migrate_by_list_with_string_cids PASSED    [ 56%]
test/test_ipfs_to_s3.py::test_migrate_empty_list PASSED                  [ 56%]
test/test_ipfs_to_s3.py::test_migrate_file_failure PASSED                [ 56%]
test/test_ipfs_to_s3.py::test_cleanup PASSED                             [ 56%]
test/test_ipfs_to_storacha.py::test_init PASSED                          [ 56%]
test/test_ipfs_to_storacha.py::test_migrate_file PASSED                  [ 56%]
test/test_ipfs_to_storacha.py::test_migrate_directory PASSED             [ 56%]
test/test_ipfs_to_storacha.py::test_migrate_by_list PASSED               [ 57%]
test/test_ipfs_to_storacha.py::test_migrate_empty_list PASSED            [ 57%]
test/test_ipfs_to_storacha.py::test_migrate_file_failure PASSED          [ 57%]
test/test_ipfs_to_storacha.py::test_cleanup PASSED                       [ 57%]
test/test_ipld_knowledge_graph.py::TestIPLDKnowledgeGraph::test_add_entity PASSED [ 57%]
test/test_ipld_knowledge_graph.py::TestIPLDKnowledgeGraph::test_add_relationship PASSED [ 57%]
test/test_ipld_knowledge_graph.py::TestIPLDKnowledgeGraph::test_export_import_subgraph PASSED [ 57%]
test/test_ipld_knowledge_graph.py::TestIPLDKnowledgeGraph::test_graph_vector_search PASSED [ 57%]
test/test_ipld_knowledge_graph.py::TestIPLDKnowledgeGraph::test_graphrag_retrieve PASSED [ 57%]
test/test_ipld_knowledge_graph.py::TestIPLDKnowledgeGraph::test_path_between PASSED [ 58%]
test/test_ipld_knowledge_graph.py::TestIPLDKnowledgeGraph::test_query_interface PASSED [ 58%]
test/test_ipld_knowledge_graph.py::TestIPLDKnowledgeGraph::test_query_related PASSED [ 58%]
test/test_ipld_knowledge_graph.py::TestIPLDKnowledgeGraph::test_text_search PASSED [ 58%]
test/test_ipld_knowledge_graph.py::TestIPLDKnowledgeGraph::test_vector_search PASSED [ 58%]
test/test_isolated_helpers.py::TestIsolatedHelpers::test_find_orphaned_content PASSED [ 58%]
test/test_isolated_helpers.py::TestIsolatedHelpers::test_find_tasks_by_resource_requirements PASSED [ 58%]
test/test_libp2p_connection.py::TestLibP2PPeerBasic::test_dht_mode PASSED [ 58%]
test/test_libp2p_connection.py::TestLibP2PPeerBasic::test_multiaddrs_generation PASSED [ 58%]
test/test_libp2p_connection.py::TestLibP2PPeerBasic::test_peer_id_generation PASSED [ 58%]
test/test_libp2p_connection.py::TestLibP2PPeerBasic::test_peer_initialization PASSED [ 59%]
test/test_libp2p_connection.py::TestLibP2PPeerBasic::test_protocol_registration PASSED [ 59%]
test/test_libp2p_connection.py::TestLibP2PPeerContentExchange::test_content_announcement PASSED [ 59%]
test/test_libp2p_connection.py::TestLibP2PPeerContentExchange::test_content_request PASSED [ 59%]
test/test_libp2p_connection.py::TestLibP2PPeerContentExchange::test_content_storage PASSED [ 59%]
test/test_libp2p_connection.py::TestLibP2PPeerContentExchange::test_provider_finding PASSED [ 59%]
test/test_libp2p_connection.py::TestLibP2PPeerContentExchange::test_streaming_data_receiving PASSED [ 59%]
test/test_libp2p_connection.py::TestLibP2PPeerContentExchange::test_streaming_data_sending PASSED [ 59%]
test/test_libp2p_connection.py::TestLibP2PPeerRoleSpecific::test_leecher_role PASSED [ 59%]
test/test_libp2p_connection.py::TestLibP2PPeerRoleSpecific::test_master_role PASSED [ 60%]
test/test_libp2p_connection.py::TestLibP2PPeerRoleSpecific::test_worker_role PASSED [ 60%]
test/test_libp2p_connection.py::TestIPFSKitLibP2PIntegration::test_content_announcement_via_ipfskit PASSED [ 60%]
test/test_libp2p_connection.py::TestIPFSKitLibP2PIntegration::test_content_retrieval_via_ipfskit PASSED [ 60%]
test/test_libp2p_connection.py::TestIPFSKitLibP2PIntegration::test_provider_finding_via_ipfskit PASSED [ 60%]
test/test_libp2p_integration.py::TestLibP2PIntegration::test_content_routing_manager_creation PASSED [ 60%]
test/test_libp2p_integration.py::TestLibP2PIntegration::test_enhanced_dht_discovery_creation PASSED [ 60%]
test/test_libp2p_integration.py::TestLibP2PIntegration::test_extend_ipfs_kit_class PASSED [ 60%]
test/test_libp2p_integration.py::TestLibP2PIntegration::test_handle_cache_miss PASSED [ 60%]
test/test_libp2p_integration.py::TestLibP2PIntegration::test_libp2p_integration_creation PASSED [ 60%]
test/test_libp2p_integration.py::TestLibP2PIntegration::test_register_with_ipfs_kit PASSED [ 61%]
test/test_libp2p_integration.py::TestLibP2PNetworkWithFixtures::test_content_exchange PASSED [ 61%]
test/test_libp2p_integration.py::TestLibP2PNetworkWithFixtures::test_multinode_content_distribution PASSED [ 61%]
test/test_libp2p_integration.py::TestLibP2PNetworkWithFixtures::test_network_simulator PASSED [ 61%]
test/test_libp2p_integration.py::TestLibP2PNetworkWithFixtures::test_publish_subscribe PASSED [ 61%]
test/test_metadata_index_integration.py::TestMetadataIndexIntegration::test_add_record_to_index PASSED [ 61%]
test/test_metadata_index_integration.py::TestMetadataIndexIntegration::test_get_metadata_index PASSED [ 61%]
test/test_metadata_index_integration.py::TestMetadataIndexIntegration::test_publish_metadata_index PASSED [ 61%]
test/test_metadata_index_integration.py::TestMetadataIndexIntegration::test_sync_metadata_index PASSED [ 61%]
test/test_monitoring_and_management.py::TestClusterHealthMonitoring::test_node_metrics_collection PASSED [ 61%]
test/test_monitoring_and_management.py::TestClusterHealthMonitoring::test_alert_generation PASSED [ 62%]
test/test_monitoring_and_management.py::TestClusterHealthMonitoring::test_automatic_recovery_actions PASSED [ 62%]
test/test_monitoring_and_management.py::TestPerformanceVisualization::test_metrics_aggregation PASSED [ 62%]
test/test_monitoring_and_management.py::TestPerformanceVisualization::test_metrics_export_formats PASSED [ 62%]
test/test_monitoring_and_management.py::TestConfigurationManagement::test_configuration_validation PASSED [ 62%]
test/test_monitoring_and_management.py::TestConfigurationManagement::test_configuration_distribution PASSED [ 62%]
test/test_multiaddress.py::TestMultiaddressIntegration::test_connect_with_multiaddr PASSED [ 62%]
test/test_multiaddress.py::TestMultiaddressIntegration::test_invalid_multiaddr_parsing PASSED [ 62%]
test/test_multiaddress.py::TestMultiaddressIntegration::test_listen_addrs_with_multiaddr PASSED [ 62%]
test/test_multiaddress.py::TestMultiaddressIntegration::test_multiaddr_extraction PASSED [ 63%]
test/test_multiaddress.py::TestMultiaddressIntegration::test_multiaddr_manipulation PASSED [ 63%]
test/test_multiaddress.py::TestMultiaddressIntegration::test_multiaddr_parsing PASSED [ 63%]
test/test_multiaddress.py::TestMultiaddressIntegration::test_multiaddr_string_conversion PASSED [ 63%]
test/test_multiaddress.py::TestMultiaddressIntegration::test_multiaddr_validation PASSED [ 63%]
test/test_parallel_query_execution.py::TestQueryPredicate::test_init PASSED [ 63%]
test/test_parallel_query_execution.py::TestQueryPredicate::test_serialize_deserialize PASSED [ 63%]
test/test_parallel_query_execution.py::TestQueryPredicate::test_to_arrow_expression PASSED [ 63%]
test/test_parallel_query_execution.py::TestQueryAggregation::test_compute SKIPPED [ 63%]
test/test_parallel_query_execution.py::TestQueryAggregation::test_init PASSED [ 63%]
test/test_parallel_query_execution.py::TestQuery::test_build_arrow_expression PASSED [ 64%]
test/test_parallel_query_execution.py::TestQuery::test_init PASSED       [ 64%]
test/test_parallel_query_execution.py::TestQuery::test_query_type_detection PASSED [ 64%]
test/test_parallel_query_execution.py::TestQueryCacheManager::test_max_cache_size PASSED [ 64%]
test/test_parallel_query_execution.py::TestQueryCacheManager::test_put_get PASSED [ 64%]
test/test_parallel_query_execution.py::TestThreadPoolManager::test_get_pool SKIPPED [ 64%]
test/test_parallel_query_execution.py::TestThreadPoolManager::test_init SKIPPED [ 64%]
test/test_parallel_query_execution.py::TestThreadPoolManager::test_map SKIPPED [ 64%]
test/test_parallel_query_execution.py::TestThreadPoolManager::test_submit SKIPPED [ 64%]
test/test_parallel_query_execution.py::TestPartitionExecutor::test_execute 
-------------------------------- live log call ---------------------------------
23:31:00 [ WARNING] ipfs_kit_py.cache.parallel_query_execution: Partition not found: /tmp/tmpvqsneec0/test_data.parquet
SKIPPED (Skipping due to setup error: Expected 'dataset' to have bee...) [ 64%]
test/test_parallel_query_execution.py::TestPartitionExecutor::test_execute_aggregate_query SKIPPED [ 65%]
test/test_parallel_query_execution.py::TestQueryPlanner::test_plan_for_different_query_types PASSED [ 65%]
test/test_parallel_query_execution.py::TestQueryPlanner::test_plan_query PASSED [ 65%]
test/test_parallel_query_execution.py::TestQueryPlanner::test_statistics PASSED [ 65%]
test/test_parallel_query_execution.py::TestParallelQueryManager::test_clear_cache PASSED [ 65%]
test/test_parallel_query_execution.py::TestParallelQueryManager::test_create_query PASSED [ 65%]
test/test_parallel_query_execution.py::TestParallelQueryManager::test_dict_to_query PASSED [ 65%]
test/test_parallel_query_execution.py::TestParallelQueryManager::test_get_cache_key PASSED [ 65%]
test/test_parallel_query_execution.py::TestParallelQueryManager::test_get_statistics PASSED [ 65%]
test/test_parallel_query_execution.py::TestParallelQueryManager::test_init PASSED [ 66%]
test/test_parameter_validation.py::TestParameterValidation::test_validate_cid_format PASSED [ 66%]
test/test_parameter_validation.py::TestParameterValidation::test_validate_command_arguments PASSED [ 66%]
test/test_parameter_validation.py::TestParameterValidation::test_validate_parameter_types PASSED [ 66%]
test/test_parameter_validation.py::TestParameterValidation::test_validate_path_safety PASSED [ 66%]
test/test_parameter_validation.py::TestParameterValidation::test_validate_required_parameters PASSED [ 66%]
test/test_parameter_validation.py::TestParameterValidation::test_validate_role_permissions PASSED [ 66%]
test/test_performance_metrics.py::TestPerformanceMetrics::test_init_default PASSED [ 66%]
test/test_performance_metrics.py::TestPerformanceMetrics::test_init_custom_params PASSED [ 66%]
test/test_performance_metrics.py::TestPerformanceMetrics::test_reset PASSED [ 66%]
test/test_performance_metrics.py::TestPerformanceMetrics::test_track_operation PASSED [ 67%]
test/test_performance_metrics.py::TestPerformanceMetrics::test_set_correlation_id PASSED [ 67%]
test/test_performance_metrics.py::TestPerformanceMetrics::test_collect_system_metrics PASSED [ 67%]
test/test_performance_metrics.py::TestPerformanceMetrics::test_calculate_throughput PASSED [ 67%]
test/test_performance_metrics.py::TestPerformanceMetrics::test_write_metrics_to_log 
-------------------------------- live log call ---------------------------------
23:31:00 [    INFO] ipfs_kit_py.performance_metrics: Started performance metrics collection
PASSED                                                                   [ 67%]
test/test_performance_metrics.py::TestPerformanceMetrics::test_create_metrics_snapshot PASSED [ 67%]
test/test_performance_metrics.py::TestPerformanceMetrics::test_cleanup_old_logs 
-------------------------------- live log call ---------------------------------
23:31:00 [    INFO] ipfs_kit_py.performance_metrics: Started performance metrics collection
PASSED                                                                   [ 67%]
test/test_performance_metrics.py::TestPerformanceMetrics::test_record_operation_time PASSED [ 67%]
test/test_performance_metrics.py::TestPerformanceMetrics::test_record_bandwidth_usage PASSED [ 67%]
test/test_performance_metrics.py::TestPerformanceMetrics::test_record_cache_access PASSED [ 67%]
test/test_performance_metrics.py::TestPerformanceMetrics::test_record_error PASSED [ 68%]
test/test_performance_metrics.py::TestPerformanceMetrics::test_get_operation_stats PASSED [ 68%]
test/test_performance_metrics.py::TestPerformanceMetrics::test_get_correlated_operations PASSED [ 68%]
test/test_performance_metrics.py::TestPerformanceMetrics::test_get_current_throughput PASSED [ 68%]
test/test_performance_metrics.py::TestPerformanceMetrics::test_get_system_utilization PASSED [ 68%]
test/test_performance_metrics.py::TestPerformanceMetrics::test_get_error_stats PASSED [ 68%]
test/test_performance_metrics.py::TestPerformanceMetrics::test_percentile PASSED [ 68%]
test/test_performance_metrics.py::TestPerformanceMetrics::test_track_latency PASSED [ 68%]
test/test_performance_metrics.py::TestPerformanceMetrics::test_track_bandwidth PASSED [ 68%]
test/test_performance_metrics.py::TestPerformanceMetrics::test_track_cache_access PASSED [ 69%]
test/test_performance_metrics.py::TestPerformanceMetrics::test_analyze_metrics PASSED [ 69%]
test/test_performance_metrics.py::TestPerformanceMetrics::test_generate_report_json PASSED [ 69%]
test/test_performance_metrics.py::TestPerformanceMetrics::test_generate_report_markdown PASSED [ 69%]
test/test_performance_metrics.py::TestPerformanceMetrics::test_generate_report_text PASSED [ 69%]
test/test_performance_metrics.py::TestPerformanceMetrics::test_format_size PASSED [ 69%]
test/test_performance_metrics.py::TestPerformanceMetrics::test_format_duration PASSED [ 69%]
test/test_performance_metrics.py::TestPerformanceMetrics::test_find_correlation_patterns PASSED [ 69%]
test/test_performance_metrics.py::TestPerformanceMetrics::test_shutdown 
-------------------------------- live log call ---------------------------------
23:31:00 [    INFO] ipfs_kit_py.performance_metrics: Started performance metrics collection
23:31:00 [    INFO] ipfs_kit_py.performance_metrics: Metrics handler shutdown complete
PASSED                                                                   [ 69%]
test/test_performance_metrics.py::TestProfilingContext::test_init PASSED [ 69%]
test/test_performance_metrics.py::TestProfilingContext::test_context_manager PASSED [ 70%]
test/test_performance_metrics.py::test_profile_decorator PASSED          [ 70%]
test/test_probabilistic_data_structures.py::TestBloomFilter::test_add_contains PASSED [ 70%]
test/test_probabilistic_data_structures.py::TestBloomFilter::test_false_positive_rate PASSED [ 70%]
test/test_probabilistic_data_structures.py::TestBloomFilter::test_get_info PASSED [ 70%]
test/test_probabilistic_data_structures.py::TestBloomFilter::test_init PASSED [ 70%]
test/test_probabilistic_data_structures.py::TestBloomFilter::test_reset PASSED [ 70%]
test/test_probabilistic_data_structures.py::TestBloomFilter::test_union_intersection PASSED [ 70%]
test/test_probabilistic_data_structures.py::TestHyperLogLog::test_add_count PASSED [ 70%]
test/test_probabilistic_data_structures.py::TestHyperLogLog::test_get_info PASSED [ 70%]
test/test_probabilistic_data_structures.py::TestHyperLogLog::test_init PASSED [ 71%]
test/test_probabilistic_data_structures.py::TestHyperLogLog::test_merge PASSED [ 71%]
test/test_probabilistic_data_structures.py::TestHyperLogLog::test_reset PASSED [ 71%]
test/test_probabilistic_data_structures.py::TestCountMinSketch::test_add_estimate PASSED [ 71%]
test/test_probabilistic_data_structures.py::TestCountMinSketch::test_estimate_relative_frequency PASSED [ 71%]
test/test_probabilistic_data_structures.py::TestCountMinSketch::test_get_info PASSED [ 71%]
test/test_probabilistic_data_structures.py::TestCountMinSketch::test_init PASSED [ 71%]
test/test_probabilistic_data_structures.py::TestCountMinSketch::test_merge PASSED [ 71%]
test/test_probabilistic_data_structures.py::TestCountMinSketch::test_reset PASSED [ 71%]
test/test_probabilistic_data_structures.py::TestCuckooFilter::test_add_contains PASSED [ 72%]
test/test_probabilistic_data_structures.py::TestCuckooFilter::test_full_filter PASSED [ 72%]
test/test_probabilistic_data_structures.py::TestCuckooFilter::test_get_info PASSED [ 72%]
test/test_probabilistic_data_structures.py::TestCuckooFilter::test_init PASSED [ 72%]
test/test_probabilistic_data_structures.py::TestCuckooFilter::test_remove PASSED [ 72%]
test/test_probabilistic_data_structures.py::TestCuckooFilter::test_reset PASSED [ 72%]
test/test_probabilistic_data_structures.py::TestMinHash::test_get_info PASSED [ 72%]
test/test_probabilistic_data_structures.py::TestMinHash::test_init PASSED [ 72%]
test/test_probabilistic_data_structures.py::TestMinHash::test_jaccard PASSED [ 72%]
test/test_probabilistic_data_structures.py::TestMinHash::test_merge PASSED [ 72%]
test/test_probabilistic_data_structures.py::TestMinHash::test_reset PASSED [ 73%]
test/test_probabilistic_data_structures.py::TestMinHash::test_update PASSED [ 73%]
test/test_probabilistic_data_structures.py::TestTopK::test_add_get_top_k PASSED [ 73%]
test/test_probabilistic_data_structures.py::TestTopK::test_get_info PASSED [ 73%]
test/test_probabilistic_data_structures.py::TestTopK::test_init PASSED   [ 73%]
test/test_probabilistic_data_structures.py::TestTopK::test_item_replacement PASSED [ 73%]
test/test_probabilistic_data_structures.py::TestTopK::test_reset PASSED  [ 73%]
test/test_probabilistic_data_structures.py::TestTopK::test_update_existing PASSED [ 73%]
test/test_probabilistic_data_structures.py::TestProbabilisticDataStructureManager::test_create_bloom_filter PASSED [ 73%]
test/test_probabilistic_data_structures.py::TestProbabilisticDataStructureManager::test_create_count_min_sketch PASSED [ 73%]
test/test_probabilistic_data_structures.py::TestProbabilisticDataStructureManager::test_create_cuckoo_filter PASSED [ 74%]
test/test_probabilistic_data_structures.py::TestProbabilisticDataStructureManager::test_create_hyperloglog PASSED [ 74%]
test/test_probabilistic_data_structures.py::TestProbabilisticDataStructureManager::test_create_minhash PASSED [ 74%]
test/test_probabilistic_data_structures.py::TestProbabilisticDataStructureManager::test_create_topk PASSED [ 74%]
test/test_probabilistic_data_structures.py::TestProbabilisticDataStructureManager::test_get PASSED [ 74%]
test/test_probabilistic_data_structures.py::TestProbabilisticDataStructureManager::test_get_all_info PASSED [ 74%]
test/test_probabilistic_data_structures.py::TestProbabilisticDataStructureManager::test_init PASSED [ 74%]
test/test_probabilistic_data_structures.py::TestProbabilisticDataStructureManager::test_remove PASSED [ 74%]
test/test_probabilistic_data_structures.py::TestProbabilisticDataStructureManager::test_reset_all PASSED [ 74%]
test/test_probabilistic_data_structures.py::TestProbabilisticDataStructureIntegration::test_combined_usage PASSED [ 75%]
test/test_probabilistic_data_structures.py::TestProbabilisticDataStructureIntegration::test_performance_comparison PASSED [ 75%]
test/test_read_ahead_prefetching.py::TestReadAheadPrefetching::test_execute_prefetch 
-------------------------------- live log call ---------------------------------
23:31:01 [   ERROR] ipfs_kit_py.tiered_cache: Failed to initialize Parquet CID cache: 'ParquetCIDCache' object has no attribute '_get_default_probabilistic_config'
23:31:01 [    INFO] ipfs_kit_py.tiered_cache: Continuing without Parquet CID cache
23:31:01 [    INFO] ipfs_kit_py.tiered_cache: Initialized enhanced ARC cache with 0.0MB memory, 0.0GB disk cache, ghost_list_size=1024
23:31:01 [    INFO] ipfs_kit_py.tiered_cache: Loaded predictive cache models from disk
23:31:01 [    INFO] ipfs_kit_py.tiered_cache: Initialized PredictiveCacheManager with pattern_tracking=True, relationship_tracking=True, prefetching=True
23:31:01 [    INFO] ipfs_kit_py.tiered_cache: Set up read-ahead prefetching with 3 content type strategies
23:31:01 [    INFO] ipfs_kit_py.tiered_cache: Initialized predictive cache manager with read-ahead prefetching
23:31:01 [    INFO] ipfs_kit_py.tiered_cache: Initialized tiered cache system with 0.0MB memory cache, 0.0GB disk cache
PASSED                                                                   [ 75%]
test/test_read_ahead_prefetching.py::TestReadAheadPrefetching::test_prefetch_candidates_sequential 
-------------------------------- live log call ---------------------------------
23:31:01 [   ERROR] ipfs_kit_py.tiered_cache: Failed to initialize Parquet CID cache: 'ParquetCIDCache' object has no attribute '_get_default_probabilistic_config'
23:31:01 [    INFO] ipfs_kit_py.tiered_cache: Continuing without Parquet CID cache
23:31:01 [    INFO] ipfs_kit_py.tiered_cache: Initialized enhanced ARC cache with 0.0MB memory, 0.0GB disk cache, ghost_list_size=1024
23:31:01 [    INFO] ipfs_kit_py.tiered_cache: Loaded predictive cache models from disk
23:31:01 [    INFO] ipfs_kit_py.tiered_cache: Initialized PredictiveCacheManager with pattern_tracking=True, relationship_tracking=True, prefetching=True
23:31:01 [    INFO] ipfs_kit_py.tiered_cache: Set up read-ahead prefetching with 3 content type strategies
23:31:01 [    INFO] ipfs_kit_py.tiered_cache: Initialized predictive cache manager with read-ahead prefetching
23:31:01 [    INFO] ipfs_kit_py.tiered_cache: Initialized tiered cache system with 0.0MB memory cache, 0.0GB disk cache
PASSED                                                                   [ 75%]
test/test_read_ahead_prefetching.py::TestReadAheadPrefetching::test_prefetch_disabled_in_get 
-------------------------------- live log call ---------------------------------
23:31:01 [   ERROR] ipfs_kit_py.tiered_cache: Failed to initialize Parquet CID cache: 'ParquetCIDCache' object has no attribute '_get_default_probabilistic_config'
23:31:01 [    INFO] ipfs_kit_py.tiered_cache: Continuing without Parquet CID cache
23:31:01 [    INFO] ipfs_kit_py.tiered_cache: Initialized enhanced ARC cache with 0.0MB memory, 0.0GB disk cache, ghost_list_size=1024
23:31:01 [    INFO] ipfs_kit_py.tiered_cache: Loaded predictive cache models from disk
23:31:01 [    INFO] ipfs_kit_py.tiered_cache: Initialized PredictiveCacheManager with pattern_tracking=True, relationship_tracking=True, prefetching=True
23:31:01 [    INFO] ipfs_kit_py.tiered_cache: Set up read-ahead prefetching with 3 content type strategies
23:31:01 [    INFO] ipfs_kit_py.tiered_cache: Initialized predictive cache manager with read-ahead prefetching
23:31:01 [    INFO] ipfs_kit_py.tiered_cache: Initialized tiered cache system with 0.0MB memory cache, 0.0GB disk cache
PASSED                                                                   [ 75%]
test/test_read_ahead_prefetching.py::TestReadAheadPrefetching::test_prefetch_enabled_in_get 
-------------------------------- live log call ---------------------------------
23:31:01 [   ERROR] ipfs_kit_py.tiered_cache: Failed to initialize Parquet CID cache: 'ParquetCIDCache' object has no attribute '_get_default_probabilistic_config'
23:31:01 [    INFO] ipfs_kit_py.tiered_cache: Continuing without Parquet CID cache
23:31:01 [    INFO] ipfs_kit_py.tiered_cache: Initialized enhanced ARC cache with 0.0MB memory, 0.0GB disk cache, ghost_list_size=1024
23:31:01 [    INFO] ipfs_kit_py.tiered_cache: Loaded predictive cache models from disk
23:31:01 [    INFO] ipfs_kit_py.tiered_cache: Initialized PredictiveCacheManager with pattern_tracking=True, relationship_tracking=True, prefetching=True
23:31:01 [    INFO] ipfs_kit_py.tiered_cache: Set up read-ahead prefetching with 3 content type strategies
23:31:01 [    INFO] ipfs_kit_py.tiered_cache: Initialized predictive cache manager with read-ahead prefetching
23:31:01 [    INFO] ipfs_kit_py.tiered_cache: Initialized tiered cache system with 0.0MB memory cache, 0.0GB disk cache
PASSED                                                                   [ 75%]
test/test_read_ahead_prefetching.py::TestReadAheadPrefetching::test_prefetch_thread_management 
-------------------------------- live log call ---------------------------------
23:31:01 [   ERROR] ipfs_kit_py.tiered_cache: Failed to initialize Parquet CID cache: 'ParquetCIDCache' object has no attribute '_get_default_probabilistic_config'
23:31:01 [    INFO] ipfs_kit_py.tiered_cache: Continuing without Parquet CID cache
23:31:01 [    INFO] ipfs_kit_py.tiered_cache: Initialized enhanced ARC cache with 0.0MB memory, 0.0GB disk cache, ghost_list_size=1024
23:31:01 [    INFO] ipfs_kit_py.tiered_cache: Loaded predictive cache models from disk
23:31:01 [    INFO] ipfs_kit_py.tiered_cache: Initialized PredictiveCacheManager with pattern_tracking=True, relationship_tracking=True, prefetching=True
23:31:01 [    INFO] ipfs_kit_py.tiered_cache: Set up read-ahead prefetching with 3 content type strategies
23:31:01 [    INFO] ipfs_kit_py.tiered_cache: Initialized predictive cache manager with read-ahead prefetching
23:31:01 [    INFO] ipfs_kit_py.tiered_cache: Initialized tiered cache system with 0.0MB memory cache, 0.0GB disk cache
PASSED                                                                   [ 75%]
test/test_read_ahead_prefetching.py::TestReadAheadPrefetching::test_record_prefetch_metrics 
-------------------------------- live log call ---------------------------------
23:31:01 [   ERROR] ipfs_kit_py.tiered_cache: Failed to initialize Parquet CID cache: 'ParquetCIDCache' object has no attribute '_get_default_probabilistic_config'
23:31:01 [    INFO] ipfs_kit_py.tiered_cache: Continuing without Parquet CID cache
23:31:01 [    INFO] ipfs_kit_py.tiered_cache: Initialized enhanced ARC cache with 0.0MB memory, 0.0GB disk cache, ghost_list_size=1024
23:31:01 [    INFO] ipfs_kit_py.tiered_cache: Loaded predictive cache models from disk
23:31:01 [    INFO] ipfs_kit_py.tiered_cache: Initialized PredictiveCacheManager with pattern_tracking=True, relationship_tracking=True, prefetching=True
23:31:01 [    INFO] ipfs_kit_py.tiered_cache: Set up read-ahead prefetching with 3 content type strategies
23:31:01 [    INFO] ipfs_kit_py.tiered_cache: Initialized predictive cache manager with read-ahead prefetching
23:31:01 [    INFO] ipfs_kit_py.tiered_cache: Initialized tiered cache system with 0.0MB memory cache, 0.0GB disk cache
PASSED                                                                   [ 75%]
test/test_read_ahead_prefetching.py::TestReadAheadPrefetching::test_trigger_prefetch 
-------------------------------- live log call ---------------------------------
23:31:01 [   ERROR] ipfs_kit_py.tiered_cache: Failed to initialize Parquet CID cache: 'ParquetCIDCache' object has no attribute '_get_default_probabilistic_config'
23:31:01 [    INFO] ipfs_kit_py.tiered_cache: Continuing without Parquet CID cache
23:31:01 [    INFO] ipfs_kit_py.tiered_cache: Initialized enhanced ARC cache with 0.0MB memory, 0.0GB disk cache, ghost_list_size=1024
23:31:01 [    INFO] ipfs_kit_py.tiered_cache: Loaded predictive cache models from disk
23:31:01 [    INFO] ipfs_kit_py.tiered_cache: Initialized PredictiveCacheManager with pattern_tracking=True, relationship_tracking=True, prefetching=True
23:31:01 [    INFO] ipfs_kit_py.tiered_cache: Set up read-ahead prefetching with 3 content type strategies
23:31:01 [    INFO] ipfs_kit_py.tiered_cache: Initialized predictive cache manager with read-ahead prefetching
23:31:01 [    INFO] ipfs_kit_py.tiered_cache: Initialized tiered cache system with 0.0MB memory cache, 0.0GB disk cache
23:31:01 [   ERROR] ipfs_kit_py.tiered_cache: Error in prefetch thread: 'prefetched_bytes'
PASSED                                                                   [ 75%]
test/test_read_ahead_prefetching.py::TestPredictiveCacheManager::test_async_stream_prefetch 
-------------------------------- live log call ---------------------------------
23:31:01 [   ERROR] ipfs_kit_py.tiered_cache: Failed to initialize Parquet CID cache: 'ParquetCIDCache' object has no attribute '_get_default_probabilistic_config'
23:31:01 [    INFO] ipfs_kit_py.tiered_cache: Continuing without Parquet CID cache
23:31:01 [    INFO] ipfs_kit_py.tiered_cache: Initialized enhanced ARC cache with 0.0MB memory, 0.0GB disk cache, ghost_list_size=1024
23:31:01 [    INFO] ipfs_kit_py.tiered_cache: Loaded predictive cache models from disk
23:31:01 [    INFO] ipfs_kit_py.tiered_cache: Initialized PredictiveCacheManager with pattern_tracking=True, relationship_tracking=True, prefetching=True
23:31:01 [    INFO] ipfs_kit_py.tiered_cache: Set up read-ahead prefetching with 3 content type strategies
23:31:01 [    INFO] ipfs_kit_py.tiered_cache: Initialized predictive cache manager with read-ahead prefetching
23:31:01 [    INFO] ipfs_kit_py.tiered_cache: Initialized tiered cache system with 0.0MB memory cache, 0.0GB disk cache
23:31:01 [    INFO] ipfs_kit_py.tiered_cache: Loaded predictive cache models from disk
23:31:01 [    INFO] ipfs_kit_py.tiered_cache: Initialized PredictiveCacheManager with pattern_tracking=True, relationship_tracking=True, prefetching=True
23:31:01 [    INFO] ipfs_kit_py.tiered_cache: Set up read-ahead prefetching with 3 content type strategies
PASSED                                                                   [ 75%]
test/test_read_ahead_prefetching.py::TestPredictiveCacheManager::test_ensure_event_loop 
-------------------------------- live log call ---------------------------------
23:31:01 [   ERROR] ipfs_kit_py.tiered_cache: Failed to initialize Parquet CID cache: 'ParquetCIDCache' object has no attribute '_get_default_probabilistic_config'
23:31:01 [    INFO] ipfs_kit_py.tiered_cache: Continuing without Parquet CID cache
23:31:01 [    INFO] ipfs_kit_py.tiered_cache: Initialized enhanced ARC cache with 0.0MB memory, 0.0GB disk cache, ghost_list_size=1024
23:31:01 [    INFO] ipfs_kit_py.tiered_cache: Loaded predictive cache models from disk
23:31:01 [    INFO] ipfs_kit_py.tiered_cache: Initialized PredictiveCacheManager with pattern_tracking=True, relationship_tracking=True, prefetching=True
23:31:01 [    INFO] ipfs_kit_py.tiered_cache: Set up read-ahead prefetching with 3 content type strategies
23:31:01 [    INFO] ipfs_kit_py.tiered_cache: Initialized predictive cache manager with read-ahead prefetching
23:31:01 [    INFO] ipfs_kit_py.tiered_cache: Initialized tiered cache system with 0.0MB memory cache, 0.0GB disk cache
23:31:01 [    INFO] ipfs_kit_py.tiered_cache: Loaded predictive cache models from disk
23:31:01 [    INFO] ipfs_kit_py.tiered_cache: Initialized PredictiveCacheManager with pattern_tracking=True, relationship_tracking=True, prefetching=True
PASSED                                                                   [ 76%]
test/test_read_ahead_prefetching.py::TestPredictiveCacheManager::test_predict_next_access 
-------------------------------- live log call ---------------------------------
23:31:01 [   ERROR] ipfs_kit_py.tiered_cache: Failed to initialize Parquet CID cache: 'ParquetCIDCache' object has no attribute '_get_default_probabilistic_config'
23:31:01 [    INFO] ipfs_kit_py.tiered_cache: Continuing without Parquet CID cache
23:31:01 [    INFO] ipfs_kit_py.tiered_cache: Initialized enhanced ARC cache with 0.0MB memory, 0.0GB disk cache, ghost_list_size=1024
23:31:01 [    INFO] ipfs_kit_py.tiered_cache: Loaded predictive cache models from disk
23:31:01 [    INFO] ipfs_kit_py.tiered_cache: Initialized PredictiveCacheManager with pattern_tracking=True, relationship_tracking=True, prefetching=True
23:31:01 [    INFO] ipfs_kit_py.tiered_cache: Set up read-ahead prefetching with 3 content type strategies
23:31:01 [    INFO] ipfs_kit_py.tiered_cache: Initialized predictive cache manager with read-ahead prefetching
23:31:01 [    INFO] ipfs_kit_py.tiered_cache: Initialized tiered cache system with 0.0MB memory cache, 0.0GB disk cache
23:31:01 [    INFO] ipfs_kit_py.tiered_cache: Loaded predictive cache models from disk
23:31:01 [    INFO] ipfs_kit_py.tiered_cache: Initialized PredictiveCacheManager with pattern_tracking=True, relationship_tracking=True, prefetching=True
PASSED                                                                   [ 76%]
test/test_read_ahead_prefetching.py::TestPredictiveCacheManager::test_prefetch_content 
-------------------------------- live log call ---------------------------------
23:31:01 [   ERROR] ipfs_kit_py.tiered_cache: Failed to initialize Parquet CID cache: 'ParquetCIDCache' object has no attribute '_get_default_probabilistic_config'
23:31:01 [    INFO] ipfs_kit_py.tiered_cache: Continuing without Parquet CID cache
23:31:01 [    INFO] ipfs_kit_py.tiered_cache: Initialized enhanced ARC cache with 0.0MB memory, 0.0GB disk cache, ghost_list_size=1024
23:31:01 [    INFO] ipfs_kit_py.tiered_cache: Loaded predictive cache models from disk
23:31:01 [    INFO] ipfs_kit_py.tiered_cache: Initialized PredictiveCacheManager with pattern_tracking=True, relationship_tracking=True, prefetching=True
23:31:01 [    INFO] ipfs_kit_py.tiered_cache: Set up read-ahead prefetching with 3 content type strategies
23:31:01 [    INFO] ipfs_kit_py.tiered_cache: Initialized predictive cache manager with read-ahead prefetching
23:31:01 [    INFO] ipfs_kit_py.tiered_cache: Initialized tiered cache system with 0.0MB memory cache, 0.0GB disk cache
23:31:01 [    INFO] ipfs_kit_py.tiered_cache: Loaded predictive cache models from disk
23:31:01 [    INFO] ipfs_kit_py.tiered_cache: Initialized PredictiveCacheManager with pattern_tracking=True, relationship_tracking=True, prefetching=True
PASSED                                                                   [ 76%]
test/test_read_ahead_prefetching.py::TestPredictiveCacheManager::test_record_access 
-------------------------------- live log call ---------------------------------
23:31:01 [   ERROR] ipfs_kit_py.tiered_cache: Failed to initialize Parquet CID cache: 'ParquetCIDCache' object has no attribute '_get_default_probabilistic_config'
23:31:01 [    INFO] ipfs_kit_py.tiered_cache: Continuing without Parquet CID cache
23:31:01 [    INFO] ipfs_kit_py.tiered_cache: Initialized enhanced ARC cache with 0.0MB memory, 0.0GB disk cache, ghost_list_size=1024
23:31:01 [    INFO] ipfs_kit_py.tiered_cache: Loaded predictive cache models from disk
23:31:01 [    INFO] ipfs_kit_py.tiered_cache: Initialized PredictiveCacheManager with pattern_tracking=True, relationship_tracking=True, prefetching=True
23:31:01 [    INFO] ipfs_kit_py.tiered_cache: Set up read-ahead prefetching with 3 content type strategies
23:31:01 [    INFO] ipfs_kit_py.tiered_cache: Initialized predictive cache manager with read-ahead prefetching
23:31:01 [    INFO] ipfs_kit_py.tiered_cache: Initialized tiered cache system with 0.0MB memory cache, 0.0GB disk cache
23:31:01 [    INFO] ipfs_kit_py.tiered_cache: Loaded predictive cache models from disk
23:31:01 [    INFO] ipfs_kit_py.tiered_cache: Initialized PredictiveCacheManager with pattern_tracking=True, relationship_tracking=True, prefetching=True
PASSED                                                                   [ 76%]
test/test_read_ahead_prefetching.py::TestPredictiveCacheManager::test_record_related_content 
-------------------------------- live log call ---------------------------------
23:31:01 [   ERROR] ipfs_kit_py.tiered_cache: Failed to initialize Parquet CID cache: 'ParquetCIDCache' object has no attribute '_get_default_probabilistic_config'
23:31:01 [    INFO] ipfs_kit_py.tiered_cache: Continuing without Parquet CID cache
23:31:01 [    INFO] ipfs_kit_py.tiered_cache: Initialized enhanced ARC cache with 0.0MB memory, 0.0GB disk cache, ghost_list_size=1024
23:31:01 [    INFO] ipfs_kit_py.tiered_cache: Loaded predictive cache models from disk
23:31:01 [    INFO] ipfs_kit_py.tiered_cache: Initialized PredictiveCacheManager with pattern_tracking=True, relationship_tracking=True, prefetching=True
23:31:01 [    INFO] ipfs_kit_py.tiered_cache: Set up read-ahead prefetching with 3 content type strategies
23:31:01 [    INFO] ipfs_kit_py.tiered_cache: Initialized predictive cache manager with read-ahead prefetching
23:31:01 [    INFO] ipfs_kit_py.tiered_cache: Initialized tiered cache system with 0.0MB memory cache, 0.0GB disk cache
23:31:01 [    INFO] ipfs_kit_py.tiered_cache: Loaded predictive cache models from disk
23:31:01 [    INFO] ipfs_kit_py.tiered_cache: Initialized PredictiveCacheManager with pattern_tracking=True, relationship_tracking=True, prefetching=True
PASSED                                                                   [ 76%]
test/test_read_ahead_prefetching.py::TestPredictiveCacheManager::test_workload_detection 
-------------------------------- live log call ---------------------------------
23:31:01 [   ERROR] ipfs_kit_py.tiered_cache: Failed to initialize Parquet CID cache: 'ParquetCIDCache' object has no attribute '_get_default_probabilistic_config'
23:31:01 [    INFO] ipfs_kit_py.tiered_cache: Continuing without Parquet CID cache
23:31:01 [    INFO] ipfs_kit_py.tiered_cache: Initialized enhanced ARC cache with 0.0MB memory, 0.0GB disk cache, ghost_list_size=1024
23:31:01 [    INFO] ipfs_kit_py.tiered_cache: Loaded predictive cache models from disk
23:31:01 [    INFO] ipfs_kit_py.tiered_cache: Initialized PredictiveCacheManager with pattern_tracking=True, relationship_tracking=True, prefetching=True
23:31:01 [    INFO] ipfs_kit_py.tiered_cache: Set up read-ahead prefetching with 3 content type strategies
23:31:01 [    INFO] ipfs_kit_py.tiered_cache: Initialized predictive cache manager with read-ahead prefetching
23:31:01 [    INFO] ipfs_kit_py.tiered_cache: Initialized tiered cache system with 0.0MB memory cache, 0.0GB disk cache
23:31:01 [    INFO] ipfs_kit_py.tiered_cache: Loaded predictive cache models from disk
23:31:01 [    INFO] ipfs_kit_py.tiered_cache: Initialized PredictiveCacheManager with pattern_tracking=True, relationship_tracking=True, prefetching=True
PASSED                                                                   [ 76%]
test/test_resource_aware_prefetching.py::TestResourceAwarePrefetching::test_adaptive_thread_pool_creation PASSED [ 76%]
test/test_resource_aware_prefetching.py::TestResourceAwarePrefetching::test_prefetching_strategy_adapts_to_resources PASSED [ 76%]
test/test_resource_aware_prefetching.py::TestResourceAwarePrefetching::test_resource_adapter_integration PASSED [ 76%]
test/test_resource_aware_prefetching.py::TestResourceAwarePrefetching::test_resource_status_affects_prefetching PASSED [ 76%]
test/test_resource_aware_prefetching.py::TestResourceAwarePrefetching::test_thread_pool_adapts_to_resources PASSED [ 77%]
test/test_resource_aware_prefetching.py::TestResourceAdaptationInRealWorld::test_graceful_degradation PASSED [ 77%]
test/test_resource_aware_prefetching.py::TestResourceAdaptationInRealWorld::test_prefetching_different_content_types PASSED [ 77%]
test/test_resource_management.py::TestResourceMonitor::test_check_resources PASSED [ 77%]
test/test_resource_management.py::TestResourceMonitor::test_initialization PASSED [ 77%]
test/test_resource_management.py::TestResourceMonitor::test_io_throttling PASSED [ 77%]
test/test_resource_management.py::TestResourceMonitor::test_memory_allocation PASSED [ 77%]
test/test_resource_management.py::TestResourceMonitor::test_prefetch_parameters PASSED [ 77%]
test/test_resource_management.py::TestResourceMonitor::test_resource_status_changes PASSED [ 77%]
test/test_resource_management.py::TestResourceMonitor::test_thread_allocation PASSED [ 78%]
test/test_resource_management.py::TestAdaptiveThreadPool::test_initialization PASSED [ 78%]
test/test_resource_management.py::TestAdaptiveThreadPool::test_submit_and_execute PASSED [ 78%]
test/test_resource_management.py::TestAdaptiveThreadPool::test_task_priorities PASSED [ 78%]
test/test_resource_management.py::TestAdaptiveThreadPool::test_worker_idle_timeout PASSED [ 78%]
test/test_resource_management.py::TestResourceAdapter::test_apply_io_throttling PASSED [ 78%]
test/test_resource_management.py::TestResourceAdapter::test_configure_cache PASSED [ 78%]
test/test_resource_management.py::TestResourceAdapter::test_configure_prefetch_manager PASSED [ 78%]
test/test_resource_management.py::TestResourceAdapter::test_configure_thread_pool PASSED [ 78%]
test/test_resource_management.py::TestResourceAdapter::test_get_optimized_config PASSED [ 78%]
test/test_role_based_architecture.py::TestRoleBasedArchitecture::test_node_initialization PASSED [ 79%]
test/test_role_based_architecture.py::TestRoleBasedArchitecture::test_role_specific_startup PASSED [ 79%]
test/test_role_based_architecture.py::TestRoleBasedArchitecture::test_role_specific_shutdown PASSED [ 79%]
test/test_role_based_architecture.py::TestMasterRoleBehavior::test_master_pin_operations PASSED [ 79%]
test/test_role_based_architecture.py::TestMasterRoleBehavior::test_master_get_pinset PASSED [ 79%]
test/test_role_based_architecture.py::TestWorkerRoleBehavior::test_worker_pin_operations PASSED [ 79%]
test/test_role_based_architecture.py::TestWorkerRoleBehavior::test_worker_get_pinset PASSED [ 79%]
test/test_role_based_architecture.py::TestLeecherRoleBehavior::test_leecher_pin_operations PASSED [ 79%]
test/test_role_based_architecture.py::TestLeecherRoleBehavior::test_leecher_get_pinset PASSED [ 79%]
test/test_role_based_architecture.py::TestRoleSwitchingCapability::test_role_switching PASSED [ 80%]
test/test_role_based_architecture.py::TestClusterMembershipManagement::test_master_peer_listing PASSED [ 80%]
test/test_role_based_architecture.py::TestClusterMembershipManagement::test_worker_follower_info PASSED [ 80%]
test/test_role_based_architecture.py::TestClusterDistributedState::test_cluster_status PASSED [ 80%]
test/test_role_based_architecture.py::TestClusterDistributedState::test_worker_sync_state PASSED [ 80%]
test/test_role_based_architecture.py::TestFailureDetectionRecovery::test_health_check PASSED [ 80%]
test/test_role_based_architecture.py::TestFailureDetectionRecovery::test_peer_recovery PASSED [ 80%]
test/test_s3_to_ipfs.py::test_init PASSED                                [ 80%]
test/test_s3_to_ipfs.py::test_migrate_file PASSED                        [ 80%]
test/test_s3_to_ipfs.py::test_migrate_file_no_pin PASSED                 [ 80%]
test/test_s3_to_ipfs.py::test_migrate_directory PASSED                   [ 81%]
test/test_s3_to_ipfs.py::test_migrate_by_list PASSED                     [ 81%]
test/test_s3_to_ipfs.py::test_migrate_empty_list PASSED                  [ 81%]
test/test_s3_to_ipfs.py::test_migrate_file_failure PASSED                [ 81%]
test/test_s3_to_ipfs.py::test_cleanup PASSED                             [ 81%]
test/test_s3_to_storacha.py::TestS3ToStoracha::test_init 
-------------------------------- live log setup --------------------------------
23:31:04 [    INFO] ipfs_kit_py.migration_tools.s3_to_storacha: Initialized s3_to_storacha migration tool with temp dir: /tmp/s3_to_storacha__9bwlkwv
PASSED                                                                   [ 81%]
test/test_s3_to_storacha.py::TestS3ToStoracha::test_migrate_file 
-------------------------------- live log setup --------------------------------
23:31:04 [    INFO] ipfs_kit_py.migration_tools.s3_to_storacha: Initialized s3_to_storacha migration tool with temp dir: /tmp/s3_to_storacha_6tn7uf6a
-------------------------------- live log call ---------------------------------
23:31:04 [    INFO] ipfs_kit_py.migration_tools.s3_to_storacha: Migrating file from S3: test/test_file.txt
23:31:04 [    INFO] ipfs_kit_py.migration_tools.s3_to_storacha: Successfully migrated file test/test_file.txt to CID bafy2bzacedfake123
PASSED                                                                   [ 81%]
test/test_s3_to_storacha.py::TestS3ToStoracha::test_migrate_directory 
-------------------------------- live log setup --------------------------------
23:31:04 [    INFO] ipfs_kit_py.migration_tools.s3_to_storacha: Initialized s3_to_storacha migration tool with temp dir: /tmp/s3_to_storacha_szzzislm
-------------------------------- live log call ---------------------------------
23:31:04 [    INFO] ipfs_kit_py.migration_tools.s3_to_storacha: Migrating directory from S3: test/
23:31:04 [    INFO] ipfs_kit_py.migration_tools.s3_to_storacha: Migrating file from S3: test/test_file1.txt
23:31:04 [    INFO] ipfs_kit_py.migration_tools.s3_to_storacha: Successfully migrated file test/test_file1.txt to CID bafy2bzacedfake123
23:31:04 [    INFO] ipfs_kit_py.migration_tools.s3_to_storacha: Migrating file from S3: test/test_file2.txt
23:31:04 [    INFO] ipfs_kit_py.migration_tools.s3_to_storacha: Successfully migrated file test/test_file2.txt to CID bafy2bzacedfake123
23:31:04 [    INFO] ipfs_kit_py.migration_tools.s3_to_storacha: Migration complete: 2 files migrated, 0 files failed
PASSED                                                                   [ 81%]
test/test_s3_to_storacha.py::TestS3ToStoracha::test_migrate_by_list 
-------------------------------- live log setup --------------------------------
23:31:04 [    INFO] ipfs_kit_py.migration_tools.s3_to_storacha: Initialized s3_to_storacha migration tool with temp dir: /tmp/s3_to_storacha_cglv3y3r
-------------------------------- live log call ---------------------------------
23:31:04 [    INFO] ipfs_kit_py.migration_tools.s3_to_storacha: Migrating list of 2 files from S3
23:31:04 [    INFO] ipfs_kit_py.migration_tools.s3_to_storacha: Migrating file from S3: test/file1.txt
23:31:04 [    INFO] ipfs_kit_py.migration_tools.s3_to_storacha: Successfully migrated file test/file1.txt to CID bafy2bzacedfake123
23:31:04 [    INFO] ipfs_kit_py.migration_tools.s3_to_storacha: Migrating file from S3: test/file2.txt
23:31:04 [    INFO] ipfs_kit_py.migration_tools.s3_to_storacha: Successfully migrated file test/file2.txt to CID bafy2bzacedfake123
23:31:04 [    INFO] ipfs_kit_py.migration_tools.s3_to_storacha: List migration complete: 2 files migrated, 0 files failed
PASSED                                                                   [ 81%]
test/test_s3_to_storacha.py::TestS3ToStoracha::test_migrate_empty_list 
-------------------------------- live log setup --------------------------------
23:31:04 [    INFO] ipfs_kit_py.migration_tools.s3_to_storacha: Initialized s3_to_storacha migration tool with temp dir: /tmp/s3_to_storacha_jdlelrfh
-------------------------------- live log call ---------------------------------
23:31:04 [    INFO] ipfs_kit_py.migration_tools.s3_to_storacha: Migrating list of 0 files from S3
PASSED                                                                   [ 81%]
test/test_s3_to_storacha.py::TestS3ToStoracha::test_migrate_file_failure 
-------------------------------- live log setup --------------------------------
23:31:04 [    INFO] ipfs_kit_py.migration_tools.s3_to_storacha: Initialized s3_to_storacha migration tool with temp dir: /tmp/s3_to_storacha_d0wkf_fp
-------------------------------- live log call ---------------------------------
23:31:04 [    INFO] ipfs_kit_py.migration_tools.s3_to_storacha: Migrating file from S3: test/nonexistent.txt
PASSED                                                                   [ 82%]
test/test_s3_to_storacha.py::TestS3ToStoracha::test_cleanup 
-------------------------------- live log setup --------------------------------
23:31:04 [    INFO] ipfs_kit_py.migration_tools.s3_to_storacha: Initialized s3_to_storacha migration tool with temp dir: /tmp/s3_to_storacha_a8pxz1po
-------------------------------- live log call ---------------------------------
23:31:04 [    INFO] ipfs_kit_py.migration_tools.s3_to_storacha: Cleaned up temporary directory: /tmp/s3_to_storacha_a8pxz1po
PASSED                                                                   [ 82%]
test/test_schema_column_optimization.py::TestParquetCIDCache::test_apply_schema_to_new_data 
-------------------------------- live log call ---------------------------------
23:31:04 [    INFO] ipfs_kit_py.cache.schema_column_optimization: Applying schema compatibility transformations
PASSED                                                                   [ 82%]
test/test_schema_column_optimization.py::TestParquetCIDCache::test_optimize_schema PASSED [ 82%]
test/test_schema_column_optimization.py::TestSchemaColumnOptimizationManager::test_apply_optimized_schema 
-------------------------------- live log call ---------------------------------
23:31:04 [    INFO] ipfs_kit_py.cache.schema_column_optimization: Applying schema compatibility transformations
PASSED                                                                   [ 82%]
test/test_schema_column_optimization.py::TestSchemaColumnOptimizationManager::test_get_schema_info PASSED [ 82%]
test/test_schema_column_optimization.py::TestSchemaColumnOptimizationManager::test_optimize_schema 
-------------------------------- live log call ---------------------------------
23:31:04 [    INFO] ipfs_kit_py.cache.schema_column_optimization: Initiating schema optimization
23:31:04 [    INFO] ipfs_kit_py.cache.schema_column_optimization: Analyzed 2 columns
PASSED                                                                   [ 82%]
test/test_schema_column_optimization.py::TestSchemaColumnOptimizationManager::test_track_query PASSED [ 82%]
test/test_simple_api.py::test_health_check 
-------------------------------- live log call ---------------------------------
23:31:04 [    INFO] httpx: HTTP Request: GET http://testserver/health "HTTP/1.1 200 OK"
PASSED                                                                   [ 82%]
test/test_simple_api.py::test_api_method 
-------------------------------- live log call ---------------------------------
23:31:04 [    INFO] httpx: HTTP Request: POST http://testserver/api/test_method "HTTP/1.1 200 OK"
PASSED                                                                   [ 83%]
test/test_simple_api.py::test_api_method_binary 
-------------------------------- live log call ---------------------------------
23:31:04 [    INFO] httpx: HTTP Request: POST http://testserver/api/binary_method "HTTP/1.1 200 OK"
PASSED                                                                   [ 83%]
test/test_simple_api.py::test_api_method_error 
-------------------------------- live log call ---------------------------------
23:31:04 [    INFO] httpx: HTTP Request: POST http://testserver/api/error_method "HTTP/1.1 200 OK"
PASSED                                                                   [ 83%]
test/test_simple_api.py::test_api_config SKIPPED (Skipping test when...) [ 83%]
test/test_simple_api.py::test_api_methods SKIPPED (Skipping test whe...) [ 83%]
test/test_simple_api.py::test_file_download SKIPPED (Skipping test w...) [ 83%]
test/test_storacha_kit_mocked.py::test_init PASSED                       [ 83%]
test/test_storacha_kit_mocked.py::test_run_w3_command PASSED             [ 83%]
test/test_storacha_kit_mocked.py::test_run_w3_command_error 
-------------------------------- live log call ---------------------------------
23:31:05 [   ERROR] ipfs_kit_py.storacha_kit: Command failed: w3 test command
Return code: 1
Stderr: Error occurred
PASSED                                                                   [ 83%]
test/test_storacha_kit_mocked.py::test_space_ls PASSED                   [ 83%]
test/test_storacha_kit_mocked.py::test_store_add PASSED                  [ 84%]
test/test_storacha_kit_mocked.py::test_upload_add_https PASSED           [ 84%]
test/test_storacha_kit_mocked.py::test_space_allocate PASSED             [ 84%]
test/test_storacha_kit_mocked.py::test_batch_operations PASSED           [ 84%]
test/test_storacha_to_ipfs.py::test_init PASSED                          [ 84%]
test/test_storacha_to_ipfs.py::test_migrate_file PASSED                  [ 84%]
test/test_storacha_to_ipfs.py::test_migrate_file_no_pin PASSED           [ 84%]
test/test_storacha_to_ipfs.py::test_migrate_directory PASSED             [ 84%]
test/test_storacha_to_ipfs.py::test_migrate_by_list PASSED               [ 84%]
test/test_storacha_to_ipfs.py::test_migrate_empty_list PASSED            [ 84%]
test/test_storacha_to_ipfs.py::test_migrate_file_failure PASSED          [ 85%]
test/test_storacha_to_ipfs.py::test_cleanup PASSED                       [ 85%]
test/test_storacha_to_s3.py::test_init PASSED                            [ 85%]
test/test_storacha_to_s3.py::test_migrate_file PASSED                    [ 85%]
test/test_storacha_to_s3.py::test_migrate_directory PASSED               [ 85%]
test/test_storacha_to_s3.py::test_migrate_by_list PASSED                 [ 85%]
test/test_storacha_to_s3.py::test_migrate_empty_list PASSED              [ 85%]
test/test_storacha_to_s3.py::test_migrate_file_failure_download 
-------------------------------- live log call ---------------------------------
23:31:05 [   ERROR] ipfs_kit_py.migration_tools.storacha_to_s3: Failed to download from Storacha: Content not found
PASSED                                                                   [ 85%]
test/test_storacha_to_s3.py::test_migrate_file_failure_upload 
-------------------------------- live log call ---------------------------------
23:31:05 [   ERROR] ipfs_kit_py.migration_tools.storacha_to_s3: Failed to upload test/test_file.txt to S3
PASSED                                                                   [ 85%]
test/test_storacha_to_s3.py::test_cleanup PASSED                         [ 86%]
test/test_storage_wal.py::test_storage_wal_with_pytest 
-------------------------------- live log call ---------------------------------
23:31:05 [    INFO] ipfs_kit_py.storage_wal: WAL processing thread started
23:31:05 [    INFO] ipfs_kit_py.storage_wal: WAL closed
PASSED                                                                   [ 86%]
test/test_storage_wal.py::test_health_monitor_with_pytest 
-------------------------------- live log call ---------------------------------
23:31:05 [    INFO] ipfs_kit_py.storage_wal: Backend health monitor closed
PASSED                                                                   [ 86%]
test/test_streaming.py::TestStreaming::test_http_media_stream_endpoint 
-------------------------------- live log call ---------------------------------
23:31:05 [    INFO] httpx: HTTP Request: GET http://testserver/api/v0/stream/media?path=QmTestCID123456789 "HTTP/1.1 206 Partial Content"
PASSED                                                                   [ 86%]
test/test_streaming.py::TestStreaming::test_http_stream_endpoint 
-------------------------------- live log call ---------------------------------
23:31:05 [    INFO] httpx: HTTP Request: GET http://testserver/api/v0/stream?path=QmTestCID123456789 "HTTP/1.1 200 OK"
PASSED                                                                   [ 86%]
test/test_streaming.py::TestStreaming::test_http_upload_stream_endpoint 
-------------------------------- live log call ---------------------------------
23:31:05 [    INFO] httpx: HTTP Request: POST http://testserver/api/v0/upload/stream "HTTP/1.1 200 OK"
PASSED                                                                   [ 86%]
test/test_streaming.py::TestStreaming::test_stream_media PASSED          [ 86%]
test/test_streaming.py::TestStreaming::test_stream_to_ipfs SKIPPED (...) [ 86%]
test/test_streaming.py::TestStreaming::test_streaming_metrics_integration 
-------------------------------- live log call ---------------------------------
23:31:05 [    INFO] httpx: HTTP Request: GET http://testserver/api/v0/stream?path=QmTestCID123456789 "HTTP/1.1 200 OK"
PASSED                                                                   [ 86%]
test/test_streaming.py::TestAsyncStreaming::test_stream_media_async PASSED [ 86%]
test/test_streaming.py::TestAsyncStreaming::test_stream_to_ipfs_async PASSED [ 87%]
test/test_streaming.py::TestWebSocketStreaming::test_websocket_media_stream PASSED [ 87%]
test/test_streaming.py::TestWebSocketStreaming::test_websocket_upload_stream PASSED [ 87%]
test/test_streaming.py::TestWebSocketStreaming::test_websocket_bidirectional_stream PASSED [ 87%]
test/test_streaming.py::TestWebSocketStreaming::test_websocket_streaming_metrics_compatibility PASSED [ 87%]
test/test_streaming_performance.py::TestStreamingPerformance::test_stream_media_performance PASSED [ 87%]
test/test_streaming_performance.py::TestStreamingPerformance::test_stream_to_ipfs_performance PASSED [ 87%]
test/test_streaming_performance.py::TestAsyncStreamingPerformance::test_stream_media_async_performance PASSED [ 87%]
test/test_streaming_performance.py::TestCacheIntegrationWithStreaming::test_streaming_with_cache PASSED [ 87%]
test/test_streaming_performance.py::TestCacheIntegrationWithStreaming::test_streaming_with_different_chunk_sizes PASSED [ 87%]
test/test_streaming_performance.py::TestCacheIntegrationWithStreaming::test_streaming_with_range_requests PASSED [ 88%]
test/test_tiered_cache.py::TestARCache::test_clear PASSED                [ 88%]
test/test_tiered_cache.py::TestARCache::test_eviction PASSED             [ 88%]
test/test_tiered_cache.py::TestARCache::test_heat_scoring PASSED         [ 88%]
test/test_tiered_cache.py::TestARCache::test_init PASSED                 [ 88%]
test/test_tiered_cache.py::TestARCache::test_put_and_get PASSED          [ 88%]
test/test_tiered_cache.py::TestARCache::test_stats PASSED                [ 88%]
test/test_tiered_cache.py::TestDiskCache::test_clear PASSED              [ 88%]
test/test_tiered_cache.py::TestDiskCache::test_eviction PASSED           [ 88%]
test/test_tiered_cache.py::TestDiskCache::test_init PASSED               [ 89%]
test/test_tiered_cache.py::TestDiskCache::test_metadata PASSED           [ 89%]
test/test_tiered_cache.py::TestDiskCache::test_put_and_get PASSED        [ 89%]
test/test_tiered_cache.py::TestDiskCache::test_stats PASSED              [ 89%]
test/test_tiered_cache.py::TestTieredCacheManager::test_clear_specific_tiers 
-------------------------------- live log call ---------------------------------
23:31:06 [   ERROR] ipfs_kit_py.tiered_cache: Failed to initialize Parquet CID cache: 'ParquetCIDCache' object has no attribute '_get_default_probabilistic_config'
23:31:06 [    INFO] ipfs_kit_py.tiered_cache: Continuing without Parquet CID cache
23:31:06 [    INFO] ipfs_kit_py.tiered_cache: Initialized enhanced ARC cache with 0.0MB memory, 0.0GB disk cache, ghost_list_size=1024
23:31:06 [    INFO] ipfs_kit_py.tiered_cache: Loaded predictive cache models from disk
23:31:06 [    INFO] ipfs_kit_py.tiered_cache: Initialized PredictiveCacheManager with pattern_tracking=True, relationship_tracking=True, prefetching=True
23:31:06 [    INFO] ipfs_kit_py.tiered_cache: Set up read-ahead prefetching with 3 content type strategies
23:31:06 [    INFO] ipfs_kit_py.tiered_cache: Initialized predictive cache manager with read-ahead prefetching
23:31:06 [    INFO] ipfs_kit_py.tiered_cache: Initialized tiered cache system with 0.0MB memory cache, 0.0GB disk cache
PASSED                                                                   [ 89%]
test/test_tiered_cache.py::TestTieredCacheManager::test_init 
-------------------------------- live log call ---------------------------------
23:31:06 [   ERROR] ipfs_kit_py.tiered_cache: Failed to initialize Parquet CID cache: 'ParquetCIDCache' object has no attribute '_get_default_probabilistic_config'
23:31:06 [    INFO] ipfs_kit_py.tiered_cache: Continuing without Parquet CID cache
23:31:06 [    INFO] ipfs_kit_py.tiered_cache: Initialized enhanced ARC cache with 0.0MB memory, 0.0GB disk cache, ghost_list_size=1024
23:31:06 [    INFO] ipfs_kit_py.tiered_cache: Loaded predictive cache models from disk
23:31:06 [    INFO] ipfs_kit_py.tiered_cache: Initialized PredictiveCacheManager with pattern_tracking=True, relationship_tracking=True, prefetching=True
23:31:06 [    INFO] ipfs_kit_py.tiered_cache: Set up read-ahead prefetching with 3 content type strategies
23:31:06 [    INFO] ipfs_kit_py.tiered_cache: Initialized predictive cache manager with read-ahead prefetching
23:31:06 [    INFO] ipfs_kit_py.tiered_cache: Initialized tiered cache system with 0.0MB memory cache, 0.0GB disk cache
PASSED                                                                   [ 89%]
test/test_tiered_cache.py::TestTieredCacheManager::test_metadata_and_stats 
-------------------------------- live log call ---------------------------------
23:31:06 [   ERROR] ipfs_kit_py.tiered_cache: Failed to initialize Parquet CID cache: 'ParquetCIDCache' object has no attribute '_get_default_probabilistic_config'
23:31:06 [    INFO] ipfs_kit_py.tiered_cache: Continuing without Parquet CID cache
23:31:06 [    INFO] ipfs_kit_py.tiered_cache: Initialized enhanced ARC cache with 0.0MB memory, 0.0GB disk cache, ghost_list_size=1024
23:31:06 [    INFO] ipfs_kit_py.tiered_cache: Loaded predictive cache models from disk
23:31:06 [    INFO] ipfs_kit_py.tiered_cache: Initialized PredictiveCacheManager with pattern_tracking=True, relationship_tracking=True, prefetching=True
23:31:06 [    INFO] ipfs_kit_py.tiered_cache: Set up read-ahead prefetching with 3 content type strategies
23:31:06 [    INFO] ipfs_kit_py.tiered_cache: Initialized predictive cache manager with read-ahead prefetching
23:31:06 [    INFO] ipfs_kit_py.tiered_cache: Initialized tiered cache system with 0.0MB memory cache, 0.0GB disk cache
PASSED                                                                   [ 89%]
test/test_tiered_cache.py::TestTieredCacheManager::test_mmap_access 
-------------------------------- live log call ---------------------------------
23:31:06 [   ERROR] ipfs_kit_py.tiered_cache: Failed to initialize Parquet CID cache: 'ParquetCIDCache' object has no attribute '_get_default_probabilistic_config'
23:31:06 [    INFO] ipfs_kit_py.tiered_cache: Continuing without Parquet CID cache
23:31:06 [    INFO] ipfs_kit_py.tiered_cache: Initialized enhanced ARC cache with 0.0MB memory, 0.0GB disk cache, ghost_list_size=1024
23:31:06 [    INFO] ipfs_kit_py.tiered_cache: Loaded predictive cache models from disk
23:31:06 [    INFO] ipfs_kit_py.tiered_cache: Initialized PredictiveCacheManager with pattern_tracking=True, relationship_tracking=True, prefetching=True
23:31:06 [    INFO] ipfs_kit_py.tiered_cache: Set up read-ahead prefetching with 3 content type strategies
23:31:06 [    INFO] ipfs_kit_py.tiered_cache: Initialized predictive cache manager with read-ahead prefetching
23:31:06 [    INFO] ipfs_kit_py.tiered_cache: Initialized tiered cache system with 0.0MB memory cache, 0.0GB disk cache
PASSED                                                                   [ 89%]
test/test_tiered_cache.py::TestTieredCacheManager::test_promotion 
-------------------------------- live log call ---------------------------------
23:31:06 [   ERROR] ipfs_kit_py.tiered_cache: Failed to initialize Parquet CID cache: 'ParquetCIDCache' object has no attribute '_get_default_probabilistic_config'
23:31:06 [    INFO] ipfs_kit_py.tiered_cache: Continuing without Parquet CID cache
23:31:06 [    INFO] ipfs_kit_py.tiered_cache: Initialized enhanced ARC cache with 0.0MB memory, 0.0GB disk cache, ghost_list_size=1024
23:31:06 [    INFO] ipfs_kit_py.tiered_cache: Loaded predictive cache models from disk
23:31:06 [    INFO] ipfs_kit_py.tiered_cache: Initialized PredictiveCacheManager with pattern_tracking=True, relationship_tracking=True, prefetching=True
23:31:06 [    INFO] ipfs_kit_py.tiered_cache: Set up read-ahead prefetching with 3 content type strategies
23:31:06 [    INFO] ipfs_kit_py.tiered_cache: Initialized predictive cache manager with read-ahead prefetching
23:31:06 [    INFO] ipfs_kit_py.tiered_cache: Initialized tiered cache system with 0.0MB memory cache, 0.0GB disk cache
PASSED                                                                   [ 89%]
test/test_tiered_cache.py::TestTieredCacheManager::test_put_and_get_large_item 
-------------------------------- live log call ---------------------------------
23:31:06 [   ERROR] ipfs_kit_py.tiered_cache: Failed to initialize Parquet CID cache: 'ParquetCIDCache' object has no attribute '_get_default_probabilistic_config'
23:31:06 [    INFO] ipfs_kit_py.tiered_cache: Continuing without Parquet CID cache
23:31:06 [    INFO] ipfs_kit_py.tiered_cache: Initialized enhanced ARC cache with 0.0MB memory, 0.0GB disk cache, ghost_list_size=1024
23:31:06 [    INFO] ipfs_kit_py.tiered_cache: Loaded predictive cache models from disk
23:31:06 [    INFO] ipfs_kit_py.tiered_cache: Initialized PredictiveCacheManager with pattern_tracking=True, relationship_tracking=True, prefetching=True
23:31:06 [    INFO] ipfs_kit_py.tiered_cache: Set up read-ahead prefetching with 3 content type strategies
23:31:06 [    INFO] ipfs_kit_py.tiered_cache: Initialized predictive cache manager with read-ahead prefetching
23:31:06 [    INFO] ipfs_kit_py.tiered_cache: Initialized tiered cache system with 0.0MB memory cache, 0.0GB disk cache
PASSED                                                                   [ 89%]
test/test_tiered_cache.py::TestTieredCacheManager::test_put_and_get_small_item 
-------------------------------- live log call ---------------------------------
23:31:06 [   ERROR] ipfs_kit_py.tiered_cache: Failed to initialize Parquet CID cache: 'ParquetCIDCache' object has no attribute '_get_default_probabilistic_config'
23:31:06 [    INFO] ipfs_kit_py.tiered_cache: Continuing without Parquet CID cache
23:31:06 [    INFO] ipfs_kit_py.tiered_cache: Initialized enhanced ARC cache with 0.0MB memory, 0.0GB disk cache, ghost_list_size=1024
23:31:06 [    INFO] ipfs_kit_py.tiered_cache: Loaded predictive cache models from disk
23:31:06 [    INFO] ipfs_kit_py.tiered_cache: Initialized PredictiveCacheManager with pattern_tracking=True, relationship_tracking=True, prefetching=True
23:31:06 [    INFO] ipfs_kit_py.tiered_cache: Set up read-ahead prefetching with 3 content type strategies
23:31:06 [    INFO] ipfs_kit_py.tiered_cache: Initialized predictive cache manager with read-ahead prefetching
23:31:06 [    INFO] ipfs_kit_py.tiered_cache: Initialized tiered cache system with 0.0MB memory cache, 0.0GB disk cache
PASSED                                                                   [ 90%]
test/test_tiered_cache.py::TestTieredCacheManager::test_tiered_eviction 
-------------------------------- live log call ---------------------------------
23:31:06 [   ERROR] ipfs_kit_py.tiered_cache: Failed to initialize Parquet CID cache: 'ParquetCIDCache' object has no attribute '_get_default_probabilistic_config'
23:31:06 [    INFO] ipfs_kit_py.tiered_cache: Continuing without Parquet CID cache
23:31:06 [    INFO] ipfs_kit_py.tiered_cache: Initialized enhanced ARC cache with 0.0MB memory, 0.0GB disk cache, ghost_list_size=1024
23:31:06 [    INFO] ipfs_kit_py.tiered_cache: Loaded predictive cache models from disk
23:31:06 [    INFO] ipfs_kit_py.tiered_cache: Initialized PredictiveCacheManager with pattern_tracking=True, relationship_tracking=True, prefetching=True
23:31:06 [    INFO] ipfs_kit_py.tiered_cache: Set up read-ahead prefetching with 3 content type strategies
23:31:06 [    INFO] ipfs_kit_py.tiered_cache: Initialized predictive cache manager with read-ahead prefetching
23:31:06 [    INFO] ipfs_kit_py.tiered_cache: Initialized tiered cache system with 0.0MB memory cache, 0.0GB disk cache
23:31:06 [    INFO] ipfs_kit_py.tiered_cache: Workload changed from clustering to random_access
PASSED                                                                   [ 90%]
test/test_tiered_storage.py::TestTieredCacheManager::test_cache_configuration_flexibility 
-------------------------------- live log call ---------------------------------
23:31:06 [   ERROR] ipfs_kit_py.tiered_cache: Failed to initialize Parquet CID cache: 'ParquetCIDCache' object has no attribute '_get_default_probabilistic_config'
23:31:06 [    INFO] ipfs_kit_py.tiered_cache: Continuing without Parquet CID cache
23:31:06 [    INFO] ipfs_kit_py.tiered_cache: Initialized enhanced ARC cache with 10.0MB memory, 0.0GB disk cache, ghost_list_size=1024
23:31:06 [    INFO] ipfs_kit_py.tiered_cache: Loaded predictive cache models from disk
23:31:06 [    INFO] ipfs_kit_py.tiered_cache: Initialized PredictiveCacheManager with pattern_tracking=True, relationship_tracking=True, prefetching=True
23:31:06 [    INFO] ipfs_kit_py.tiered_cache: Set up read-ahead prefetching with 3 content type strategies
23:31:06 [    INFO] ipfs_kit_py.tiered_cache: Initialized predictive cache manager with read-ahead prefetching
23:31:06 [    INFO] ipfs_kit_py.tiered_cache: Initialized tiered cache system with 10.0MB memory cache, 0.0GB disk cache
23:31:06 [   ERROR] ipfs_kit_py.tiered_cache: Failed to initialize Parquet CID cache: 'ParquetCIDCache' object has no attribute '_get_default_probabilistic_config'
23:31:06 [    INFO] ipfs_kit_py.tiered_cache: Continuing without Parquet CID cache
23:31:06 [    INFO] ipfs_kit_py.tiered_cache: Initialized enhanced ARC cache with 5.0MB memory, 0.0GB disk cache, ghost_list_size=1024
23:31:06 [    INFO] ipfs_kit_py.tiered_cache: Loaded predictive cache models from disk
23:31:06 [    INFO] ipfs_kit_py.tiered_cache: Initialized PredictiveCacheManager with pattern_tracking=True, relationship_tracking=True, prefetching=True
23:31:06 [    INFO] ipfs_kit_py.tiered_cache: Set up read-ahead prefetching with 3 content type strategies
23:31:06 [    INFO] ipfs_kit_py.tiered_cache: Initialized predictive cache manager with read-ahead prefetching
23:31:06 [    INFO] ipfs_kit_py.tiered_cache: Initialized tiered cache system with 5.0MB memory cache, 0.0GB disk cache
PASSED                                                                   [ 90%]
test/test_tiered_storage.py::TestTieredCacheManager::test_cache_initialization 
-------------------------------- live log call ---------------------------------
23:31:06 [   ERROR] ipfs_kit_py.tiered_cache: Failed to initialize Parquet CID cache: 'ParquetCIDCache' object has no attribute '_get_default_probabilistic_config'
23:31:06 [    INFO] ipfs_kit_py.tiered_cache: Continuing without Parquet CID cache
23:31:06 [    INFO] ipfs_kit_py.tiered_cache: Initialized enhanced ARC cache with 10.0MB memory, 0.0GB disk cache, ghost_list_size=1024
23:31:06 [    INFO] ipfs_kit_py.tiered_cache: Loaded predictive cache models from disk
23:31:06 [    INFO] ipfs_kit_py.tiered_cache: Initialized PredictiveCacheManager with pattern_tracking=True, relationship_tracking=True, prefetching=True
23:31:06 [    INFO] ipfs_kit_py.tiered_cache: Set up read-ahead prefetching with 3 content type strategies
23:31:06 [    INFO] ipfs_kit_py.tiered_cache: Initialized predictive cache manager with read-ahead prefetching
23:31:06 [    INFO] ipfs_kit_py.tiered_cache: Initialized tiered cache system with 10.0MB memory cache, 0.0GB disk cache
PASSED                                                                   [ 90%]
test/test_tiered_storage.py::TestTieredCacheManager::test_disk_cache_fallback 
-------------------------------- live log call ---------------------------------
23:31:06 [   ERROR] ipfs_kit_py.tiered_cache: Failed to initialize Parquet CID cache: 'ParquetCIDCache' object has no attribute '_get_default_probabilistic_config'
23:31:06 [    INFO] ipfs_kit_py.tiered_cache: Continuing without Parquet CID cache
23:31:06 [    INFO] ipfs_kit_py.tiered_cache: Initialized enhanced ARC cache with 10.0MB memory, 0.0GB disk cache, ghost_list_size=1024
23:31:06 [    INFO] ipfs_kit_py.tiered_cache: Loaded predictive cache models from disk
23:31:06 [    INFO] ipfs_kit_py.tiered_cache: Initialized PredictiveCacheManager with pattern_tracking=True, relationship_tracking=True, prefetching=True
23:31:06 [    INFO] ipfs_kit_py.tiered_cache: Set up read-ahead prefetching with 3 content type strategies
23:31:06 [    INFO] ipfs_kit_py.tiered_cache: Initialized predictive cache manager with read-ahead prefetching
23:31:06 [    INFO] ipfs_kit_py.tiered_cache: Initialized tiered cache system with 10.0MB memory cache, 0.0GB disk cache
PASSED                                                                   [ 90%]
test/test_tiered_storage.py::TestTieredCacheManager::test_eviction_based_on_heat 
-------------------------------- live log call ---------------------------------
23:31:06 [   ERROR] ipfs_kit_py.tiered_cache: Failed to initialize Parquet CID cache: 'ParquetCIDCache' object has no attribute '_get_default_probabilistic_config'
23:31:06 [    INFO] ipfs_kit_py.tiered_cache: Continuing without Parquet CID cache
23:31:06 [    INFO] ipfs_kit_py.tiered_cache: Initialized enhanced ARC cache with 10.0MB memory, 0.0GB disk cache, ghost_list_size=1024
23:31:06 [    INFO] ipfs_kit_py.tiered_cache: Loaded predictive cache models from disk
23:31:06 [    INFO] ipfs_kit_py.tiered_cache: Initialized PredictiveCacheManager with pattern_tracking=True, relationship_tracking=True, prefetching=True
23:31:06 [    INFO] ipfs_kit_py.tiered_cache: Set up read-ahead prefetching with 3 content type strategies
23:31:06 [    INFO] ipfs_kit_py.tiered_cache: Initialized predictive cache manager with read-ahead prefetching
23:31:06 [    INFO] ipfs_kit_py.tiered_cache: Initialized tiered cache system with 10.0MB memory cache, 0.0GB disk cache
23:31:06 [    INFO] ipfs_kit_py.tiered_cache: Workload changed from clustering to random_access
PASSED                                                                   [ 90%]
test/test_tiered_storage.py::TestTieredCacheManager::test_heat_score_calculation 
-------------------------------- live log call ---------------------------------
23:31:06 [   ERROR] ipfs_kit_py.tiered_cache: Failed to initialize Parquet CID cache: 'ParquetCIDCache' object has no attribute '_get_default_probabilistic_config'
23:31:06 [    INFO] ipfs_kit_py.tiered_cache: Continuing without Parquet CID cache
23:31:06 [    INFO] ipfs_kit_py.tiered_cache: Initialized enhanced ARC cache with 10.0MB memory, 0.0GB disk cache, ghost_list_size=1024
23:31:06 [    INFO] ipfs_kit_py.tiered_cache: Loaded predictive cache models from disk
23:31:06 [    INFO] ipfs_kit_py.tiered_cache: Initialized PredictiveCacheManager with pattern_tracking=True, relationship_tracking=True, prefetching=True
23:31:06 [    INFO] ipfs_kit_py.tiered_cache: Set up read-ahead prefetching with 3 content type strategies
23:31:06 [    INFO] ipfs_kit_py.tiered_cache: Initialized predictive cache manager with read-ahead prefetching
23:31:06 [    INFO] ipfs_kit_py.tiered_cache: Initialized tiered cache system with 10.0MB memory cache, 0.0GB disk cache
PASSED                                                                   [ 90%]
test/test_tiered_storage.py::TestTieredCacheManager::test_large_item_disk_only 
-------------------------------- live log call ---------------------------------
23:31:06 [   ERROR] ipfs_kit_py.tiered_cache: Failed to initialize Parquet CID cache: 'ParquetCIDCache' object has no attribute '_get_default_probabilistic_config'
23:31:06 [    INFO] ipfs_kit_py.tiered_cache: Continuing without Parquet CID cache
23:31:06 [    INFO] ipfs_kit_py.tiered_cache: Initialized enhanced ARC cache with 10.0MB memory, 0.0GB disk cache, ghost_list_size=1024
23:31:06 [    INFO] ipfs_kit_py.tiered_cache: Loaded predictive cache models from disk
23:31:06 [    INFO] ipfs_kit_py.tiered_cache: Initialized PredictiveCacheManager with pattern_tracking=True, relationship_tracking=True, prefetching=True
23:31:06 [    INFO] ipfs_kit_py.tiered_cache: Set up read-ahead prefetching with 3 content type strategies
23:31:06 [    INFO] ipfs_kit_py.tiered_cache: Initialized predictive cache manager with read-ahead prefetching
23:31:06 [    INFO] ipfs_kit_py.tiered_cache: Initialized tiered cache system with 10.0MB memory cache, 0.0GB disk cache
PASSED                                                                   [ 90%]
test/test_tiered_storage.py::TestTieredCacheManager::test_memory_cache_put_get 
-------------------------------- live log call ---------------------------------
23:31:06 [   ERROR] ipfs_kit_py.tiered_cache: Failed to initialize Parquet CID cache: 'ParquetCIDCache' object has no attribute '_get_default_probabilistic_config'
23:31:06 [    INFO] ipfs_kit_py.tiered_cache: Continuing without Parquet CID cache
23:31:06 [    INFO] ipfs_kit_py.tiered_cache: Initialized enhanced ARC cache with 10.0MB memory, 0.0GB disk cache, ghost_list_size=1024
23:31:06 [    INFO] ipfs_kit_py.tiered_cache: Loaded predictive cache models from disk
23:31:06 [    INFO] ipfs_kit_py.tiered_cache: Initialized PredictiveCacheManager with pattern_tracking=True, relationship_tracking=True, prefetching=True
23:31:06 [    INFO] ipfs_kit_py.tiered_cache: Set up read-ahead prefetching with 3 content type strategies
23:31:06 [    INFO] ipfs_kit_py.tiered_cache: Initialized predictive cache manager with read-ahead prefetching
23:31:06 [    INFO] ipfs_kit_py.tiered_cache: Initialized tiered cache system with 10.0MB memory cache, 0.0GB disk cache
PASSED                                                                   [ 90%]
test/test_tiered_storage.py::TestTieredCacheManager::test_persistent_cache_recovery 
-------------------------------- live log call ---------------------------------
23:31:06 [   ERROR] ipfs_kit_py.tiered_cache: Failed to initialize Parquet CID cache: 'ParquetCIDCache' object has no attribute '_get_default_probabilistic_config'
23:31:06 [    INFO] ipfs_kit_py.tiered_cache: Continuing without Parquet CID cache
23:31:06 [    INFO] ipfs_kit_py.tiered_cache: Initialized enhanced ARC cache with 10.0MB memory, 0.0GB disk cache, ghost_list_size=1024
23:31:06 [    INFO] ipfs_kit_py.tiered_cache: Loaded predictive cache models from disk
23:31:06 [    INFO] ipfs_kit_py.tiered_cache: Initialized PredictiveCacheManager with pattern_tracking=True, relationship_tracking=True, prefetching=True
23:31:06 [    INFO] ipfs_kit_py.tiered_cache: Set up read-ahead prefetching with 3 content type strategies
23:31:06 [    INFO] ipfs_kit_py.tiered_cache: Initialized predictive cache manager with read-ahead prefetching
23:31:06 [    INFO] ipfs_kit_py.tiered_cache: Initialized tiered cache system with 10.0MB memory cache, 0.0GB disk cache
23:31:06 [   ERROR] ipfs_kit_py.tiered_cache: Failed to initialize Parquet CID cache: 'ParquetCIDCache' object has no attribute '_get_default_probabilistic_config'
23:31:06 [    INFO] ipfs_kit_py.tiered_cache: Continuing without Parquet CID cache
23:31:06 [    INFO] ipfs_kit_py.tiered_cache: Initialized enhanced ARC cache with 10.0MB memory, 0.0GB disk cache, ghost_list_size=1024
23:31:06 [    INFO] ipfs_kit_py.tiered_cache: Loaded predictive cache models from disk
23:31:06 [    INFO] ipfs_kit_py.tiered_cache: Initialized PredictiveCacheManager with pattern_tracking=True, relationship_tracking=True, prefetching=True
23:31:06 [    INFO] ipfs_kit_py.tiered_cache: Set up read-ahead prefetching with 3 content type strategies
23:31:06 [    INFO] ipfs_kit_py.tiered_cache: Initialized predictive cache manager with read-ahead prefetching
23:31:06 [    INFO] ipfs_kit_py.tiered_cache: Initialized tiered cache system with 10.0MB memory cache, 0.0GB disk cache
PASSED                                                                   [ 90%]
test/test_tiered_storage.py::TestAdaptiveReplacementCache::test_arc_basic_operations PASSED [ 91%]
test/test_tiered_storage.py::TestAdaptiveReplacementCache::test_arc_eviction_policy PASSED [ 91%]
test/test_tiered_storage.py::TestDiskCache::test_disk_cache_persistence PASSED [ 91%]
test/test_tiered_storage.py::TestDiskCache::test_disk_cache_put_get PASSED [ 91%]
test/test_tiered_storage.py::TestDiskCache::test_disk_cache_size_limiting PASSED [ 91%]
test/test_tiered_storage.py::TestHierarchicalStorageManagement::test_content_integrity_verification 
-------------------------------- live log call ---------------------------------
23:31:06 [    INFO] ipfs_kit_py.ipfs_fsspec: Initialized tiered cache system with 100.0MB memory cache, 1.0GB disk cache
23:31:06 [    INFO] ipfs_kit_py.ipfs_fsspec: Initialized IPFSFileSystem with role leecher
PASSED                                                                   [ 91%]
test/test_tiered_storage.py::TestHierarchicalStorageManagement::test_content_replication 
-------------------------------- live log call ---------------------------------
23:31:06 [    INFO] ipfs_kit_py.ipfs_fsspec: Initialized tiered cache system with 100.0MB memory cache, 1.0GB disk cache
23:31:06 [    INFO] ipfs_kit_py.ipfs_fsspec: Initialized IPFSFileSystem with role leecher
PASSED                                                                   [ 91%]
test/test_tiered_storage.py::TestHierarchicalStorageManagement::test_tier_demotion 
-------------------------------- live log call ---------------------------------
23:31:06 [    INFO] ipfs_kit_py.ipfs_fsspec: Initialized tiered cache system with 100.0MB memory cache, 1.0GB disk cache
23:31:06 [    INFO] ipfs_kit_py.ipfs_fsspec: Initialized IPFSFileSystem with role leecher
PASSED                                                                   [ 91%]
test/test_tiered_storage.py::TestHierarchicalStorageManagement::test_tier_failover 
-------------------------------- live log call ---------------------------------
23:31:06 [    INFO] ipfs_kit_py.ipfs_fsspec: Initialized tiered cache system with 100.0MB memory cache, 1.0GB disk cache
23:31:06 [    INFO] ipfs_kit_py.ipfs_fsspec: Initialized IPFSFileSystem with role leecher
PASSED                                                                   [ 91%]
test/test_tiered_storage.py::TestHierarchicalStorageManagement::test_tier_promotion 
-------------------------------- live log call ---------------------------------
23:31:06 [    INFO] ipfs_kit_py.ipfs_fsspec: Initialized tiered cache system with 100.0MB memory cache, 1.0GB disk cache
23:31:06 [    INFO] ipfs_kit_py.ipfs_fsspec: Initialized IPFSFileSystem with role leecher
PASSED                                                                   [ 92%]
test/test_tiered_storage.py::TestPerformanceMetrics::test_bandwidth_tracking 
-------------------------------- live log call ---------------------------------
23:31:06 [    INFO] ipfs_kit_py.ipfs_fsspec: Initialized tiered cache system with 100.0MB memory cache, 1.0GB disk cache
23:31:06 [    INFO] ipfs_kit_py.ipfs_fsspec: Initialized IPFSFileSystem with role leecher
PASSED                                                                   [ 92%]
test/test_tiered_storage.py::TestPerformanceMetrics::test_cache_hit_tracking 
-------------------------------- live log call ---------------------------------
23:31:07 [    INFO] ipfs_kit_py.ipfs_fsspec: Initialized tiered cache system with 100.0MB memory cache, 1.0GB disk cache
23:31:07 [    INFO] ipfs_kit_py.ipfs_fsspec: Initialized IPFSFileSystem with role leecher
PASSED                                                                   [ 92%]
test/test_tiered_storage.py::TestPerformanceMetrics::test_latency_tracking 
-------------------------------- live log call ---------------------------------
23:31:08 [    INFO] ipfs_kit_py.ipfs_fsspec: Initialized tiered cache system with 100.0MB memory cache, 1.0GB disk cache
23:31:08 [    INFO] ipfs_kit_py.ipfs_fsspec: Initialized IPFSFileSystem with role leecher
16:00:00 [    INFO] ipfs_kit_py.ipfs_fsspec: Slow operation detected: slow_op took 1.500s
PASSED                                                                   [ 92%]
test/test_tiered_storage.py::TestPerformanceMetrics::test_metrics_analysis 
-------------------------------- live log call ---------------------------------
23:31:09 [    INFO] ipfs_kit_py.ipfs_fsspec: Initialized tiered cache system with 100.0MB memory cache, 1.0GB disk cache
23:31:09 [    INFO] ipfs_kit_py.ipfs_fsspec: Initialized IPFSFileSystem with role leecher
PASSED                                                                   [ 92%]
test/test_tiered_storage.py::TestPerformanceMetrics::test_metrics_persistence 
-------------------------------- live log call ---------------------------------
23:31:10 [    INFO] ipfs_kit_py.ipfs_fsspec: Initialized tiered cache system with 100.0MB memory cache, 1.0GB disk cache
23:31:10 [    INFO] ipfs_kit_py.ipfs_fsspec: Initialized IPFSFileSystem with role leecher
PASSED                                                                   [ 92%]
test/test_wal_api.py::TestWALAPI::test_delete_operation 
-------------------------------- live log call ---------------------------------
23:31:11 [    INFO] httpx: HTTP Request: DELETE http://testserver/api/v0/wal/operations/op1 "HTTP/1.1 200 OK"
23:31:11 [    INFO] httpx: HTTP Request: DELETE http://testserver/api/v0/wal/operations/non-existent "HTTP/1.1 404 Not Found"
23:31:11 [    INFO] httpx: HTTP Request: DELETE http://testserver/api/v0/wal/operations/op2 "HTTP/1.1 500 Internal Server Error"
PASSED                                                                   [ 92%]
test/test_wal_api.py::TestWALAPI::test_get_config 
-------------------------------- live log call ---------------------------------
23:31:11 [    INFO] httpx: HTTP Request: GET http://testserver/api/v0/wal/config "HTTP/1.1 200 OK"
PASSED                                                                   [ 92%]
test/test_wal_api.py::TestWALAPI::test_get_metrics 
-------------------------------- live log call ---------------------------------
23:31:11 [    INFO] httpx: HTTP Request: GET http://testserver/api/v0/wal/operations?status=pending "HTTP/1.1 200 OK"
23:31:11 [    INFO] httpx: HTTP Request: GET http://testserver/api/v0/wal/metrics "HTTP/1.1 200 OK"
PASSED                                                                   [ 92%]
test/test_wal_api.py::TestWALAPI::test_get_operation_status 
-------------------------------- live log call ---------------------------------
23:31:11 [    INFO] httpx: HTTP Request: GET http://testserver/api/v0/wal/operations/op1 "HTTP/1.1 200 OK"
23:31:11 [    INFO] httpx: HTTP Request: GET http://testserver/api/v0/wal/operations/non-existent "HTTP/1.1 404 Not Found"
PASSED                                                                   [ 92%]
test/test_wal_api.py::TestWALAPI::test_list_operations 
-------------------------------- live log call ---------------------------------
23:31:11 [    INFO] httpx: HTTP Request: GET http://testserver/api/v0/wal/operations "HTTP/1.1 200 OK"
23:31:11 [    INFO] httpx: HTTP Request: GET http://testserver/api/v0/wal/operations?status=pending "HTTP/1.1 200 OK"
23:31:11 [    INFO] httpx: HTTP Request: GET http://testserver/api/v0/wal/operations?operation_type=add "HTTP/1.1 200 OK"
23:31:11 [    INFO] httpx: HTTP Request: GET http://testserver/api/v0/wal/operations?limit=2&offset=0 "HTTP/1.1 200 OK"
PASSED                                                                   [ 93%]
test/test_wal_api.py::TestWALAPI::test_retry_operation 
-------------------------------- live log call ---------------------------------
23:31:11 [    INFO] httpx: HTTP Request: POST http://testserver/api/v0/wal/operations/op3/retry "HTTP/1.1 200 OK"
23:31:11 [    INFO] httpx: HTTP Request: POST http://testserver/api/v0/wal/operations/op1/retry "HTTP/1.1 400 Bad Request"
23:31:11 [    INFO] httpx: HTTP Request: POST http://testserver/api/v0/wal/operations/non-existent/retry "HTTP/1.1 404 Not Found"
PASSED                                                                   [ 93%]
test/test_wal_api.py::TestWALAPI::test_update_config 
-------------------------------- live log call ---------------------------------
23:31:11 [    INFO] httpx: HTTP Request: POST http://testserver/api/v0/wal/config "HTTP/1.1 200 OK"
PASSED                                                                   [ 93%]
test/test_wal_cli_integration.py::TestWALCLIIntegration::test_register_wal_commands PASSED [ 93%]
test/test_wal_cli_integration.py::TestWALCLIIntegration::test_wal_command_error_handling PASSED [ 93%]
test/test_wal_cli_integration.py::TestWALCLIIntegration::test_wal_health_command PASSED [ 93%]
test/test_wal_cli_integration.py::TestWALCLIIntegration::test_wal_list_command PASSED [ 93%]
test/test_wal_cli_integration.py::TestWALCLIIntegration::test_wal_status_command PASSED [ 93%]
test/test_wal_integration.py::TestWALIntegration::test_backend_unavailable PASSED [ 93%]
test/test_wal_integration.py::TestWALIntegration::test_close PASSED      [ 93%]
test/test_wal_integration.py::TestWALIntegration::test_decorator PASSED  [ 94%]
test/test_wal_integration.py::TestWALIntegration::test_decorator_with_exception PASSED [ 94%]
test/test_wal_integration.py::TestWALIntegration::test_decorator_with_failed_operation PASSED [ 94%]
test/test_wal_integration.py::TestWALIntegration::test_get_operation PASSED [ 94%]
test/test_wal_integration.py::TestWALIntegration::test_initialization PASSED [ 94%]
test/test_wal_integration.py::TestWALIntegration::test_parameter_extraction PASSED [ 94%]
test/test_wal_integration.py::TestWALIntegration::test_skip_wal_parameter PASSED [ 94%]
test/test_wal_integration.py::TestWALIntegration::test_wait_for_completion PASSED [ 94%]
test/test_wal_integration.py::TestWALIntegration::test_wait_for_operation PASSED [ 94%]
test/test_wal_integration.py::TestWALIntegration::test_with_wal_function PASSED [ 95%]
test/test_wal_telemetry_api_integration.py::TestWALTelemetryAPIIntegration::test_context_propagation SKIPPED [ 95%]
test/test_wal_telemetry_api_integration.py::TestWALTelemetryAPIIntegration::test_error_handling FAILED [ 95%]
test/test_wal_telemetry_api_integration.py::TestWALTelemetryAPIIntegration::test_extension_initialization PASSED [ 95%]
test/test_wal_telemetry_api_integration.py::TestWALTelemetryAPIIntegration::test_fastapi_integration 
-------------------------------- live log call ---------------------------------
23:31:11 [ WARNING] ipfs_kit_py.wal_telemetry: MagicMock schema detected, using fallback JSON storage
23:31:11 [    INFO] ipfs_kit_py.wal_telemetry: WAL telemetry sampling thread started
23:31:11 [    INFO] ipfs_kit_py.wal_telemetry: WAL telemetry initialized with sampling interval 60s
23:31:11 [    INFO] ipfs_kit_py.wal_telemetry: WAL telemetry sampling thread stopped
23:31:11 [ WARNING] ipfs_kit_py.wal_telemetry: MagicMock schema detected, using fallback JSON storage
23:31:11 [    INFO] ipfs_kit_py.wal_telemetry: WAL telemetry closed
PASSED                                                                   [ 95%]
test/test_wal_telemetry_api_integration.py::TestWALTelemetryAPIIntegration::test_prometheus_initialization 
-------------------------------- live log call ---------------------------------
23:31:11 [ WARNING] ipfs_kit_py.wal_telemetry: MagicMock schema detected, using fallback JSON storage
23:31:11 [    INFO] ipfs_kit_py.wal_telemetry: WAL telemetry sampling thread started
23:31:11 [    INFO] ipfs_kit_py.wal_telemetry: WAL telemetry initialized with sampling interval 60s
23:31:11 [    INFO] ipfs_kit_py.wal_telemetry: WAL telemetry sampling thread stopped
23:31:11 [ WARNING] ipfs_kit_py.wal_telemetry: MagicMock schema detected, using fallback JSON storage
23:31:11 [    INFO] ipfs_kit_py.wal_telemetry: WAL telemetry closed
PASSED                                                                   [ 95%]
test/test_wal_telemetry_api_integration.py::TestWALTelemetryAPIIntegration::test_simulate_operations 
-------------------------------- live log call ---------------------------------
23:31:11 [ WARNING] ipfs_kit_py.wal_telemetry: MagicMock schema detected, using fallback JSON storage
23:31:11 [    INFO] ipfs_kit_py.wal_telemetry: WAL telemetry sampling thread started
23:31:11 [    INFO] ipfs_kit_py.wal_telemetry: WAL telemetry initialized with sampling interval 60s
23:31:11 [    INFO] ipfs_kit_py.wal_telemetry: WAL telemetry sampling thread stopped
23:31:11 [ WARNING] ipfs_kit_py.wal_telemetry: MagicMock schema detected, using fallback JSON storage
23:31:11 [    INFO] ipfs_kit_py.wal_telemetry: WAL telemetry closed
PASSED                                                                   [ 95%]
test/test_wal_telemetry_api_integration.py::TestWALTelemetryAPIIntegration::test_span_creation SKIPPED [ 95%]
test/test_wal_telemetry_api_integration.py::TestWALTelemetryAPIIntegration::test_telemetry_initialization 
-------------------------------- live log call ---------------------------------
23:31:11 [ WARNING] ipfs_kit_py.wal_telemetry: MagicMock schema detected, using fallback JSON storage
23:31:11 [    INFO] ipfs_kit_py.wal_telemetry: WAL telemetry sampling thread started
23:31:11 [    INFO] ipfs_kit_py.wal_telemetry: WAL telemetry initialized with sampling interval 30s
23:31:11 [    INFO] ipfs_kit_py.wal_telemetry: WAL telemetry sampling thread stopped
23:31:11 [ WARNING] ipfs_kit_py.wal_telemetry: MagicMock schema detected, using fallback JSON storage
23:31:11 [    INFO] ipfs_kit_py.wal_telemetry: WAL telemetry closed
PASSED                                                                   [ 95%]
test/test_wal_telemetry_api_integration.py::TestWALTelemetryAPIIntegration::test_telemetry_metrics_retrieval 
-------------------------------- live log call ---------------------------------
23:31:11 [ WARNING] ipfs_kit_py.wal_telemetry: MagicMock schema detected, using fallback JSON storage
23:31:11 [    INFO] ipfs_kit_py.wal_telemetry: WAL telemetry sampling thread started
23:31:11 [    INFO] ipfs_kit_py.wal_telemetry: WAL telemetry initialized with sampling interval 60s
23:31:11 [    INFO] ipfs_kit_py.wal_telemetry: WAL telemetry sampling thread stopped
23:31:11 [ WARNING] ipfs_kit_py.wal_telemetry: MagicMock schema detected, using fallback JSON storage
23:31:11 [    INFO] ipfs_kit_py.wal_telemetry: WAL telemetry closed
PASSED                                                                   [ 95%]
test/test_wal_telemetry_api_integration.py::TestWALTelemetryAPIIntegration::test_tracing_initialization SKIPPED [ 96%]
test/test_wal_telemetry_api_integration.py::TestWALTelemetryAPIPerformance::test_metrics_retrieval_performance 
-------------------------------- live log call ---------------------------------
23:31:11 [ WARNING] ipfs_kit_py.wal_telemetry: MagicMock schema detected, using fallback JSON storage
23:31:11 [    INFO] ipfs_kit_py.wal_telemetry: WAL telemetry sampling thread started
23:31:11 [    INFO] ipfs_kit_py.wal_telemetry: WAL telemetry initialized with sampling interval 60s
23:31:11 [    INFO] root: Metrics retrieval performance: 10 retrievals in 0.0035s
23:31:11 [    INFO] root: Average time per retrieval: 0.3479ms
23:31:11 [    INFO] ipfs_kit_py.wal_telemetry: WAL telemetry sampling thread stopped
23:31:11 [ WARNING] ipfs_kit_py.wal_telemetry: MagicMock schema detected, using fallback JSON storage
23:31:11 [    INFO] ipfs_kit_py.wal_telemetry: WAL telemetry closed
PASSED                                                                   [ 96%]
test/test_wal_telemetry_api_integration.py::TestWALTelemetryAPIPerformance::test_span_creation_performance SKIPPED [ 96%]
test/test_wal_telemetry_integration.py::WALTelemetryIntegrationTests::test_api_metrics_endpoint SKIPPED [ 96%]
test/test_wal_telemetry_integration.py::WALTelemetryIntegrationTests::test_cli_output SKIPPED [ 96%]
test/test_wal_telemetry_integration.py::WALTelemetryIntegrationTests::test_concurrent_operations SKIPPED [ 96%]
test/test_wal_telemetry_integration.py::WALTelemetryIntegrationTests::test_config_endpoints SKIPPED [ 96%]
test/test_wal_telemetry_integration.py::WALTelemetryIntegrationTests::test_end_to_end_workflow SKIPPED [ 96%]
test/test_wal_telemetry_integration.py::WALTelemetryIntegrationTests::test_error_handling SKIPPED [ 96%]
test/test_wal_telemetry_integration.py::WALTelemetryIntegrationTests::test_filtered_metrics SKIPPED [ 96%]
test/test_wal_telemetry_integration.py::WALTelemetryIntegrationTests::test_metric_validation SKIPPED [ 97%]
test/test_wal_telemetry_integration.py::WALTelemetryIntegrationTests::test_metrics_collection SKIPPED [ 97%]
test/test_wal_telemetry_integration.py::WALTelemetryIntegrationTests::test_realtime_metrics_endpoint SKIPPED [ 97%]
test/test_wal_telemetry_integration.py::WALTelemetryIntegrationTests::test_report_generation SKIPPED [ 97%]
test/test_wal_telemetry_integration.py::WALTelemetryIntegrationTests::test_telemetry_initialization 
-------------------------------- live log call ---------------------------------
23:31:11 [    INFO] ipfs_kit_py.storage_wal: WAL processing thread started
23:31:11 [    INFO] ipfs_kit_py.wal_telemetry: WAL telemetry hooks installed successfully
23:31:11 [    INFO] ipfs_kit_py.wal_telemetry: WAL telemetry sampling thread started
23:31:11 [    INFO] ipfs_kit_py.wal_telemetry: WAL telemetry initialized with sampling interval 60s
23:31:11 [    INFO] ipfs_kit_py.wal_api: WAL API registered successfully with the FastAPI app.
23:31:11 [ WARNING] ipfs_kit_py.wal_telemetry: MagicMock schema detected, using fallback JSON storage
PASSED                                                                   [ 97%]
test/test_wal_telemetry_integration.py::WALTelemetryIntegrationTests::test_time_series_metrics SKIPPED [ 97%]
test/test_wal_telemetry_integration.py::WALTelemetryIntegrationTests::test_visualization_generation SKIPPED [ 97%]
test/test_webrtc_benchmark.py::TestWebRTCBenchmark::test_add_frame_stat SKIPPED [ 97%]
test/test_webrtc_benchmark.py::TestWebRTCBenchmark::test_benchmark_initialization SKIPPED [ 97%]
test/test_webrtc_benchmark.py::TestWebRTCBenchmark::test_benchmark_monitoring SKIPPED [ 98%]
test/test_webrtc_benchmark.py::TestWebRTCBenchmark::test_compare_benchmarks SKIPPED [ 98%]
test/test_webrtc_benchmark.py::TestWebRTCBenchmark::test_generate_report SKIPPED [ 98%]
test/test_webrtc_benchmark.py::TestWebRTCBenchmark::test_get_summary_stats SKIPPED [ 98%]
test/test_webrtc_benchmark.py::TestWebRTCBenchmark::test_record_connection_event SKIPPED [ 98%]
test/test_webrtc_benchmark.py::TestWebRTCBenchmark::test_update_stats SKIPPED [ 98%]
test/test_webrtc_benchmark.py::TestWebRTCStreamingManagerIntegration::test_add_benchmarking_to_manager SKIPPED [ 98%]
test/test_webrtc_benchmark.py::TestFrameStats::test_create_frame_stat_helper SKIPPED [ 98%]
test/test_webrtc_benchmark.py::TestFrameStats::test_frame_stat_creation SKIPPED [ 98%]
test/test_webrtc_streaming.py::TestWebRTCStreaming::test_webrtc_streaming_manager_create_offer 
-------------------------------- live log call ---------------------------------
23:31:17 [    INFO] ipfs_kit_py.webrtc_streaming: [bfdd8545-0556-4bcd-a10a-cf7e358ebb71] Created default track default-bfdd8545-0556-4bcd-a10a-cf7e358ebb71
PASSED                                                                   [ 98%]
test/test_webrtc_streaming.py::TestWebRTCStreaming::test_ipfs_media_stream_track 
-------------------------------- live log call ---------------------------------
23:31:17 [    INFO] ipfs_kit_py.webrtc_streaming: Loading IPFS content: QmTestWebRTCCID123
23:31:17 [    INFO] ipfs_kit_py.webrtc_streaming: Successfully loaded media from IPFS: QmTestWebRTCCID123
PASSED                                                                   [ 99%]
test/test_webrtc_streaming.py::TestWebRTCStreaming::test_handle_webrtc_streaming SKIPPED [ 99%]
test/test_webrtc_streaming.py::TestAsyncWebRTCStreaming::test_webrtc_signaling_flow PASSED [ 99%]
test/test_webrtc_streaming.py::TestWebRTCMetrics::test_update_global_metrics PASSED [ 99%]
test/test_webrtc_streaming.py::TestWebRTCMetrics::test_cleanup_ended_connections PASSED [ 99%]
test/test_webrtc_streaming.py::TestWebRTCMetrics::test_metrics_collection_task PASSED [ 99%]
test/test_webrtc_streaming.py::TestWebRTCMetrics::test_close_all_connections_cancels_metrics PASSED [ 99%]
test/test_webrtc_streaming.py::TestWebRTCNotifications::test_webrtc_connection_notifications SKIPPED [ 99%]
test/test_webrtc_streaming.py::TestWebRTCNotifications::test_set_quality_control SKIPPED [ 99%]
test/test_webrtc_streaming.py::TestWebRTCNotifications::test_signaling_notifications SKIPPED [100%]

=================================== FAILURES ===================================
______________ TestWALTelemetryAPIIntegration.test_error_handling ______________

self = <test.test_wal_telemetry_api_integration.TestWALTelemetryAPIIntegration testMethod=test_error_handling>

    def test_error_handling(self):
        """Test error handling in the WAL telemetry API."""
        # Test telemetry initialization failure
        with patch.object(WALTelemetry, '__init__', side_effect=Exception("Mocked error")):
            result = self.api.wal_telemetry(enabled=True)
>           self.assertFalse(result["success"])
E           AssertionError: True is not false

test/test_wal_telemetry_api_integration.py:372: AssertionError
=============================== warnings summary ===============================
.venv/lib/python3.12/site-packages/faiss/loader.py:49
  /home/barberb/ipfs_kit_py/.venv/lib/python3.12/site-packages/faiss/loader.py:49: DeprecationWarning: numpy.core._multiarray_umath is deprecated and has been renamed to numpy._core._multiarray_umath. The numpy._core namespace contains private NumPy internals and its use is discouraged, as NumPy internals can change without warning in any release. In practice, most real-world usage of numpy.core is to access functionality in the public NumPy API. If that is the case, use the public NumPy API. If not, you are using NumPy internals. If you would still like to access an internal attribute, use numpy._core._multiarray_umath.__cpu_features__.
    from numpy.core._multiarray_umath import __cpu_features__

test/test_high_level_api.py:354
  /home/barberb/ipfs_kit_py/test/test_high_level_api.py:354: PytestCollectionWarning: cannot collect test class 'TestPlugin' because it has a __init__ constructor (from: test/test_high_level_api.py)
    class TestPlugin(PluginBase):

test/test_ipfs_kit.py:9
  /home/barberb/ipfs_kit_py/test/test_ipfs_kit.py:9: PytestCollectionWarning: cannot collect test class 'TestIpfsKit' because it has a __init__ constructor (from: test/test_ipfs_kit.py)
    class TestIpfsKit:

test/test_advanced_partitioning.py::PartitionInfoTest::test_get_activity_score
  /home/barberb/ipfs_kit_py/.venv/lib/python3.12/site-packages/websockets/legacy/__init__.py:6: DeprecationWarning: websockets.legacy is deprecated; see https://websockets.readthedocs.io/en/stable/howto/upgrade.html for upgrade instructions
    warnings.warn(  # deprecated in 14.0 - 2024-11-09

test/test_advanced_partitioning.py::PartitionInfoTest::test_get_activity_score
  /home/barberb/ipfs_kit_py/.venv/lib/python3.12/site-packages/uvicorn/protocols/websockets/websockets_impl.py:17: DeprecationWarning: websockets.server.WebSocketServerProtocol is deprecated
    from websockets.server import WebSocketServerProtocol

test/test_cli_basic.py::TestCLIBasic::test_cli_add_command
  /usr/lib/python3.12/subprocess.py:1127: ResourceWarning: subprocess 785058 is still running
    _warn("subprocess %s is still running" % self.pid,
  Enable tracemalloc to get traceback where the object was allocated.
  See https://docs.pytest.org/en/stable/how-to/capture-warnings.html#resource-warnings for more info.

test/test_cli_basic.py::TestCLIBasic::test_cli_add_command
  /usr/lib/python3.12/unittest/mock.py:2188: ResourceWarning: unclosed file <_io.FileIO name=13 mode='rb' closefd=True>
    def __init__(self, name, parent):
  Enable tracemalloc to get traceback where the object was allocated.
  See https://docs.pytest.org/en/stable/how-to/capture-warnings.html#resource-warnings for more info.

test/test_cli_basic.py::TestCLIBasic::test_cli_add_command
  /usr/lib/python3.12/unittest/mock.py:2188: ResourceWarning: unclosed file <_io.FileIO name=15 mode='rb' closefd=True>
    def __init__(self, name, parent):
  Enable tracemalloc to get traceback where the object was allocated.
  See https://docs.pytest.org/en/stable/how-to/capture-warnings.html#resource-warnings for more info.

test/test_ipfs_core_operations.py::TestIPFSCoreOperations::test_ipfs_daemon_start
  /usr/lib/python3.12/tempfile.py:1075: ResourceWarning: Implicitly cleaning up <TemporaryDirectory '/tmp/tmps701s1so'>
    _warnings.warn(warn_message, ResourceWarning)

test/test_ipfs_core_operations.py::TestIPFSCoreOperations::test_ipfs_daemon_start
  /usr/lib/python3.12/tempfile.py:1075: ResourceWarning: Implicitly cleaning up <TemporaryDirectory '/tmp/tmp9hlaur0_'>
    _warnings.warn(warn_message, ResourceWarning)

test/test_ipfs_core_operations.py::TestIPFSCoreOperations::test_ipfs_daemon_start
  /usr/lib/python3.12/tempfile.py:1075: ResourceWarning: Implicitly cleaning up <TemporaryDirectory '/tmp/tmp3g44v5so'>
    _warnings.warn(warn_message, ResourceWarning)

test/test_ipfs_core_operations.py::TestIPFSCoreOperations::test_ipfs_daemon_start
  /usr/lib/python3.12/tempfile.py:1075: ResourceWarning: Implicitly cleaning up <TemporaryDirectory '/tmp/tmpe5e02dev'>
    _warnings.warn(warn_message, ResourceWarning)

test/test_ipfs_core_operations.py::TestIPFSCoreOperations::test_ipfs_get_config
  /usr/lib/python3.12/tempfile.py:1075: ResourceWarning: Implicitly cleaning up <TemporaryDirectory '/tmp/tmp202zs0dn'>
    _warnings.warn(warn_message, ResourceWarning)

test/test_ipfs_core_operations.py::TestIPFSCoreOperations::test_ipfs_get_config
  /usr/lib/python3.12/tempfile.py:1075: ResourceWarning: Implicitly cleaning up <TemporaryDirectory '/tmp/tmp7rxn7ff_'>
    _warnings.warn(warn_message, ResourceWarning)

test/test_ipfs_core_operations.py::TestIPFSCoreOperations::test_ipfs_get_config
  /usr/lib/python3.12/tempfile.py:1075: ResourceWarning: Implicitly cleaning up <TemporaryDirectory '/tmp/tmpndrm26v9'>
    _warnings.warn(warn_message, ResourceWarning)

test/test_ipfs_core_operations.py::TestIPFSCoreOperations::test_ipfs_get_config
  /usr/lib/python3.12/tempfile.py:1075: ResourceWarning: Implicitly cleaning up <TemporaryDirectory '/tmp/tmptqljko17'>
    _warnings.warn(warn_message, ResourceWarning)

test/test_ipfs_core_operations.py::TestIPFSCoreOperations::test_ipfs_get_config
  /usr/lib/python3.12/tempfile.py:1075: ResourceWarning: Implicitly cleaning up <TemporaryDirectory '/tmp/tmp91qfn08q'>
    _warnings.warn(warn_message, ResourceWarning)

test/test_ipfs_core_operations.py::TestIPFSCoreOperations::test_ipfs_set_config_value
  /usr/lib/python3.12/tempfile.py:1075: ResourceWarning: Implicitly cleaning up <TemporaryDirectory '/tmp/tmpkvjhibtp'>
    _warnings.warn(warn_message, ResourceWarning)

test/test_ipfs_core_operations.py::TestIPFSCoreOperations::test_ipfs_set_config_value
  /usr/lib/python3.12/tempfile.py:1075: ResourceWarning: Implicitly cleaning up <TemporaryDirectory '/tmp/tmppv5xkn9t'>
    _warnings.warn(warn_message, ResourceWarning)

test/test_ipfs_core_operations.py::TestIPFSCoreOperations::test_ipfs_set_config_value
  /usr/lib/python3.12/tempfile.py:1075: ResourceWarning: Implicitly cleaning up <TemporaryDirectory '/tmp/tmpf0u23vs9'>
    _warnings.warn(warn_message, ResourceWarning)

test/test_ipfs_core_operations.py::TestIPFSCoreOperations::test_ipfs_set_config_value
  /usr/lib/python3.12/tempfile.py:1075: ResourceWarning: Implicitly cleaning up <TemporaryDirectory '/tmp/tmp61txrwcl'>
    _warnings.warn(warn_message, ResourceWarning)

test/test_ipfs_core_operations.py::TestIPFSCoreOperations::test_ipfs_set_config_value
  /usr/lib/python3.12/tempfile.py:1075: ResourceWarning: Implicitly cleaning up <TemporaryDirectory '/tmp/tmpdxxxwq1r'>
    _warnings.warn(warn_message, ResourceWarning)

test/test_ipfs_core_operations.py::TestIPFSCoreOperations::test_ipfs_set_config_value
  /usr/lib/python3.12/tempfile.py:1075: ResourceWarning: Implicitly cleaning up <TemporaryDirectory '/tmp/tmpbvfws8ez'>
    _warnings.warn(warn_message, ResourceWarning)

test/test_ipfs_dataloader.py::TestIPFSDataLoader::test_advanced_prefetch_thread_management
  /usr/lib/python3.12/tempfile.py:1075: ResourceWarning: Implicitly cleaning up <TemporaryDirectory '/tmp/tmp1lhc96zo'>
    _warnings.warn(warn_message, ResourceWarning)

test/test_ipfs_dataloader.py::TestIPFSDataLoader::test_advanced_prefetch_thread_management
  /usr/lib/python3.12/tempfile.py:1075: ResourceWarning: Implicitly cleaning up <TemporaryDirectory '/tmp/tmpyh521vic'>
    _warnings.warn(warn_message, ResourceWarning)

test/test_ipfs_dataloader.py::TestIPFSDataLoader::test_advanced_prefetch_thread_management
  /usr/lib/python3.12/tempfile.py:1075: ResourceWarning: Implicitly cleaning up <TemporaryDirectory '/tmp/tmpxcm_ww25'>
    _warnings.warn(warn_message, ResourceWarning)

test/test_ipfs_dataloader.py::TestIPFSDataLoader::test_advanced_prefetch_thread_management
  /usr/lib/python3.12/tempfile.py:1075: ResourceWarning: Implicitly cleaning up <TemporaryDirectory '/tmp/tmpp3a9g9c8'>
    _warnings.warn(warn_message, ResourceWarning)

-- Docs: https://docs.pytest.org/en/stable/how-to/capture-warnings.html
=========================== short test summary info ============================
FAILED test/test_wal_telemetry_api_integration.py::TestWALTelemetryAPIIntegration::test_error_handling
===== 1 failed, 825 passed, 139 skipped, 27 warnings in 110.85s (0:01:50) ======
